#
# There is insufficient memory for the Java Runtime Environment to continue.
# Native memory allocation (mmap) failed to map 328204288 bytes. Error detail: G1 virtual space
# Possible reasons:
#   The system is out of physical RAM or swap space
#   This process is running with CompressedOops enabled, and the Java Heap may be blocking the growth of the native heap
# Possible solutions:
#   Reduce memory load on the system
#   Increase physical memory or swap space
#   Check if swap backing store is full
#   Decrease Java heap size (-Xmx/-Xms)
#   Decrease number of Java threads
#   Decrease Java thread stack sizes (-Xss)
#   Set larger code cache with -XX:ReservedCodeCacheSize=
#   JVM is running with Unscaled Compressed Oops mode in which the Java heap is
#     placed in the first 4GB address space. The Java Heap base address is the
#     maximum limit for the native heap growth. Please use -XX:HeapBaseMinAddress
#     to set the Java Heap base and to place the Java Heap above 4GB virtual address.
# This output file may be truncated or incomplete.
#
#  Out of Memory Error (os_windows.cpp:3815), pid=32800, tid=21068
#
# JRE version: OpenJDK Runtime Environment (21.0.3) (build 21.0.3+-12282718-b509.11)
# Java VM: OpenJDK 64-Bit Server VM (21.0.3+-12282718-b509.11, mixed mode, tiered, compressed oops, compressed class ptrs, g1 gc, windows-amd64)
# No core dump will be written. Minidumps are not enabled by default on client versions of Windows
#

---------------  S U M M A R Y ------------

Command Line: --add-opens=java.base/java.util=ALL-UNNAMED --add-opens=java.base/java.lang=ALL-UNNAMED --add-opens=java.base/java.lang.invoke=ALL-UNNAMED --add-opens=java.prefs/java.util.prefs=ALL-UNNAMED --add-exports=jdk.compiler/com.sun.tools.javac.api=ALL-UNNAMED --add-exports=jdk.compiler/com.sun.tools.javac.util=ALL-UNNAMED --add-opens=java.base/java.nio.charset=ALL-UNNAMED --add-opens=java.base/java.net=ALL-UNNAMED --add-opens=java.base/java.util.concurrent.atomic=ALL-UNNAMED -Xmx2048m -Dfile.encoding=UTF-8 -Duser.country=DE -Duser.language=de -Duser.variant -javaagent:C:\Users\Moritz\.gradle\wrapper\dists\gradle-8.9-bin\90cnw93cvbtalezasaz0blq0a\gradle-8.9\lib\agents\gradle-instrumentation-agent-8.9.jar org.gradle.launcher.daemon.bootstrap.GradleDaemon 8.9

Host: AMD Ryzen 5 7530U with Radeon Graphics         , 12 cores, 7G,  Windows 11 , 64 bit Build 26100 (10.0.26100.2161)
Time: Mon Nov 18 16:39:26 2024 Mitteleuropäische Zeit elapsed time: 31.421430 seconds (0d 0h 0m 31s)

---------------  T H R E A D  ---------------

Current thread (0x0000018dfcc00c20):  VMThread "VM Thread"          [id=21068, stack(0x0000002e4e700000,0x0000002e4e800000) (1024K)]

Stack: [0x0000002e4e700000,0x0000002e4e800000]
Native frames: (J=compiled Java code, j=interpreted, Vv=VM code, C=native code)
V  [jvm.dll+0x6cafb9]
V  [jvm.dll+0x858523]
V  [jvm.dll+0x85aa7e]
V  [jvm.dll+0x85b163]
V  [jvm.dll+0x27d356]
V  [jvm.dll+0x6c7865]
V  [jvm.dll+0x6bbd3a]
V  [jvm.dll+0x35199b]
V  [jvm.dll+0x3595d6]
V  [jvm.dll+0x3aa826]
V  [jvm.dll+0x3aaaf8]
V  [jvm.dll+0x3240bc]
V  [jvm.dll+0x324147]
V  [jvm.dll+0x36a00c]
V  [jvm.dll+0x36879e]
V  [jvm.dll+0x3237c1]
V  [jvm.dll+0x367eb0]
V  [jvm.dll+0x860ac8]
V  [jvm.dll+0x861bc4]
V  [jvm.dll+0x862100]
V  [jvm.dll+0x862393]
V  [jvm.dll+0x800d78]
V  [jvm.dll+0x6c98cd]
C  [ucrtbase.dll+0x14ea0]
C  [KERNEL32.DLL+0x2dbe7]
C  [ntdll.dll+0xdfbec]

VM_Operation (0x0000002e529f9c00): G1CollectForAllocation, mode: safepoint, requested by thread 0x0000018d95f69340


---------------  P R O C E S S  ---------------

Threads class SMR info:
_java_thread_list=0x0000018d95a49610, length=56, elements={
0x0000018df1c95320, 0x0000018dfcc64320, 0x0000018dfcc66d90, 0x0000018dfcc74ca0,
0x0000018dfcc71e40, 0x0000018dfcc7f820, 0x0000018dfcc88290, 0x0000018dfcc9a040,
0x0000018dfcc9e5b0, 0x0000018dfcd89850, 0x0000018dfcfcf610, 0x0000018dfeacc300,
0x0000018dfeb11b50, 0x0000018dfed24030, 0x0000018dfea543a0, 0x0000018dfea54a10,
0x0000018dfecf9d90, 0x0000018dfec796f0, 0x0000018dfec7c4e0, 0x0000018dfec7a410,
0x0000018dfec7aaa0, 0x0000018dfec79d80, 0x0000018dfec7b130, 0x0000018dfec7b7c0,
0x0000018dfec7be50, 0x0000018d939e1d10, 0x0000018d939e23a0, 0x0000018d939e02d0,
0x0000018d939e0ff0, 0x0000018d939e2a30, 0x0000018d939e1680, 0x0000018d939e0960,
0x0000018d939e30c0, 0x0000018d939e3750, 0x0000018dfe003560, 0x0000018dfe004910,
0x0000018dfe005cc0, 0x0000018dfe002840, 0x0000018dfe006350, 0x0000018dfe003bf0,
0x0000018dfe004280, 0x0000018dfe002ed0, 0x0000018dfe007700, 0x0000018dfe0069e0,
0x0000018dfe004fa0, 0x0000018dfe008ab0, 0x0000018dfe005630, 0x0000018dfe009140,
0x0000018dfe0097d0, 0x0000018dfe009e60, 0x0000018d95f65830, 0x0000018d95f67900,
0x0000018d95f66550, 0x0000018d95f67270, 0x0000018d95f651a0, 0x0000018d95f69340
}

Java Threads: ( => current thread )
  0x0000018df1c95320 JavaThread "main"                              [_thread_blocked, id=17872, stack(0x0000002e4e000000,0x0000002e4e100000) (1024K)]
  0x0000018dfcc64320 JavaThread "Reference Handler"          daemon [_thread_blocked, id=9960, stack(0x0000002e4e800000,0x0000002e4e900000) (1024K)]
  0x0000018dfcc66d90 JavaThread "Finalizer"                  daemon [_thread_blocked, id=21384, stack(0x0000002e4e900000,0x0000002e4ea00000) (1024K)]
  0x0000018dfcc74ca0 JavaThread "Signal Dispatcher"          daemon [_thread_blocked, id=28624, stack(0x0000002e4ea00000,0x0000002e4eb00000) (1024K)]
  0x0000018dfcc71e40 JavaThread "Attach Listener"            daemon [_thread_blocked, id=32664, stack(0x0000002e4eb00000,0x0000002e4ec00000) (1024K)]
  0x0000018dfcc7f820 JavaThread "Service Thread"             daemon [_thread_blocked, id=30544, stack(0x0000002e4ec00000,0x0000002e4ed00000) (1024K)]
  0x0000018dfcc88290 JavaThread "Monitor Deflation Thread"   daemon [_thread_blocked, id=9820, stack(0x0000002e4ed00000,0x0000002e4ee00000) (1024K)]
  0x0000018dfcc9a040 JavaThread "C2 CompilerThread0"         daemon [_thread_blocked, id=31528, stack(0x0000002e4ee00000,0x0000002e4ef00000) (1024K)]
  0x0000018dfcc9e5b0 JavaThread "C1 CompilerThread0"         daemon [_thread_blocked, id=23660, stack(0x0000002e4ef00000,0x0000002e4f000000) (1024K)]
  0x0000018dfcd89850 JavaThread "Common-Cleaner"             daemon [_thread_blocked, id=26128, stack(0x0000002e4f000000,0x0000002e4f100000) (1024K)]
  0x0000018dfcfcf610 JavaThread "Notification Thread"        daemon [_thread_blocked, id=13928, stack(0x0000002e4f100000,0x0000002e4f200000) (1024K)]
  0x0000018dfeacc300 JavaThread "Daemon health stats"               [_thread_blocked, id=25824, stack(0x0000002e4f700000,0x0000002e4f800000) (1024K)]
  0x0000018dfeb11b50 JavaThread "Incoming local TCP Connector on port 55798"        [_thread_in_native, id=20868, stack(0x0000002e4f800000,0x0000002e4f900000) (1024K)]
  0x0000018dfed24030 JavaThread "Daemon periodic checks"            [_thread_blocked, id=2272, stack(0x0000002e4f900000,0x0000002e4fa00000) (1024K)]
  0x0000018dfea543a0 JavaThread "Daemon"                            [_thread_blocked, id=16596, stack(0x0000002e4fa00000,0x0000002e4fb00000) (1024K)]
  0x0000018dfea54a10 JavaThread "Handler for socket connection from /127.0.0.1:55798 to /127.0.0.1:55799"        [_thread_in_native, id=25652, stack(0x0000002e4fb00000,0x0000002e4fc00000) (1024K)]
  0x0000018dfecf9d90 JavaThread "Cancel handler"                    [_thread_blocked, id=25288, stack(0x0000002e4f200000,0x0000002e4f300000) (1024K)]
  0x0000018dfec796f0 JavaThread "Daemon worker"                     [_thread_blocked, id=26040, stack(0x0000002e4fc00000,0x0000002e4fd00000) (1024K)]
  0x0000018dfec7c4e0 JavaThread "Asynchronous log dispatcher for DefaultDaemonConnection: socket connection from /127.0.0.1:55798 to /127.0.0.1:55799"        [_thread_blocked, id=24444, stack(0x0000002e4fd00000,0x0000002e4fe00000) (1024K)]
  0x0000018dfec7a410 JavaThread "Stdin handler"                     [_thread_blocked, id=10224, stack(0x0000002e4fe00000,0x0000002e4ff00000) (1024K)]
  0x0000018dfec7aaa0 JavaThread "Daemon client event forwarder"        [_thread_blocked, id=11280, stack(0x0000002e4ff00000,0x0000002e50000000) (1024K)]
  0x0000018dfec79d80 JavaThread "Cache worker for journal cache (C:\Users\Moritz\.gradle\caches\journal-1)"        [_thread_blocked, id=29152, stack(0x0000002e50700000,0x0000002e50800000) (1024K)]
  0x0000018dfec7b130 JavaThread "File lock request listener"        [_thread_in_native, id=19728, stack(0x0000002e50800000,0x0000002e50900000) (1024K)]
  0x0000018dfec7b7c0 JavaThread "Cache worker for file hash cache (C:\Users\Moritz\.gradle\caches\8.9\fileHashes)"        [_thread_blocked, id=26012, stack(0x0000002e50900000,0x0000002e50a00000) (1024K)]
  0x0000018dfec7be50 JavaThread "Cache worker for file hash cache (D:\Repos\calender-app\.gradle\8.9\fileHashes)"        [_thread_blocked, id=32184, stack(0x0000002e50b00000,0x0000002e50c00000) (1024K)]
  0x0000018d939e1d10 JavaThread "Cache worker for Build Output Cleanup Cache (D:\Repos\calender-app\.gradle\buildOutputCleanup)"        [_thread_blocked, id=28404, stack(0x0000002e50c00000,0x0000002e50d00000) (1024K)]
  0x0000018d939e23a0 JavaThread "File watcher server"        daemon [_thread_in_native, id=27040, stack(0x0000002e50d00000,0x0000002e50e00000) (1024K)]
  0x0000018d939e02d0 JavaThread "File watcher consumer"      daemon [_thread_blocked, id=18792, stack(0x0000002e50e00000,0x0000002e50f00000) (1024K)]
  0x0000018d939e0ff0 JavaThread "jar transforms"                    [_thread_blocked, id=13044, stack(0x0000002e50a00000,0x0000002e50b00000) (1024K)]
  0x0000018d939e2a30 JavaThread "jar transforms Thread 2"           [_thread_blocked, id=22316, stack(0x0000002e50f00000,0x0000002e51000000) (1024K)]
  0x0000018d939e1680 JavaThread "jar transforms Thread 3"           [_thread_blocked, id=32872, stack(0x0000002e51000000,0x0000002e51100000) (1024K)]
  0x0000018d939e0960 JavaThread "jar transforms Thread 4"           [_thread_blocked, id=15100, stack(0x0000002e51100000,0x0000002e51200000) (1024K)]
  0x0000018d939e30c0 JavaThread "jar transforms Thread 5"           [_thread_blocked, id=21540, stack(0x0000002e51200000,0x0000002e51300000) (1024K)]
  0x0000018d939e3750 JavaThread "jar transforms Thread 6"           [_thread_blocked, id=9836, stack(0x0000002e51300000,0x0000002e51400000) (1024K)]
  0x0000018dfe003560 JavaThread "jar transforms Thread 7"           [_thread_blocked, id=9104, stack(0x0000002e51400000,0x0000002e51500000) (1024K)]
  0x0000018dfe004910 JavaThread "jar transforms Thread 8"           [_thread_blocked, id=29160, stack(0x0000002e51500000,0x0000002e51600000) (1024K)]
  0x0000018dfe005cc0 JavaThread "jar transforms Thread 9"           [_thread_blocked, id=10552, stack(0x0000002e51600000,0x0000002e51700000) (1024K)]
  0x0000018dfe002840 JavaThread "jar transforms Thread 10"          [_thread_blocked, id=2512, stack(0x0000002e51700000,0x0000002e51800000) (1024K)]
  0x0000018dfe006350 JavaThread "jar transforms Thread 11"          [_thread_blocked, id=4932, stack(0x0000002e51800000,0x0000002e51900000) (1024K)]
  0x0000018dfe003bf0 JavaThread "jar transforms Thread 12"          [_thread_blocked, id=32464, stack(0x0000002e51900000,0x0000002e51a00000) (1024K)]
  0x0000018dfe004280 JavaThread "Cache worker for checksums cache (D:\Repos\calender-app\.gradle\8.9\checksums)"        [_thread_blocked, id=8248, stack(0x0000002e51b00000,0x0000002e51c00000) (1024K)]
  0x0000018dfe002ed0 JavaThread "Cache worker for file content cache (C:\Users\Moritz\.gradle\caches\8.9\fileContent)"        [_thread_blocked, id=9016, stack(0x0000002e51c00000,0x0000002e51d00000) (1024K)]
  0x0000018dfe007700 JavaThread "Cache worker for cache directory md-rule (C:\Users\Moritz\.gradle\caches\8.9\md-rule)"        [_thread_blocked, id=18288, stack(0x0000002e51d00000,0x0000002e51e00000) (1024K)]
  0x0000018dfe0069e0 JavaThread "Cache worker for cache directory md-supplier (C:\Users\Moritz\.gradle\caches\8.9\md-supplier)"        [_thread_blocked, id=3508, stack(0x0000002e51e00000,0x0000002e51f00000) (1024K)]
  0x0000018dfe004fa0 JavaThread "Unconstrained build operations"        [_thread_blocked, id=19288, stack(0x0000002e52000000,0x0000002e52100000) (1024K)]
  0x0000018dfe008ab0 JavaThread "Unconstrained build operations Thread 2"        [_thread_blocked, id=22372, stack(0x0000002e52100000,0x0000002e52200000) (1024K)]
  0x0000018dfe005630 JavaThread "Unconstrained build operations Thread 3"        [_thread_blocked, id=6444, stack(0x0000002e52200000,0x0000002e52300000) (1024K)]
  0x0000018dfe009140 JavaThread "Unconstrained build operations Thread 4"        [_thread_blocked, id=32196, stack(0x0000002e52300000,0x0000002e52400000) (1024K)]
  0x0000018dfe0097d0 JavaThread "Unconstrained build operations Thread 5"        [_thread_blocked, id=21328, stack(0x0000002e51a00000,0x0000002e51b00000) (1024K)]
  0x0000018dfe009e60 JavaThread "Unconstrained build operations Thread 6"        [_thread_blocked, id=11848, stack(0x0000002e51f00000,0x0000002e52000000) (1024K)]
  0x0000018d95f65830 JavaThread "Unconstrained build operations Thread 7"        [_thread_blocked, id=31912, stack(0x0000002e52400000,0x0000002e52500000) (1024K)]
  0x0000018d95f67900 JavaThread "Unconstrained build operations Thread 8"        [_thread_blocked, id=23500, stack(0x0000002e52500000,0x0000002e52600000) (1024K)]
  0x0000018d95f66550 JavaThread "Unconstrained build operations Thread 9"        [_thread_blocked, id=19244, stack(0x0000002e52600000,0x0000002e52700000) (1024K)]
  0x0000018d95f67270 JavaThread "Unconstrained build operations Thread 10"        [_thread_blocked, id=8620, stack(0x0000002e52700000,0x0000002e52800000) (1024K)]
  0x0000018d95f651a0 JavaThread "Unconstrained build operations Thread 11"        [_thread_blocked, id=24716, stack(0x0000002e52800000,0x0000002e52900000) (1024K)]
  0x0000018d95f69340 JavaThread "Unconstrained build operations Thread 12"        [_thread_blocked, id=24096, stack(0x0000002e52900000,0x0000002e52a00000) (1024K)]
Total: 56

Other Threads:
=>0x0000018dfcc00c20 VMThread "VM Thread"                           [id=21068, stack(0x0000002e4e700000,0x0000002e4e800000) (1024K)]
  0x0000018dfca37020 WatcherThread "VM Periodic Task Thread"        [id=27244, stack(0x0000002e4e600000,0x0000002e4e700000) (1024K)]
  0x0000018df3fd2c10 WorkerThread "GC Thread#0"                     [id=31760, stack(0x0000002e4e100000,0x0000002e4e200000) (1024K)]
  0x0000018dfd6c3e70 WorkerThread "GC Thread#1"                     [id=15200, stack(0x0000002e4f300000,0x0000002e4f400000) (1024K)]
  0x0000018dfd6a9920 WorkerThread "GC Thread#2"                     [id=16812, stack(0x0000002e4f400000,0x0000002e4f500000) (1024K)]
  0x0000018dfd317c70 WorkerThread "GC Thread#3"                     [id=33540, stack(0x0000002e4f500000,0x0000002e4f600000) (1024K)]
  0x0000018dfdc10c70 WorkerThread "GC Thread#4"                     [id=26508, stack(0x0000002e4f600000,0x0000002e4f700000) (1024K)]
  0x0000018dfe8eb4a0 WorkerThread "GC Thread#5"                     [id=27556, stack(0x0000002e50000000,0x0000002e50100000) (1024K)]
  0x0000018dfea3ee80 WorkerThread "GC Thread#6"                     [id=29580, stack(0x0000002e50100000,0x0000002e50200000) (1024K)]
  0x0000018dfec88070 WorkerThread "GC Thread#7"                     [id=4068, stack(0x0000002e50200000,0x0000002e50300000) (1024K)]
  0x0000018dfec99be0 WorkerThread "GC Thread#8"                     [id=27364, stack(0x0000002e50300000,0x0000002e50400000) (1024K)]
  0x0000018dfecbf0b0 WorkerThread "GC Thread#9"                     [id=3716, stack(0x0000002e50400000,0x0000002e50500000) (1024K)]
  0x0000018df3fe3dd0 ConcurrentGCThread "G1 Main Marker"            [id=19780, stack(0x0000002e4e200000,0x0000002e4e300000) (1024K)]
  0x0000018df3fe5350 WorkerThread "G1 Conc#0"                       [id=27248, stack(0x0000002e4e300000,0x0000002e4e400000) (1024K)]
  0x0000018dfecbe230 WorkerThread "G1 Conc#1"                       [id=25052, stack(0x0000002e50500000,0x0000002e50600000) (1024K)]
  0x0000018dfecbd750 WorkerThread "G1 Conc#2"                       [id=7784, stack(0x0000002e50600000,0x0000002e50700000) (1024K)]
  0x0000018dfc90c540 ConcurrentGCThread "G1 Refine#0"               [id=30068, stack(0x0000002e4e400000,0x0000002e4e500000) (1024K)]
  0x0000018df403e540 ConcurrentGCThread "G1 Service"                [id=5488, stack(0x0000002e4e500000,0x0000002e4e600000) (1024K)]
Total: 18

Threads with active compile tasks:
C2 CompilerThread0    31484 8716       4       sun.nio.ch.IOUtil::write (14 bytes)
Total: 1

VM state: at safepoint (normal execution)

VM Mutex/Monitor currently owned by a thread:  ([mutex/lock_event])
[0x00007ff858cc20c8] Threads_lock - owner thread: 0x0000018dfcc00c20
[0x00007ff858cc21c8] Heap_lock - owner thread: 0x0000018d95f69340

Heap address: 0x0000000080000000, size: 2048 MB, Compressed Oops mode: 32-bit

CDS archive(s) not mapped
Compressed class space mapped at: 0x0000000100000000-0x0000000140000000, reserved size: 1073741824
Narrow klass base: 0x0000000000000000, Narrow klass shift: 3, Narrow klass range: 0x140000000

GC Precious Log:
 CardTable entry size: 512
 Card Set container configuration: InlinePtr #cards 5 size 8 Array Of Cards #cards 12 size 40 Howl #buckets 4 coarsen threshold 1843 Howl Bitmap #cards 512 size 80 coarsen threshold 460 Card regions per heap region 1 cards per card region 2048
 CPUs: 12 total, 12 available
 Memory: 7532M
 Large Page Support: Disabled
 NUMA Support: Disabled
 Compressed Oops: Enabled (32-bit)
 Heap Region Size: 1M
 Heap Min Capacity: 8M
 Heap Initial Capacity: 118M
 Heap Max Capacity: 2G
 Pre-touch: Disabled
 Parallel Workers: 10
 Concurrent Workers: 3
 Concurrent Refinement Workers: 10
 Periodic GC: Disabled

Heap:
 garbage-first heap   total 215040K, used 114339K [0x0000000080000000, 0x0000000100000000)
  region size 1024K, 9 young (9216K), 9 survivors (9216K)
 Metaspace       used 64190K, committed 65664K, reserved 1114112K
  class space    used 8761K, committed 9472K, reserved 1048576K

Heap Regions: E=young(eden), S=young(survivor), O=old, HS=humongous(starts), HC=humongous(continues), CS=collection set, F=free, TAMS=top-at-mark-start, PB=parsable bottom
|   0|0x0000000080000000, 0x0000000080100000, 0x0000000080100000|100%|HS|  |TAMS 0x0000000080000000| PB 0x0000000080000000| Complete 
|   1|0x0000000080100000, 0x0000000080200000, 0x0000000080200000|100%|HC|  |TAMS 0x0000000080100000| PB 0x0000000080100000| Complete 
|   2|0x0000000080200000, 0x0000000080300000, 0x0000000080300000|100%|HC|  |TAMS 0x0000000080200000| PB 0x0000000080200000| Complete 
|   3|0x0000000080300000, 0x0000000080400000, 0x0000000080400000|100%|HC|  |TAMS 0x0000000080300000| PB 0x0000000080300000| Complete 
|   4|0x0000000080400000, 0x0000000080500000, 0x0000000080500000|100%| O|  |TAMS 0x0000000080400000| PB 0x0000000080400000| Untracked 
|   5|0x0000000080500000, 0x0000000080600000, 0x0000000080600000|100%| O|  |TAMS 0x0000000080500000| PB 0x0000000080500000| Untracked 
|   6|0x0000000080600000, 0x0000000080700000, 0x0000000080700000|100%| O|  |TAMS 0x0000000080600000| PB 0x0000000080600000| Untracked 
|   7|0x0000000080700000, 0x0000000080800000, 0x0000000080800000|100%| O|  |TAMS 0x0000000080700000| PB 0x0000000080700000| Untracked 
|   8|0x0000000080800000, 0x0000000080900000, 0x0000000080900000|100%| O|  |TAMS 0x0000000080800000| PB 0x0000000080800000| Untracked 
|   9|0x0000000080900000, 0x0000000080a00000, 0x0000000080a00000|100%| O|  |TAMS 0x0000000080900000| PB 0x0000000080900000| Untracked 
|  10|0x0000000080a00000, 0x0000000080b00000, 0x0000000080b00000|100%|HS|  |TAMS 0x0000000080a00000| PB 0x0000000080a00000| Complete 
|  11|0x0000000080b00000, 0x0000000080c00000, 0x0000000080c00000|100%|HS|  |TAMS 0x0000000080b00000| PB 0x0000000080b00000| Complete 
|  12|0x0000000080c00000, 0x0000000080d00000, 0x0000000080d00000|100%|HS|  |TAMS 0x0000000080c00000| PB 0x0000000080c00000| Complete 
|  13|0x0000000080d00000, 0x0000000080e00000, 0x0000000080e00000|100%|HC|  |TAMS 0x0000000080d00000| PB 0x0000000080d00000| Complete 
|  14|0x0000000080e00000, 0x0000000080f00000, 0x0000000080f00000|100%|HC|  |TAMS 0x0000000080e00000| PB 0x0000000080e00000| Complete 
|  15|0x0000000080f00000, 0x0000000081000000, 0x0000000081000000|100%|HC|  |TAMS 0x0000000080f00000| PB 0x0000000080f00000| Complete 
|  16|0x0000000081000000, 0x0000000081100000, 0x0000000081100000|100%|HC|  |TAMS 0x0000000081000000| PB 0x0000000081000000| Complete 
|  17|0x0000000081100000, 0x0000000081200000, 0x0000000081200000|100%|HC|  |TAMS 0x0000000081100000| PB 0x0000000081100000| Complete 
|  18|0x0000000081200000, 0x0000000081300000, 0x0000000081300000|100%|HS|  |TAMS 0x0000000081200000| PB 0x0000000081200000| Complete 
|  19|0x0000000081300000, 0x0000000081400000, 0x0000000081400000|100%|HC|  |TAMS 0x0000000081300000| PB 0x0000000081300000| Complete 
|  20|0x0000000081400000, 0x0000000081500000, 0x0000000081500000|100%|HC|  |TAMS 0x0000000081400000| PB 0x0000000081400000| Complete 
|  21|0x0000000081500000, 0x0000000081600000, 0x0000000081600000|100%|HS|  |TAMS 0x0000000081500000| PB 0x0000000081500000| Complete 
|  22|0x0000000081600000, 0x0000000081700000, 0x0000000081700000|100%|HC|  |TAMS 0x0000000081600000| PB 0x0000000081600000| Complete 
|  23|0x0000000081700000, 0x0000000081800000, 0x0000000081800000|100%| O|  |TAMS 0x0000000081700000| PB 0x0000000081700000| Untracked 
|  24|0x0000000081800000, 0x0000000081900000, 0x0000000081900000|100%| O|  |TAMS 0x0000000081800000| PB 0x0000000081800000| Untracked 
|  25|0x0000000081900000, 0x0000000081a00000, 0x0000000081a00000|100%| O|  |TAMS 0x0000000081900000| PB 0x0000000081900000| Untracked 
|  26|0x0000000081a00000, 0x0000000081b00000, 0x0000000081b00000|100%| O|  |TAMS 0x0000000081a00000| PB 0x0000000081a00000| Untracked 
|  27|0x0000000081b00000, 0x0000000081c00000, 0x0000000081c00000|100%| O|  |TAMS 0x0000000081b00000| PB 0x0000000081b00000| Untracked 
|  28|0x0000000081c00000, 0x0000000081d00000, 0x0000000081d00000|100%| O|  |TAMS 0x0000000081c00000| PB 0x0000000081c00000| Untracked 
|  29|0x0000000081d00000, 0x0000000081e00000, 0x0000000081e00000|100%| O|  |TAMS 0x0000000081d00000| PB 0x0000000081d00000| Untracked 
|  30|0x0000000081e00000, 0x0000000081f00000, 0x0000000081f00000|100%| O|  |TAMS 0x0000000081e00000| PB 0x0000000081e00000| Untracked 
|  31|0x0000000081f00000, 0x0000000082000000, 0x0000000082000000|100%| O|  |TAMS 0x0000000081f00000| PB 0x0000000081f00000| Untracked 
|  32|0x0000000082000000, 0x0000000082100000, 0x0000000082100000|100%| O|  |TAMS 0x0000000082000000| PB 0x0000000082000000| Untracked 
|  33|0x0000000082100000, 0x0000000082200000, 0x0000000082200000|100%| O|  |TAMS 0x0000000082100000| PB 0x0000000082100000| Untracked 
|  34|0x0000000082200000, 0x0000000082300000, 0x0000000082300000|100%| O|  |TAMS 0x0000000082200000| PB 0x0000000082200000| Untracked 
|  35|0x0000000082300000, 0x0000000082400000, 0x0000000082400000|100%| O|  |TAMS 0x0000000082300000| PB 0x0000000082300000| Untracked 
|  36|0x0000000082400000, 0x0000000082500000, 0x0000000082500000|100%| O|  |TAMS 0x0000000082400000| PB 0x0000000082400000| Untracked 
|  37|0x0000000082500000, 0x0000000082600000, 0x0000000082600000|100%| O|  |TAMS 0x0000000082500000| PB 0x0000000082500000| Untracked 
|  38|0x0000000082600000, 0x0000000082700000, 0x0000000082700000|100%| O|  |TAMS 0x0000000082600000| PB 0x0000000082600000| Untracked 
|  39|0x0000000082700000, 0x0000000082700000, 0x0000000082800000|  0%| F|  |TAMS 0x0000000082700000| PB 0x0000000082700000| Untracked 
|  40|0x0000000082800000, 0x0000000082900000, 0x0000000082900000|100%| O|  |TAMS 0x0000000082800000| PB 0x0000000082800000| Untracked 
|  41|0x0000000082900000, 0x0000000082a00000, 0x0000000082a00000|100%| O|  |TAMS 0x0000000082900000| PB 0x0000000082900000| Untracked 
|  42|0x0000000082a00000, 0x0000000082b00000, 0x0000000082b00000|100%| O|  |TAMS 0x0000000082a00000| PB 0x0000000082a00000| Untracked 
|  43|0x0000000082b00000, 0x0000000082c00000, 0x0000000082c00000|100%| O|  |TAMS 0x0000000082b00000| PB 0x0000000082b00000| Untracked 
|  44|0x0000000082c00000, 0x0000000082d00000, 0x0000000082d00000|100%| O|  |TAMS 0x0000000082c00000| PB 0x0000000082c00000| Untracked 
|  45|0x0000000082d00000, 0x0000000082e00000, 0x0000000082e00000|100%| O|  |TAMS 0x0000000082d00000| PB 0x0000000082d00000| Untracked 
|  46|0x0000000082e00000, 0x0000000082f00000, 0x0000000082f00000|100%| O|  |TAMS 0x0000000082e00000| PB 0x0000000082e00000| Untracked 
|  47|0x0000000082f00000, 0x0000000083000000, 0x0000000083000000|100%| O|  |TAMS 0x0000000082f00000| PB 0x0000000082f00000| Untracked 
|  48|0x0000000083000000, 0x0000000083100000, 0x0000000083100000|100%| O|  |TAMS 0x0000000083000000| PB 0x0000000083000000| Untracked 
|  49|0x0000000083100000, 0x0000000083200000, 0x0000000083200000|100%| O|  |TAMS 0x0000000083100000| PB 0x0000000083100000| Untracked 
|  50|0x0000000083200000, 0x0000000083300000, 0x0000000083300000|100%| O|  |TAMS 0x0000000083200000| PB 0x0000000083200000| Untracked 
|  51|0x0000000083300000, 0x0000000083400000, 0x0000000083400000|100%|HS|  |TAMS 0x0000000083300000| PB 0x0000000083300000| Complete 
|  52|0x0000000083400000, 0x0000000083500000, 0x0000000083500000|100%| O|  |TAMS 0x0000000083400000| PB 0x0000000083400000| Untracked 
|  53|0x0000000083500000, 0x0000000083600000, 0x0000000083600000|100%| O|  |TAMS 0x0000000083500000| PB 0x0000000083500000| Untracked 
|  54|0x0000000083600000, 0x0000000083700000, 0x0000000083700000|100%|HS|  |TAMS 0x0000000083600000| PB 0x0000000083600000| Complete 
|  55|0x0000000083700000, 0x0000000083800000, 0x0000000083800000|100%|HC|  |TAMS 0x0000000083700000| PB 0x0000000083700000| Complete 
|  56|0x0000000083800000, 0x0000000083900000, 0x0000000083900000|100%| O|  |TAMS 0x0000000083800000| PB 0x0000000083800000| Untracked 
|  57|0x0000000083900000, 0x0000000083a00000, 0x0000000083a00000|100%| O|  |TAMS 0x0000000083900000| PB 0x0000000083900000| Untracked 
|  58|0x0000000083a00000, 0x0000000083b00000, 0x0000000083b00000|100%| O|  |TAMS 0x0000000083a00000| PB 0x0000000083a00000| Untracked 
|  59|0x0000000083b00000, 0x0000000083c00000, 0x0000000083c00000|100%| O|  |TAMS 0x0000000083b00000| PB 0x0000000083b00000| Untracked 
|  60|0x0000000083c00000, 0x0000000083d00000, 0x0000000083d00000|100%| O|  |TAMS 0x0000000083c00000| PB 0x0000000083c00000| Untracked 
|  61|0x0000000083d00000, 0x0000000083e00000, 0x0000000083e00000|100%| O|  |TAMS 0x0000000083d00000| PB 0x0000000083d00000| Untracked 
|  62|0x0000000083e00000, 0x0000000083f00000, 0x0000000083f00000|100%| O|  |TAMS 0x0000000083e00000| PB 0x0000000083e00000| Untracked 
|  63|0x0000000083f00000, 0x0000000084000000, 0x0000000084000000|100%| O|  |TAMS 0x0000000083f00000| PB 0x0000000083f00000| Untracked 
|  64|0x0000000084000000, 0x0000000084100000, 0x0000000084100000|100%| O|  |TAMS 0x0000000084000000| PB 0x0000000084000000| Untracked 
|  65|0x0000000084100000, 0x0000000084200000, 0x0000000084200000|100%| O|  |TAMS 0x0000000084100000| PB 0x0000000084100000| Untracked 
|  66|0x0000000084200000, 0x0000000084300000, 0x0000000084300000|100%| O|  |TAMS 0x0000000084200000| PB 0x0000000084200000| Untracked 
|  67|0x0000000084300000, 0x0000000084400000, 0x0000000084400000|100%| O|  |TAMS 0x0000000084300000| PB 0x0000000084300000| Untracked 
|  68|0x0000000084400000, 0x0000000084500000, 0x0000000084500000|100%| O|  |TAMS 0x0000000084400000| PB 0x0000000084400000| Untracked 
|  69|0x0000000084500000, 0x0000000084600000, 0x0000000084600000|100%| O|  |TAMS 0x0000000084500000| PB 0x0000000084500000| Untracked 
|  70|0x0000000084600000, 0x0000000084700000, 0x0000000084700000|100%| O|  |TAMS 0x0000000084600000| PB 0x0000000084600000| Untracked 
|  71|0x0000000084700000, 0x0000000084800000, 0x0000000084800000|100%| O|  |TAMS 0x0000000084700000| PB 0x0000000084700000| Untracked 
|  72|0x0000000084800000, 0x0000000084900000, 0x0000000084900000|100%| O|  |TAMS 0x0000000084800000| PB 0x0000000084800000| Untracked 
|  73|0x0000000084900000, 0x0000000084a00000, 0x0000000084a00000|100%| O|  |TAMS 0x0000000084900000| PB 0x0000000084900000| Untracked 
|  74|0x0000000084a00000, 0x0000000084a00000, 0x0000000084b00000|  0%| F|  |TAMS 0x0000000084a00000| PB 0x0000000084a00000| Untracked 
|  75|0x0000000084b00000, 0x0000000084b00000, 0x0000000084c00000|  0%| F|  |TAMS 0x0000000084b00000| PB 0x0000000084b00000| Untracked 
|  76|0x0000000084c00000, 0x0000000084c00000, 0x0000000084d00000|  0%| F|  |TAMS 0x0000000084c00000| PB 0x0000000084c00000| Untracked 
|  77|0x0000000084d00000, 0x0000000084d00000, 0x0000000084e00000|  0%| F|  |TAMS 0x0000000084d00000| PB 0x0000000084d00000| Untracked 
|  78|0x0000000084e00000, 0x0000000084e00000, 0x0000000084f00000|  0%| F|  |TAMS 0x0000000084e00000| PB 0x0000000084e00000| Untracked 
|  79|0x0000000084f00000, 0x0000000084f00000, 0x0000000085000000|  0%| F|  |TAMS 0x0000000084f00000| PB 0x0000000084f00000| Untracked 
|  80|0x0000000085000000, 0x0000000085100000, 0x0000000085100000|100%| O|  |TAMS 0x0000000085000000| PB 0x0000000085000000| Untracked 
|  81|0x0000000085100000, 0x0000000085200000, 0x0000000085200000|100%| O|  |TAMS 0x0000000085100000| PB 0x0000000085100000| Untracked 
|  82|0x0000000085200000, 0x0000000085300000, 0x0000000085300000|100%| O|  |TAMS 0x0000000085200000| PB 0x0000000085200000| Untracked 
|  83|0x0000000085300000, 0x0000000085400000, 0x0000000085400000|100%| O|  |TAMS 0x0000000085300000| PB 0x0000000085300000| Untracked 
|  84|0x0000000085400000, 0x0000000085500000, 0x0000000085500000|100%| O|  |TAMS 0x0000000085400000| PB 0x0000000085400000| Untracked 
|  85|0x0000000085500000, 0x0000000085600000, 0x0000000085600000|100%| O|  |TAMS 0x0000000085500000| PB 0x0000000085500000| Untracked 
|  86|0x0000000085600000, 0x0000000085700000, 0x0000000085700000|100%| O|  |TAMS 0x0000000085600000| PB 0x0000000085600000| Untracked 
|  87|0x0000000085700000, 0x0000000085800000, 0x0000000085800000|100%| O|  |TAMS 0x0000000085700000| PB 0x0000000085700000| Untracked 
|  88|0x0000000085800000, 0x0000000085900000, 0x0000000085900000|100%| O|  |TAMS 0x0000000085800000| PB 0x0000000085800000| Untracked 
|  89|0x0000000085900000, 0x0000000085a00000, 0x0000000085a00000|100%|HS|  |TAMS 0x0000000085900000| PB 0x0000000085900000| Complete 
|  90|0x0000000085a00000, 0x0000000085b00000, 0x0000000085b00000|100%| O|  |TAMS 0x0000000085a00000| PB 0x0000000085a00000| Untracked 
|  91|0x0000000085b00000, 0x0000000085c00000, 0x0000000085c00000|100%| O|  |TAMS 0x0000000085b00000| PB 0x0000000085b00000| Untracked 
|  92|0x0000000085c00000, 0x0000000085d00000, 0x0000000085d00000|100%| O|  |TAMS 0x0000000085c00000| PB 0x0000000085c00000| Untracked 
|  93|0x0000000085d00000, 0x0000000085e00000, 0x0000000085e00000|100%| O|  |TAMS 0x0000000085d00000| PB 0x0000000085d00000| Untracked 
|  94|0x0000000085e00000, 0x0000000085f00000, 0x0000000085f00000|100%| O|  |TAMS 0x0000000085e00000| PB 0x0000000085e00000| Untracked 
|  95|0x0000000085f00000, 0x0000000086000000, 0x0000000086000000|100%| O|  |TAMS 0x0000000085f00000| PB 0x0000000085f00000| Untracked 
|  96|0x0000000086000000, 0x0000000086100000, 0x0000000086100000|100%| O|  |TAMS 0x0000000086000000| PB 0x0000000086000000| Untracked 
|  97|0x0000000086100000, 0x0000000086200000, 0x0000000086200000|100%| O|  |TAMS 0x0000000086100000| PB 0x0000000086100000| Untracked 
|  98|0x0000000086200000, 0x00000000862a8e20, 0x0000000086300000| 65%| O|  |TAMS 0x0000000086200000| PB 0x0000000086200000| Untracked 
|  99|0x0000000086300000, 0x0000000086300000, 0x0000000086400000|  0%| F|  |TAMS 0x0000000086300000| PB 0x0000000086300000| Untracked 
| 100|0x0000000086400000, 0x0000000086400000, 0x0000000086500000|  0%| F|  |TAMS 0x0000000086400000| PB 0x0000000086400000| Untracked 
| 101|0x0000000086500000, 0x0000000086500000, 0x0000000086600000|  0%| F|  |TAMS 0x0000000086500000| PB 0x0000000086500000| Untracked 
| 102|0x0000000086600000, 0x0000000086600000, 0x0000000086700000|  0%| F|  |TAMS 0x0000000086600000| PB 0x0000000086600000| Untracked 
| 103|0x0000000086700000, 0x0000000086700000, 0x0000000086800000|  0%| F|  |TAMS 0x0000000086700000| PB 0x0000000086700000| Untracked 
| 104|0x0000000086800000, 0x0000000086800000, 0x0000000086900000|  0%| F|  |TAMS 0x0000000086800000| PB 0x0000000086800000| Untracked 
| 105|0x0000000086900000, 0x0000000086900000, 0x0000000086a00000|  0%| F|  |TAMS 0x0000000086900000| PB 0x0000000086900000| Untracked 
| 106|0x0000000086a00000, 0x0000000086a00000, 0x0000000086b00000|  0%| F|  |TAMS 0x0000000086a00000| PB 0x0000000086a00000| Untracked 
| 107|0x0000000086b00000, 0x0000000086b00000, 0x0000000086c00000|  0%| F|  |TAMS 0x0000000086b00000| PB 0x0000000086b00000| Untracked 
| 108|0x0000000086c00000, 0x0000000086c00000, 0x0000000086d00000|  0%| F|  |TAMS 0x0000000086c00000| PB 0x0000000086c00000| Untracked 
| 109|0x0000000086d00000, 0x0000000086d00000, 0x0000000086e00000|  0%| F|  |TAMS 0x0000000086d00000| PB 0x0000000086d00000| Untracked 
| 110|0x0000000086e00000, 0x0000000086e00000, 0x0000000086f00000|  0%| F|  |TAMS 0x0000000086e00000| PB 0x0000000086e00000| Untracked 
| 111|0x0000000086f00000, 0x0000000086f00000, 0x0000000087000000|  0%| F|  |TAMS 0x0000000086f00000| PB 0x0000000086f00000| Untracked 
| 112|0x0000000087000000, 0x0000000087000000, 0x0000000087100000|  0%| F|  |TAMS 0x0000000087000000| PB 0x0000000087000000| Untracked 
| 113|0x0000000087100000, 0x0000000087100000, 0x0000000087200000|  0%| F|  |TAMS 0x0000000087100000| PB 0x0000000087100000| Untracked 
| 114|0x0000000087200000, 0x0000000087200000, 0x0000000087300000|  0%| F|  |TAMS 0x0000000087200000| PB 0x0000000087200000| Untracked 
| 115|0x0000000087300000, 0x0000000087300000, 0x0000000087400000|  0%| F|  |TAMS 0x0000000087300000| PB 0x0000000087300000| Untracked 
| 116|0x0000000087400000, 0x0000000087400000, 0x0000000087500000|  0%| F|  |TAMS 0x0000000087400000| PB 0x0000000087400000| Untracked 
| 117|0x0000000087500000, 0x0000000087500000, 0x0000000087600000|  0%| F|  |TAMS 0x0000000087500000| PB 0x0000000087500000| Untracked 
| 118|0x0000000087600000, 0x0000000087600000, 0x0000000087700000|  0%| F|  |TAMS 0x0000000087600000| PB 0x0000000087600000| Untracked 
| 119|0x0000000087700000, 0x0000000087700000, 0x0000000087800000|  0%| F|  |TAMS 0x0000000087700000| PB 0x0000000087700000| Untracked 
| 120|0x0000000087800000, 0x0000000087800000, 0x0000000087900000|  0%| F|  |TAMS 0x0000000087800000| PB 0x0000000087800000| Untracked 
| 121|0x0000000087900000, 0x0000000087a00000, 0x0000000087a00000|100%| S|CS|TAMS 0x0000000087900000| PB 0x0000000087900000| Complete 
| 122|0x0000000087a00000, 0x0000000087b00000, 0x0000000087b00000|100%| S|CS|TAMS 0x0000000087a00000| PB 0x0000000087a00000| Complete 
| 123|0x0000000087b00000, 0x0000000087c00000, 0x0000000087c00000|100%| S|CS|TAMS 0x0000000087b00000| PB 0x0000000087b00000| Complete 
| 124|0x0000000087c00000, 0x0000000087d00000, 0x0000000087d00000|100%| S|CS|TAMS 0x0000000087c00000| PB 0x0000000087c00000| Complete 
| 125|0x0000000087d00000, 0x0000000087e00000, 0x0000000087e00000|100%| S|CS|TAMS 0x0000000087d00000| PB 0x0000000087d00000| Complete 
| 126|0x0000000087e00000, 0x0000000087f00000, 0x0000000087f00000|100%| S|CS|TAMS 0x0000000087e00000| PB 0x0000000087e00000| Complete 
| 127|0x0000000087f00000, 0x0000000088000000, 0x0000000088000000|100%| S|CS|TAMS 0x0000000087f00000| PB 0x0000000087f00000| Complete 
| 128|0x0000000088000000, 0x0000000088100000, 0x0000000088100000|100%| S|CS|TAMS 0x0000000088000000| PB 0x0000000088000000| Complete 
| 129|0x0000000088100000, 0x0000000088200000, 0x0000000088200000|100%| S|CS|TAMS 0x0000000088100000| PB 0x0000000088100000| Complete 
| 130|0x0000000088200000, 0x0000000088200000, 0x0000000088300000|  0%| F|  |TAMS 0x0000000088200000| PB 0x0000000088200000| Untracked 
| 131|0x0000000088300000, 0x0000000088300000, 0x0000000088400000|  0%| F|  |TAMS 0x0000000088300000| PB 0x0000000088300000| Untracked 
| 132|0x0000000088400000, 0x0000000088400000, 0x0000000088500000|  0%| F|  |TAMS 0x0000000088400000| PB 0x0000000088400000| Untracked 
| 133|0x0000000088500000, 0x0000000088500000, 0x0000000088600000|  0%| F|  |TAMS 0x0000000088500000| PB 0x0000000088500000| Untracked 
| 134|0x0000000088600000, 0x0000000088600000, 0x0000000088700000|  0%| F|  |TAMS 0x0000000088600000| PB 0x0000000088600000| Untracked 
| 135|0x0000000088700000, 0x0000000088700000, 0x0000000088800000|  0%| F|  |TAMS 0x0000000088700000| PB 0x0000000088700000| Untracked 
| 136|0x0000000088800000, 0x0000000088800000, 0x0000000088900000|  0%| F|  |TAMS 0x0000000088800000| PB 0x0000000088800000| Untracked 
| 137|0x0000000088900000, 0x0000000088900000, 0x0000000088a00000|  0%| F|  |TAMS 0x0000000088900000| PB 0x0000000088900000| Untracked 
| 138|0x0000000088a00000, 0x0000000088a00000, 0x0000000088b00000|  0%| F|  |TAMS 0x0000000088a00000| PB 0x0000000088a00000| Untracked 
| 139|0x0000000088b00000, 0x0000000088b00000, 0x0000000088c00000|  0%| F|  |TAMS 0x0000000088b00000| PB 0x0000000088b00000| Untracked 
| 140|0x0000000088c00000, 0x0000000088c00000, 0x0000000088d00000|  0%| F|  |TAMS 0x0000000088c00000| PB 0x0000000088c00000| Untracked 
| 141|0x0000000088d00000, 0x0000000088d00000, 0x0000000088e00000|  0%| F|  |TAMS 0x0000000088d00000| PB 0x0000000088d00000| Untracked 
| 142|0x0000000088e00000, 0x0000000088e00000, 0x0000000088f00000|  0%| F|  |TAMS 0x0000000088e00000| PB 0x0000000088e00000| Untracked 
| 143|0x0000000088f00000, 0x0000000088f00000, 0x0000000089000000|  0%| F|  |TAMS 0x0000000088f00000| PB 0x0000000088f00000| Untracked 
| 144|0x0000000089000000, 0x0000000089000000, 0x0000000089100000|  0%| F|  |TAMS 0x0000000089000000| PB 0x0000000089000000| Untracked 
| 145|0x0000000089100000, 0x0000000089100000, 0x0000000089200000|  0%| F|  |TAMS 0x0000000089100000| PB 0x0000000089100000| Untracked 
| 146|0x0000000089200000, 0x0000000089200000, 0x0000000089300000|  0%| F|  |TAMS 0x0000000089200000| PB 0x0000000089200000| Untracked 
| 147|0x0000000089300000, 0x0000000089300000, 0x0000000089400000|  0%| F|  |TAMS 0x0000000089300000| PB 0x0000000089300000| Untracked 
| 148|0x0000000089400000, 0x0000000089400000, 0x0000000089500000|  0%| F|  |TAMS 0x0000000089400000| PB 0x0000000089400000| Untracked 
| 149|0x0000000089500000, 0x0000000089500000, 0x0000000089600000|  0%| F|  |TAMS 0x0000000089500000| PB 0x0000000089500000| Untracked 
| 150|0x0000000089600000, 0x0000000089600000, 0x0000000089700000|  0%| F|  |TAMS 0x0000000089600000| PB 0x0000000089600000| Untracked 
| 151|0x0000000089700000, 0x0000000089700000, 0x0000000089800000|  0%| F|  |TAMS 0x0000000089700000| PB 0x0000000089700000| Untracked 
| 152|0x0000000089800000, 0x0000000089800000, 0x0000000089900000|  0%| F|  |TAMS 0x0000000089800000| PB 0x0000000089800000| Untracked 
| 153|0x0000000089900000, 0x0000000089900000, 0x0000000089a00000|  0%| F|  |TAMS 0x0000000089900000| PB 0x0000000089900000| Untracked 
| 154|0x0000000089a00000, 0x0000000089a00000, 0x0000000089b00000|  0%| F|  |TAMS 0x0000000089a00000| PB 0x0000000089a00000| Untracked 
| 155|0x0000000089b00000, 0x0000000089b00000, 0x0000000089c00000|  0%| F|  |TAMS 0x0000000089b00000| PB 0x0000000089b00000| Untracked 
| 156|0x0000000089c00000, 0x0000000089c00000, 0x0000000089d00000|  0%| F|  |TAMS 0x0000000089c00000| PB 0x0000000089c00000| Untracked 
| 157|0x0000000089d00000, 0x0000000089d00000, 0x0000000089e00000|  0%| F|  |TAMS 0x0000000089d00000| PB 0x0000000089d00000| Untracked 
| 158|0x0000000089e00000, 0x0000000089e00000, 0x0000000089f00000|  0%| F|  |TAMS 0x0000000089e00000| PB 0x0000000089e00000| Untracked 
| 159|0x0000000089f00000, 0x0000000089f00000, 0x000000008a000000|  0%| F|  |TAMS 0x0000000089f00000| PB 0x0000000089f00000| Untracked 
| 160|0x000000008a000000, 0x000000008a000000, 0x000000008a100000|  0%| F|  |TAMS 0x000000008a000000| PB 0x000000008a000000| Untracked 
| 161|0x000000008a100000, 0x000000008a100000, 0x000000008a200000|  0%| F|  |TAMS 0x000000008a100000| PB 0x000000008a100000| Untracked 
| 162|0x000000008a200000, 0x000000008a200000, 0x000000008a300000|  0%| F|  |TAMS 0x000000008a200000| PB 0x000000008a200000| Untracked 
| 163|0x000000008a300000, 0x000000008a300000, 0x000000008a400000|  0%| F|  |TAMS 0x000000008a300000| PB 0x000000008a300000| Untracked 
| 164|0x000000008a400000, 0x000000008a400000, 0x000000008a500000|  0%| F|  |TAMS 0x000000008a400000| PB 0x000000008a400000| Untracked 
| 165|0x000000008a500000, 0x000000008a500000, 0x000000008a600000|  0%| F|  |TAMS 0x000000008a500000| PB 0x000000008a500000| Untracked 
| 166|0x000000008a600000, 0x000000008a600000, 0x000000008a700000|  0%| F|  |TAMS 0x000000008a600000| PB 0x000000008a600000| Untracked 
| 167|0x000000008a700000, 0x000000008a700000, 0x000000008a800000|  0%| F|  |TAMS 0x000000008a700000| PB 0x000000008a700000| Untracked 
| 168|0x000000008a800000, 0x000000008a800000, 0x000000008a900000|  0%| F|  |TAMS 0x000000008a800000| PB 0x000000008a800000| Untracked 
| 169|0x000000008a900000, 0x000000008a900000, 0x000000008aa00000|  0%| F|  |TAMS 0x000000008a900000| PB 0x000000008a900000| Untracked 
| 170|0x000000008aa00000, 0x000000008aa00000, 0x000000008ab00000|  0%| F|  |TAMS 0x000000008aa00000| PB 0x000000008aa00000| Untracked 
| 171|0x000000008ab00000, 0x000000008ab00000, 0x000000008ac00000|  0%| F|  |TAMS 0x000000008ab00000| PB 0x000000008ab00000| Untracked 
| 172|0x000000008ac00000, 0x000000008ac00000, 0x000000008ad00000|  0%| F|  |TAMS 0x000000008ac00000| PB 0x000000008ac00000| Untracked 
| 173|0x000000008ad00000, 0x000000008ad00000, 0x000000008ae00000|  0%| F|  |TAMS 0x000000008ad00000| PB 0x000000008ad00000| Untracked 
| 174|0x000000008ae00000, 0x000000008ae00000, 0x000000008af00000|  0%| F|  |TAMS 0x000000008ae00000| PB 0x000000008ae00000| Untracked 
| 175|0x000000008af00000, 0x000000008af00000, 0x000000008b000000|  0%| F|  |TAMS 0x000000008af00000| PB 0x000000008af00000| Untracked 
| 176|0x000000008b000000, 0x000000008b000000, 0x000000008b100000|  0%| F|  |TAMS 0x000000008b000000| PB 0x000000008b000000| Untracked 
| 177|0x000000008b100000, 0x000000008b100000, 0x000000008b200000|  0%| F|  |TAMS 0x000000008b100000| PB 0x000000008b100000| Untracked 
| 178|0x000000008b200000, 0x000000008b200000, 0x000000008b300000|  0%| F|  |TAMS 0x000000008b200000| PB 0x000000008b200000| Untracked 
| 179|0x000000008b300000, 0x000000008b300000, 0x000000008b400000|  0%| F|  |TAMS 0x000000008b300000| PB 0x000000008b300000| Untracked 
| 180|0x000000008b400000, 0x000000008b400000, 0x000000008b500000|  0%| F|  |TAMS 0x000000008b400000| PB 0x000000008b400000| Untracked 
| 181|0x000000008b500000, 0x000000008b500000, 0x000000008b600000|  0%| F|  |TAMS 0x000000008b500000| PB 0x000000008b500000| Untracked 
| 182|0x000000008b600000, 0x000000008b600000, 0x000000008b700000|  0%| F|  |TAMS 0x000000008b600000| PB 0x000000008b600000| Untracked 
| 183|0x000000008b700000, 0x000000008b700000, 0x000000008b800000|  0%| F|  |TAMS 0x000000008b700000| PB 0x000000008b700000| Untracked 
| 184|0x000000008b800000, 0x000000008b800000, 0x000000008b900000|  0%| F|  |TAMS 0x000000008b800000| PB 0x000000008b800000| Untracked 
| 185|0x000000008b900000, 0x000000008b900000, 0x000000008ba00000|  0%| F|  |TAMS 0x000000008b900000| PB 0x000000008b900000| Untracked 
| 186|0x000000008ba00000, 0x000000008ba00000, 0x000000008bb00000|  0%| F|  |TAMS 0x000000008ba00000| PB 0x000000008ba00000| Untracked 
| 187|0x000000008bb00000, 0x000000008bb00000, 0x000000008bc00000|  0%| F|  |TAMS 0x000000008bb00000| PB 0x000000008bb00000| Untracked 
| 188|0x000000008bc00000, 0x000000008bc00000, 0x000000008bd00000|  0%| F|  |TAMS 0x000000008bc00000| PB 0x000000008bc00000| Untracked 
| 189|0x000000008bd00000, 0x000000008bd00000, 0x000000008be00000|  0%| F|  |TAMS 0x000000008bd00000| PB 0x000000008bd00000| Untracked 
| 190|0x000000008be00000, 0x000000008be00000, 0x000000008bf00000|  0%| F|  |TAMS 0x000000008be00000| PB 0x000000008be00000| Untracked 
|2029|0x00000000fed00000, 0x00000000fed00000, 0x00000000fee00000|  0%| F|  |TAMS 0x00000000fed00000| PB 0x00000000fed00000| Untracked 
|2030|0x00000000fee00000, 0x00000000fee00000, 0x00000000fef00000|  0%| F|  |TAMS 0x00000000fee00000| PB 0x00000000fee00000| Untracked 
|2031|0x00000000fef00000, 0x00000000fef00000, 0x00000000ff000000|  0%| F|  |TAMS 0x00000000fef00000| PB 0x00000000fef00000| Untracked 
|2032|0x00000000ff000000, 0x00000000ff000000, 0x00000000ff100000|  0%| F|  |TAMS 0x00000000ff000000| PB 0x00000000ff000000| Untracked 
|2033|0x00000000ff100000, 0x00000000ff100000, 0x00000000ff200000|  0%| F|  |TAMS 0x00000000ff100000| PB 0x00000000ff100000| Untracked 
|2034|0x00000000ff200000, 0x00000000ff200000, 0x00000000ff300000|  0%| F|  |TAMS 0x00000000ff200000| PB 0x00000000ff200000| Untracked 
|2035|0x00000000ff300000, 0x00000000ff300000, 0x00000000ff400000|  0%| F|  |TAMS 0x00000000ff300000| PB 0x00000000ff300000| Untracked 
|2036|0x00000000ff400000, 0x00000000ff500000, 0x00000000ff500000|100%| O|  |TAMS 0x00000000ff400000| PB 0x00000000ff400000| Untracked 
|2037|0x00000000ff500000, 0x00000000ff600000, 0x00000000ff600000|100%| O|  |TAMS 0x00000000ff500000| PB 0x00000000ff500000| Untracked 
|2038|0x00000000ff600000, 0x00000000ff700000, 0x00000000ff700000|100%| O|  |TAMS 0x00000000ff600000| PB 0x00000000ff600000| Untracked 
|2039|0x00000000ff700000, 0x00000000ff700000, 0x00000000ff800000|  0%| F|  |TAMS 0x00000000ff700000| PB 0x00000000ff700000| Untracked 
|2040|0x00000000ff800000, 0x00000000ff900000, 0x00000000ff900000|100%| O|  |TAMS 0x00000000ff800000| PB 0x00000000ff800000| Untracked 
|2041|0x00000000ff900000, 0x00000000ffa00000, 0x00000000ffa00000|100%| O|  |TAMS 0x00000000ff900000| PB 0x00000000ff900000| Untracked 
|2042|0x00000000ffa00000, 0x00000000ffb00000, 0x00000000ffb00000|100%| O|  |TAMS 0x00000000ffa00000| PB 0x00000000ffa00000| Untracked 
|2043|0x00000000ffb00000, 0x00000000ffc00000, 0x00000000ffc00000|100%| O|  |TAMS 0x00000000ffb00000| PB 0x00000000ffb00000| Untracked 
|2044|0x00000000ffc00000, 0x00000000ffd00000, 0x00000000ffd00000|100%| O|  |TAMS 0x00000000ffc00000| PB 0x00000000ffc00000| Untracked 
|2045|0x00000000ffd00000, 0x00000000ffe00000, 0x00000000ffe00000|100%| O|  |TAMS 0x00000000ffd00000| PB 0x00000000ffd00000| Untracked 
|2046|0x00000000ffe00000, 0x00000000fff00000, 0x00000000fff00000|100%| O|  |TAMS 0x00000000ffe00000| PB 0x00000000ffe00000| Untracked 
|2047|0x00000000fff00000, 0x0000000100000000, 0x0000000100000000|100%| O|  |TAMS 0x00000000fff00000| PB 0x00000000fff00000| Untracked 

Card table byte_map: [0x0000018df7a20000,0x0000018df7e20000] _byte_map_base: 0x0000018df7620000

Marking Bits: (CMBitMap*) 0x0000018df3fd3220
 Bits: [0x0000018df7e20000, 0x0000018df9e20000)

Polling page: 0x0000018df1e70000

Metaspace:

Usage:
  Non-class:     54.13 MB used.
      Class:      8.56 MB used.
       Both:     62.69 MB used.

Virtual space:
  Non-class space:       64.00 MB reserved,      54.88 MB ( 86%) committed,  1 nodes.
      Class space:        1.00 GB reserved,       9.25 MB ( <1%) committed,  1 nodes.
             Both:        1.06 GB reserved,      64.12 MB (  6%) committed. 

Chunk freelists:
   Non-Class:  9.08 MB
       Class:  6.57 MB
        Both:  15.65 MB

MaxMetaspaceSize: unlimited
CompressedClassSpaceSize: 1.00 GB
Initial GC threshold: 21.00 MB
Current GC threshold: 106.88 MB
CDS: off
 - commit_granule_bytes: 65536.
 - commit_granule_words: 8192.
 - virtual_space_node_default_size: 8388608.
 - enlarge_chunks_in_place: 1.
 - use_allocation_guard: 0.


Internal statistics:

num_allocs_failed_limit: 9.
num_arena_births: 2728.
num_arena_deaths: 4.
num_vsnodes_births: 2.
num_vsnodes_deaths: 0.
num_space_committed: 1026.
num_space_uncommitted: 0.
num_chunks_returned_to_freelist: 16.
num_chunks_taken_from_freelist: 5246.
num_chunk_merges: 9.
num_chunk_splits: 3399.
num_chunks_enlarged: 2132.
num_inconsistent_stats: 0.

CodeHeap 'non-profiled nmethods': size=120000Kb used=6048Kb max_used=6186Kb free=113951Kb
 bounds [0x0000018d87ad0000, 0x0000018d880e0000, 0x0000018d8f000000]
CodeHeap 'profiled nmethods': size=120000Kb used=11230Kb max_used=12500Kb free=108769Kb
 bounds [0x0000018d80000000, 0x0000018d80c40000, 0x0000018d87530000]
CodeHeap 'non-nmethods': size=5760Kb used=2719Kb max_used=2809Kb free=3040Kb
 bounds [0x0000018d87530000, 0x0000018d87810000, 0x0000018d87ad0000]
 total_blobs=7529 nmethods=6658 adapters=773
 compilation: enabled
              stopped_count=0, restarted_count=0
 full_count=0

Compilation events (20 events):
Event: 29.073 Thread 0x0000018dfcc9a040 nmethod 8710 0x0000018d87faf710 code [0x0000018d87fafa20, 0x0000018d87fb1378]
Event: 29.073 Thread 0x0000018dfcc9a040 8711       4       org.gradle.internal.serialize.kryo.KryoBackedEncoder::writeString (23 bytes)
Event: 29.080 Thread 0x0000018dfcc9a040 nmethod 8711 0x0000018d8803ee10 code [0x0000018d8803efe0, 0x0000018d8803f368]
Event: 29.086 Thread 0x0000018dfcc9e5b0 8712       3       sun.nio.ch.Util::getTemporaryDirectBuffer (55 bytes)
Event: 29.087 Thread 0x0000018dfcc9e5b0 nmethod 8712 0x0000018d804c0690 code [0x0000018d804c0920, 0x0000018d804c1418]
Event: 29.164 Thread 0x0000018dfcc9a040 8713       4       sun.nio.ch.ChannelOutputStream::writeFully (36 bytes)
Event: 29.236 Thread 0x0000018dfcc9e5b0 8717 %     3       org.gradle.internal.serialize.MapSerializer::write @ 24 (82 bytes)
Event: 29.237 Thread 0x0000018dfcc9e5b0 nmethod 8717% 0x0000018d80840910 code [0x0000018d80840b80, 0x0000018d808416d8]
Event: 29.253 Thread 0x0000018dfcc9e5b0 8718       3       org.gradle.internal.serialize.MapSerializer::write (82 bytes)
Event: 29.254 Thread 0x0000018dfcc9e5b0 nmethod 8718 0x0000018d8013bc90 code [0x0000018d8013bf00, 0x0000018d8013c978]
Event: 29.278 Thread 0x0000018dfcc9a040 nmethod 8713 0x0000018d87f97a10 code [0x0000018d87f97e60, 0x0000018d87f9ad68]
Event: 29.278 Thread 0x0000018dfcc9a040 8714   !   4       sun.nio.ch.FileChannelImpl::write (288 bytes)
Event: 29.324 Thread 0x0000018dfcc9e5b0 8719 %     3       java.lang.Iterable::forEach @ 12 (39 bytes)
Event: 29.325 Thread 0x0000018dfcc9e5b0 nmethod 8719% 0x0000018d8036c310 code [0x0000018d8036c520, 0x0000018d8036cbc0]
Event: 29.355 Thread 0x0000018dfcc9e5b0 8720       3       java.lang.Iterable::forEach (39 bytes)
Event: 29.356 Thread 0x0000018dfcc9e5b0 nmethod 8720 0x0000018d8019f890 code [0x0000018d8019faa0, 0x0000018d801a00b0]
Event: 29.375 Thread 0x0000018dfcc9a040 nmethod 8714 0x0000018d87f77f10 code [0x0000018d87f78340, 0x0000018d87f7b0d8]
Event: 29.376 Thread 0x0000018dfcc9a040 8715  s!   4       sun.nio.ch.ChannelOutputStream::write (145 bytes)
Event: 29.388 Thread 0x0000018dfcc9a040 nmethod 8715 0x0000018d87c89190 code [0x0000018d87c89380, 0x0000018d87c89cd8]
Event: 29.388 Thread 0x0000018dfcc9a040 8716       4       sun.nio.ch.IOUtil::write (14 bytes)

GC Heap History (20 events):
Event: 21.562 GC heap after
{Heap after GC invocations=39 (full 0):
 garbage-first heap   total 178176K, used 83957K [0x0000000080000000, 0x0000000100000000)
  region size 1024K, 7 young (7168K), 7 survivors (7168K)
 Metaspace       used 63494K, committed 64960K, reserved 1114112K
  class space    used 8689K, committed 9408K, reserved 1048576K
}
Event: 21.833 GC heap before
{Heap before GC invocations=40 (full 0):
 garbage-first heap   total 178176K, used 160757K [0x0000000080000000, 0x0000000100000000)
  region size 1024K, 82 young (83968K), 7 survivors (7168K)
 Metaspace       used 63495K, committed 64960K, reserved 1114112K
  class space    used 8689K, committed 9408K, reserved 1048576K
}
Event: 21.840 GC heap after
{Heap after GC invocations=41 (full 0):
 garbage-first heap   total 214016K, used 84591K [0x0000000080000000, 0x0000000100000000)
  region size 1024K, 7 young (7168K), 7 survivors (7168K)
 Metaspace       used 63495K, committed 64960K, reserved 1114112K
  class space    used 8689K, committed 9408K, reserved 1048576K
}
Event: 22.751 GC heap before
{Heap before GC invocations=41 (full 0):
 garbage-first heap   total 214016K, used 197231K [0x0000000080000000, 0x0000000100000000)
  region size 1024K, 115 young (117760K), 7 survivors (7168K)
 Metaspace       used 63639K, committed 65088K, reserved 1114112K
  class space    used 8707K, committed 9408K, reserved 1048576K
}
Event: 22.754 GC heap after
{Heap after GC invocations=42 (full 0):
 garbage-first heap   total 214016K, used 78804K [0x0000000080000000, 0x0000000100000000)
  region size 1024K, 2 young (2048K), 2 survivors (2048K)
 Metaspace       used 63639K, committed 65088K, reserved 1114112K
  class space    used 8707K, committed 9408K, reserved 1048576K
}
Event: 23.242 GC heap before
{Heap before GC invocations=42 (full 0):
 garbage-first heap   total 214016K, used 199636K [0x0000000080000000, 0x0000000100000000)
  region size 1024K, 120 young (122880K), 2 survivors (2048K)
 Metaspace       used 63640K, committed 65088K, reserved 1114112K
  class space    used 8708K, committed 9408K, reserved 1048576K
}
Event: 23.245 GC heap after
{Heap after GC invocations=43 (full 0):
 garbage-first heap   total 214016K, used 79852K [0x0000000080000000, 0x0000000100000000)
  region size 1024K, 4 young (4096K), 4 survivors (4096K)
 Metaspace       used 63640K, committed 65088K, reserved 1114112K
  class space    used 8708K, committed 9408K, reserved 1048576K
}
Event: 23.343 GC heap before
{Heap before GC invocations=43 (full 0):
 garbage-first heap   total 214016K, used 100332K [0x0000000080000000, 0x0000000100000000)
  region size 1024K, 25 young (25600K), 4 survivors (4096K)
 Metaspace       used 63676K, committed 65088K, reserved 1114112K
  class space    used 8711K, committed 9408K, reserved 1048576K
}
Event: 23.347 GC heap after
{Heap after GC invocations=44 (full 0):
 garbage-first heap   total 214016K, used 75210K [0x0000000080000000, 0x0000000100000000)
  region size 1024K, 1 young (1024K), 1 survivors (1024K)
 Metaspace       used 63676K, committed 65088K, reserved 1114112K
  class space    used 8711K, committed 9408K, reserved 1048576K
}
Event: 24.714 GC heap before
{Heap before GC invocations=45 (full 0):
 garbage-first heap   total 214016K, used 203210K [0x0000000080000000, 0x0000000100000000)
  region size 1024K, 124 young (126976K), 1 survivors (1024K)
 Metaspace       used 63930K, committed 65472K, reserved 1114112K
  class space    used 8729K, committed 9472K, reserved 1048576K
}
Event: 24.720 GC heap after
{Heap after GC invocations=46 (full 0):
 garbage-first heap   total 214016K, used 80919K [0x0000000080000000, 0x0000000100000000)
  region size 1024K, 5 young (5120K), 5 survivors (5120K)
 Metaspace       used 63930K, committed 65472K, reserved 1114112K
  class space    used 8729K, committed 9472K, reserved 1048576K
}
Event: 26.287 GC heap before
{Heap before GC invocations=46 (full 0):
 garbage-first heap   total 214016K, used 201751K [0x0000000080000000, 0x0000000100000000)
  region size 1024K, 118 young (120832K), 5 survivors (5120K)
 Metaspace       used 64185K, committed 65664K, reserved 1114112K
  class space    used 8761K, committed 9472K, reserved 1048576K
}
Event: 27.295 GC heap after
{Heap after GC invocations=47 (full 0):
 garbage-first heap   total 215040K, used 91561K [0x0000000080000000, 0x0000000100000000)
  region size 1024K, 10 young (10240K), 10 survivors (10240K)
 Metaspace       used 64185K, committed 65664K, reserved 1114112K
  class space    used 8761K, committed 9472K, reserved 1048576K
}
Event: 28.149 GC heap before
{Heap before GC invocations=47 (full 0):
 garbage-first heap   total 215040K, used 192937K [0x0000000080000000, 0x0000000100000000)
  region size 1024K, 109 young (111616K), 10 survivors (10240K)
 Metaspace       used 64189K, committed 65664K, reserved 1114112K
  class space    used 8761K, committed 9472K, reserved 1048576K
}
Event: 28.157 GC heap after
{Heap after GC invocations=48 (full 0):
 garbage-first heap   total 215040K, used 97476K [0x0000000080000000, 0x0000000100000000)
  region size 1024K, 13 young (13312K), 13 survivors (13312K)
 Metaspace       used 64189K, committed 65664K, reserved 1114112K
  class space    used 8761K, committed 9472K, reserved 1048576K
}
Event: 28.782 GC heap before
{Heap before GC invocations=49 (full 0):
 garbage-first heap   total 215040K, used 188612K [0x0000000080000000, 0x0000000100000000)
  region size 1024K, 102 young (104448K), 13 survivors (13312K)
 Metaspace       used 64189K, committed 65664K, reserved 1114112K
  class space    used 8761K, committed 9472K, reserved 1048576K
}
Event: 28.792 GC heap after
{Heap after GC invocations=50 (full 0):
 garbage-first heap   total 215040K, used 101623K [0x0000000080000000, 0x0000000100000000)
  region size 1024K, 10 young (10240K), 10 survivors (10240K)
 Metaspace       used 64189K, committed 65664K, reserved 1114112K
  class space    used 8761K, committed 9472K, reserved 1048576K
}
Event: 28.800 GC heap before
{Heap before GC invocations=50 (full 0):
 garbage-first heap   total 215040K, used 102647K [0x0000000080000000, 0x0000000100000000)
  region size 1024K, 11 young (11264K), 10 survivors (10240K)
 Metaspace       used 64189K, committed 65664K, reserved 1114112K
  class space    used 8761K, committed 9472K, reserved 1048576K
}
Event: 28.804 GC heap after
{Heap after GC invocations=51 (full 0):
 garbage-first heap   total 215040K, used 102186K [0x0000000080000000, 0x0000000100000000)
  region size 1024K, 2 young (2048K), 2 survivors (2048K)
 Metaspace       used 64189K, committed 65664K, reserved 1114112K
  class space    used 8761K, committed 9472K, reserved 1048576K
}
Event: 29.395 GC heap before
{Heap before GC invocations=51 (full 0):
 garbage-first heap   total 215040K, used 172842K [0x0000000080000000, 0x0000000100000000)
  region size 1024K, 69 young (70656K), 2 survivors (2048K)
 Metaspace       used 64190K, committed 65664K, reserved 1114112K
  class space    used 8761K, committed 9472K, reserved 1048576K
}

Dll operation events (3 events):
Event: 0.025 Loaded shared library C:\Users\Moritz\AppData\Local\Programs\Android Studio\jbr\bin\java.dll
Event: 0.037 Loaded shared library C:\Users\Moritz\AppData\Local\Programs\Android Studio\jbr\bin\zip.dll
Event: 0.679 Loaded shared library C:\Users\Moritz\AppData\Local\Programs\Android Studio\jbr\bin\verify.dll

Deoptimization events (20 events):
Event: 25.612 Thread 0x0000018dfe009e60 DEOPT PACKING pc=0x0000018d80566536 sp=0x0000002e51ffb470
Event: 25.612 Thread 0x0000018dfe009e60 DEOPT UNPACKING pc=0x0000018d87584e42 sp=0x0000002e51ffa9b8 mode 0
Event: 27.493 Thread 0x0000018d95f69340 Uncommon trap: trap_request=0xffffffc6 fr.pc=0x0000018d880ad89c relative=0x000000000000261c
Event: 27.493 Thread 0x0000018d95f69340 Uncommon trap: reason=bimorphic_or_optimized_type_check action=maybe_recompile pc=0x0000018d880ad89c method=java.util.TimSort.gallopRight(Ljava/lang/Object;[Ljava/lang/Object;IIILjava/util/Comparator;)I @ 44 c2
Event: 27.493 Thread 0x0000018d95f69340 DEOPT PACKING pc=0x0000018d880ad89c sp=0x0000002e529fae40
Event: 27.493 Thread 0x0000018d95f69340 DEOPT UNPACKING pc=0x0000018d875846a2 sp=0x0000002e529fae40 mode 2
Event: 27.493 Thread 0x0000018d95f69340 Uncommon trap: trap_request=0xffffffc6 fr.pc=0x0000018d88099f74 relative=0x0000000000002594
Event: 27.493 Thread 0x0000018d95f69340 Uncommon trap: reason=bimorphic_or_optimized_type_check action=maybe_recompile pc=0x0000018d88099f74 method=java.util.TimSort.gallopLeft(Ljava/lang/Object;[Ljava/lang/Object;IIILjava/util/Comparator;)I @ 44 c2
Event: 27.493 Thread 0x0000018d95f69340 DEOPT PACKING pc=0x0000018d88099f74 sp=0x0000002e529fae40
Event: 27.493 Thread 0x0000018d95f69340 DEOPT UNPACKING pc=0x0000018d875846a2 sp=0x0000002e529fae40 mode 2
Event: 27.493 Thread 0x0000018d95f69340 Uncommon trap: trap_request=0xffffffde fr.pc=0x0000018d880b1ff4 relative=0x0000000000001154
Event: 27.493 Thread 0x0000018d95f69340 Uncommon trap: reason=class_check action=maybe_recompile pc=0x0000018d880b1ff4 method=java.util.TimSort.mergeHi(IIII)V @ 227 c2
Event: 27.493 Thread 0x0000018d95f69340 DEOPT PACKING pc=0x0000018d880b1ff4 sp=0x0000002e529fae60
Event: 27.493 Thread 0x0000018d95f69340 DEOPT UNPACKING pc=0x0000018d875846a2 sp=0x0000002e529fae18 mode 2
Event: 27.493 Thread 0x0000018d95f69340 Uncommon trap: trap_request=0xffffffc6 fr.pc=0x0000018d880ad89c relative=0x000000000000261c
Event: 27.493 Thread 0x0000018d95f69340 Uncommon trap: reason=bimorphic_or_optimized_type_check action=maybe_recompile pc=0x0000018d880ad89c method=java.util.TimSort.gallopRight(Ljava/lang/Object;[Ljava/lang/Object;IIILjava/util/Comparator;)I @ 44 c2
Event: 27.493 Thread 0x0000018d95f69340 DEOPT PACKING pc=0x0000018d880ad89c sp=0x0000002e529fad30
Event: 27.494 Thread 0x0000018d95f69340 DEOPT UNPACKING pc=0x0000018d875846a2 sp=0x0000002e529fad60 mode 2
Event: 29.355 Thread 0x0000018d95f69340 DEOPT PACKING pc=0x0000018d80b46e73 sp=0x0000002e529fb400
Event: 29.355 Thread 0x0000018d95f69340 DEOPT UNPACKING pc=0x0000018d87584e42 sp=0x0000002e529fa8c8 mode 0

Classes loaded (20 events):
Event: 16.287 Loading class java/nio/StringCharBuffer
Event: 16.289 Loading class java/nio/StringCharBuffer done
Event: 16.570 Loading class java/security/Key
Event: 16.570 Loading class java/security/Key done
Event: 17.241 Loading class java/lang/foreign/MemorySegment
Event: 17.243 Loading class java/lang/foreign/MemorySegment done
Event: 22.575 Loading class java/util/stream/SortedOps$OfRef
Event: 22.575 Loading class java/util/stream/SortedOps$OfRef done
Event: 22.576 Loading class java/util/stream/SortedOps$SizedRefSortingSink
Event: 22.576 Loading class java/util/stream/SortedOps$AbstractRefSortingSink
Event: 22.576 Loading class java/util/stream/SortedOps$AbstractRefSortingSink done
Event: 22.576 Loading class java/util/stream/SortedOps$SizedRefSortingSink done
Event: 22.588 Loading class java/util/HashMap$EntrySpliterator
Event: 22.588 Loading class java/util/HashMap$EntrySpliterator done
Event: 22.588 Loading class java/util/stream/SortedOps$RefSortingSink
Event: 22.588 Loading class java/util/stream/SortedOps$RefSortingSink done
Event: 23.718 Loading class java/lang/ThreadDeath
Event: 23.718 Loading class java/lang/ThreadDeath done
Event: 23.719 Loading class sun/misc/SharedSecrets
Event: 23.719 Loading class sun/misc/SharedSecrets done

Classes unloaded (5 events):
Event: 13.669 Thread 0x0000018dfcc00c20 Unloading class 0x00000001007c0550 '_BuildScript_$_run_closure1'
Event: 13.669 Thread 0x0000018dfcc00c20 Unloading class 0x00000001007c0000 '_BuildScript_'
Event: 16.158 Thread 0x0000018dfcc00c20 Unloading class 0x0000000100819408 '_BuildScript_$_run_closure1$_closure2'
Event: 16.158 Thread 0x0000018dfcc00c20 Unloading class 0x0000000100819000 '_BuildScript_$_run_closure1'
Event: 16.158 Thread 0x0000018dfcc00c20 Unloading class 0x0000000100818800 '_BuildScript_'

Classes redefined (0 events):
No events

Internal exceptions (20 events):
Event: 23.730 Thread 0x0000018dfec796f0 Exception <a 'java/lang/ClassNotFoundException'{0x000000008b901230}: org/gradle/util/internal/DefaultGradleVersionBeanInfo> (0x000000008b901230) 
thrown [s\src\hotspot\share\classfile\systemDictionary.cpp, line 312]
Event: 23.732 Thread 0x0000018dfec796f0 Exception <a 'java/lang/ClassNotFoundException'{0x000000008b9117d8}: org/gradle/util/internal/DefaultGradleVersionCustomizer> (0x000000008b9117d8) 
thrown [s\src\hotspot\share\classfile\systemDictionary.cpp, line 312]
Event: 23.785 Thread 0x0000018dfec796f0 Exception <a 'java/lang/ClassNotFoundException'{0x000000008b988230}: org/gradle/invocation/DefaultGradle$DefaultGradleLifecycle_DecoratedBeanInfo> (0x000000008b988230) 
thrown [s\src\hotspot\share\classfile\systemDictionary.cpp, line 312]
Event: 23.786 Thread 0x0000018dfec796f0 Exception <a 'java/lang/ClassNotFoundException'{0x000000008b998a70}: org/gradle/invocation/DefaultGradle$DefaultGradleLifecycleBeanInfo> (0x000000008b998a70) 
thrown [s\src\hotspot\share\classfile\systemDictionary.cpp, line 312]
Event: 23.788 Thread 0x0000018dfec796f0 Exception <a 'java/lang/ClassNotFoundException'{0x000000008b9a92a8}: org/gradle/invocation/DefaultGradle$DefaultGradleLifecycleCustomizer> (0x000000008b9a92a8) 
thrown [s\src\hotspot\share\classfile\systemDictionary.cpp, line 312]
Event: 23.790 Thread 0x0000018dfec796f0 Exception <a 'java/lang/ClassNotFoundException'{0x000000008b9be1b0}: org/gradle/invocation/DefaultGradle$DefaultGradleLifecycle_DecoratedCustomizer> (0x000000008b9be1b0) 
thrown [s\src\hotspot\share\classfile\systemDictionary.cpp, line 312]
Event: 24.874 Thread 0x0000018dfec796f0 Exception <a 'sun/nio/fs/WindowsException'{0x00000000fee1a5d8}> (0x00000000fee1a5d8) 
thrown [s\src\hotspot\share\prims\jni.cpp, line 535]
Event: 24.876 Thread 0x0000018dfec796f0 Exception <a 'sun/nio/fs/WindowsException'{0x00000000fee1bf88}> (0x00000000fee1bf88) 
thrown [s\src\hotspot\share\prims\jni.cpp, line 535]
Event: 24.949 Thread 0x0000018dfec796f0 Exception <a 'sun/nio/fs/WindowsException'{0x00000000fee30738}> (0x00000000fee30738) 
thrown [s\src\hotspot\share\prims\jni.cpp, line 535]
Event: 25.035 Thread 0x0000018dfec796f0 Exception <a 'sun/nio/fs/WindowsException'{0x00000000fee427f8}> (0x00000000fee427f8) 
thrown [s\src\hotspot\share\prims\jni.cpp, line 535]
Event: 25.045 Thread 0x0000018dfec796f0 Exception <a 'sun/nio/fs/WindowsException'{0x00000000fee4d3e8}> (0x00000000fee4d3e8) 
thrown [s\src\hotspot\share\prims\jni.cpp, line 535]
Event: 25.203 Thread 0x0000018d939e30c0 Exception <a 'sun/nio/fs/WindowsException'{0x00000000fee9d800}> (0x00000000fee9d800) 
thrown [s\src\hotspot\share\prims\jni.cpp, line 535]
Event: 25.204 Thread 0x0000018d939e30c0 Exception <a 'sun/nio/fs/WindowsException'{0x00000000fee9de70}> (0x00000000fee9de70) 
thrown [s\src\hotspot\share\prims\jni.cpp, line 535]
Event: 25.208 Thread 0x0000018d939e30c0 Exception <a 'sun/nio/fs/WindowsException'{0x00000000feeb1328}> (0x00000000feeb1328) 
thrown [s\src\hotspot\share\prims\jni.cpp, line 535]
Event: 25.212 Thread 0x0000018d939e30c0 Exception <a 'sun/nio/fs/WindowsException'{0x00000000feec01f8}> (0x00000000feec01f8) 
thrown [s\src\hotspot\share\prims\jni.cpp, line 535]
Event: 25.217 Thread 0x0000018d939e30c0 Exception <a 'sun/nio/fs/WindowsException'{0x00000000feecbb98}> (0x00000000feecbb98) 
thrown [s\src\hotspot\share\prims\jni.cpp, line 535]
Event: 25.286 Thread 0x0000018dfec796f0 Exception <a 'java/lang/ClassNotFoundException'{0x00000000fed32e30}: ijInit1_7blw4tyqgfetd4p2ahfelpi5lBeanInfo> (0x00000000fed32e30) 
thrown [s\src\hotspot\share\classfile\systemDictionary.cpp, line 312]
Event: 25.286 Thread 0x0000018dfec796f0 Exception <a 'java/lang/ClassNotFoundException'{0x00000000fed397f0}: ijInit1_7blw4tyqgfetd4p2ahfelpi5lCustomizer> (0x00000000fed397f0) 
thrown [s\src\hotspot\share\classfile\systemDictionary.cpp, line 312]
Event: 25.419 Thread 0x0000018dfec796f0 Exception <a 'java/lang/ClassNotFoundException'{0x00000000fed7bad0}: ijInit1_7blw4tyqgfetd4p2ahfelpi5l$_run_closure1BeanInfo> (0x00000000fed7bad0) 
thrown [s\src\hotspot\share\classfile\systemDictionary.cpp, line 312]
Event: 25.419 Thread 0x0000018dfec796f0 Exception <a 'java/lang/ClassNotFoundException'{0x00000000fed830e8}: ijInit1_7blw4tyqgfetd4p2ahfelpi5l$_run_closure1Customizer> (0x00000000fed830e8) 
thrown [s\src\hotspot\share\classfile\systemDictionary.cpp, line 312]

ZGC Phase Switch (0 events):
No events

VM Operations (20 events):
Event: 23.426 Executing VM operation: G1PauseCleanup done
Event: 23.902 Executing VM operation: ICBufferFull
Event: 23.902 Executing VM operation: ICBufferFull done
Event: 24.714 Executing VM operation: G1CollectForAllocation (G1 Evacuation Pause)
Event: 24.721 Executing VM operation: G1CollectForAllocation (G1 Evacuation Pause) done
Event: 25.725 Executing VM operation: Cleanup
Event: 25.726 Executing VM operation: Cleanup done
Event: 26.286 Executing VM operation: G1CollectForAllocation (G1 Evacuation Pause)
Event: 27.295 Executing VM operation: G1CollectForAllocation (G1 Evacuation Pause) done
Event: 28.149 Executing VM operation: G1CollectForAllocation (G1 Evacuation Pause)
Event: 28.158 Executing VM operation: G1CollectForAllocation (G1 Evacuation Pause) done
Event: 28.214 Executing VM operation: G1PauseRemark
Event: 28.220 Executing VM operation: G1PauseRemark done
Event: 28.240 Executing VM operation: G1PauseCleanup
Event: 28.241 Executing VM operation: G1PauseCleanup done
Event: 28.782 Executing VM operation: G1CollectForAllocation (G1 Evacuation Pause)
Event: 28.792 Executing VM operation: G1CollectForAllocation (G1 Evacuation Pause) done
Event: 28.799 Executing VM operation: G1CollectForAllocation (G1 Evacuation Pause)
Event: 28.805 Executing VM operation: G1CollectForAllocation (G1 Evacuation Pause) done
Event: 29.395 Executing VM operation: G1CollectForAllocation (G1 Evacuation Pause)

Events (20 events):
Event: 28.219 Thread 0x0000018dfcc00c20 flushing nmethod 0x0000018d800bef90
Event: 28.219 Thread 0x0000018dfcc00c20 flushing nmethod 0x0000018d8005d790
Event: 28.219 Thread 0x0000018dfcc00c20 flushing nmethod 0x0000018d87f90d90
Event: 28.219 Thread 0x0000018dfcc00c20 flushing nmethod 0x0000018d87f75410
Event: 28.219 Thread 0x0000018dfcc00c20 flushing nmethod 0x0000018d87f95610
Event: 28.219 Thread 0x0000018dfcc00c20 flushing nmethod 0x0000018d80073b90
Event: 28.219 Thread 0x0000018dfcc00c20 flushing nmethod 0x0000018d8004bc90
Event: 28.219 Thread 0x0000018dfcc00c20 flushing nmethod 0x0000018d80050d90
Event: 28.219 Thread 0x0000018dfcc00c20 flushing nmethod 0x0000018d8803ee10
Event: 28.219 Thread 0x0000018dfcc00c20 flushing nmethod 0x0000018d80012d90
Event: 28.219 Thread 0x0000018dfcc00c20 flushing nmethod 0x0000018d8001d890
Event: 28.219 Thread 0x0000018dfcc00c20 flushing nmethod 0x0000018d88013c10
Event: 28.219 Thread 0x0000018dfcc00c20 flushing nmethod 0x0000018d8800a410
Event: 28.219 Thread 0x0000018dfcc00c20 flushing nmethod 0x0000018d87faf010
Event: 28.219 Thread 0x0000018dfcc00c20 flushing nmethod 0x0000018d88041190
Event: 28.219 Thread 0x0000018dfcc00c20 flushing nmethod 0x0000018d87e8ac90
Event: 28.219 Thread 0x0000018dfcc00c20 flushing nmethod 0x0000018d87ee6d90
Event: 28.219 Thread 0x0000018dfcc00c20 flushing nmethod 0x0000018d87fb9410
Event: 28.219 Thread 0x0000018dfcc00c20 flushing nmethod 0x0000018d87ed6f90
Event: 28.219 Thread 0x0000018dfcc00c20 flushing nmethod 0x0000018d87c89190


Dynamic libraries:
0x00007ff60acc0000 - 0x00007ff60acca000 	C:\Users\Moritz\AppData\Local\Programs\Android Studio\jbr\bin\java.exe
0x00007ff8c9dc0000 - 0x00007ff8ca023000 	C:\WINDOWS\SYSTEM32\ntdll.dll
0x00007ff8c87f0000 - 0x00007ff8c88b8000 	C:\WINDOWS\System32\KERNEL32.DLL
0x00007ff8c7500000 - 0x00007ff8c78b1000 	C:\WINDOWS\System32\KERNELBASE.dll
0x00007ff8c73b0000 - 0x00007ff8c74fb000 	C:\WINDOWS\System32\ucrtbase.dll
0x00007ff8c3ec0000 - 0x00007ff8c3edb000 	C:\Users\Moritz\AppData\Local\Programs\Android Studio\jbr\bin\VCRUNTIME140.dll
0x00007ff8bdb40000 - 0x00007ff8bdb58000 	C:\Users\Moritz\AppData\Local\Programs\Android Studio\jbr\bin\jli.dll
0x00007ff8c8170000 - 0x00007ff8c8338000 	C:\WINDOWS\System32\USER32.dll
0x00007ff8c71b0000 - 0x00007ff8c71d7000 	C:\WINDOWS\System32\win32u.dll
0x00007ff8c83c0000 - 0x00007ff8c83ea000 	C:\WINDOWS\System32\GDI32.dll
0x00007ff8bbf70000 - 0x00007ff8bc200000 	C:\WINDOWS\WinSxS\amd64_microsoft.windows.common-controls_6595b64144ccf1df_6.0.26100.2161_none_3e0cadb0e33078e1\COMCTL32.dll
0x00007ff8c78c0000 - 0x00007ff8c79e5000 	C:\WINDOWS\System32\gdi32full.dll
0x00007ff8c7dc0000 - 0x00007ff8c7e69000 	C:\WINDOWS\System32\msvcrt.dll
0x00007ff8c7260000 - 0x00007ff8c7303000 	C:\WINDOWS\System32\msvcp_win.dll
0x00007ff8c8c20000 - 0x00007ff8c8c4f000 	C:\WINDOWS\System32\IMM32.DLL
0x00007ff8c3ee0000 - 0x00007ff8c3eec000 	C:\Users\Moritz\AppData\Local\Programs\Android Studio\jbr\bin\vcruntime140_1.dll
0x00007ff8af570000 - 0x00007ff8af5fd000 	C:\Users\Moritz\AppData\Local\Programs\Android Studio\jbr\bin\msvcp140.dll
0x00007ff858120000 - 0x00007ff858d9d000 	C:\Users\Moritz\AppData\Local\Programs\Android Studio\jbr\bin\server\jvm.dll
0x00007ff8c83f0000 - 0x00007ff8c84a4000 	C:\WINDOWS\System32\ADVAPI32.dll
0x00007ff8c8d50000 - 0x00007ff8c8df6000 	C:\WINDOWS\System32\sechost.dll
0x00007ff8c8a70000 - 0x00007ff8c8b86000 	C:\WINDOWS\System32\RPCRT4.dll
0x00007ff8c8b90000 - 0x00007ff8c8c04000 	C:\WINDOWS\System32\WS2_32.dll
0x00007ff8c7040000 - 0x00007ff8c708e000 	C:\WINDOWS\SYSTEM32\POWRPROF.dll
0x00007ff8b97d0000 - 0x00007ff8b97db000 	C:\WINDOWS\SYSTEM32\VERSION.dll
0x00007ff8c40e0000 - 0x00007ff8c4116000 	C:\WINDOWS\SYSTEM32\WINMM.dll
0x00007ff8c7020000 - 0x00007ff8c7034000 	C:\WINDOWS\SYSTEM32\UMPDC.dll
0x00007ff8c6000000 - 0x00007ff8c601a000 	C:\WINDOWS\SYSTEM32\kernel.appcore.dll
0x00007ff8c2640000 - 0x00007ff8c264a000 	C:\Users\Moritz\AppData\Local\Programs\Android Studio\jbr\bin\jimage.dll
0x00007ff8c4970000 - 0x00007ff8c4bb1000 	C:\WINDOWS\SYSTEM32\DBGHELP.DLL
0x00007ff8c9290000 - 0x00007ff8c960d000 	C:\WINDOWS\System32\combase.dll
0x00007ff8c84b0000 - 0x00007ff8c8586000 	C:\WINDOWS\System32\OLEAUT32.dll
0x00007ff8c40a0000 - 0x00007ff8c40d9000 	C:\WINDOWS\SYSTEM32\dbgcore.DLL
0x00007ff8c7310000 - 0x00007ff8c73a9000 	C:\WINDOWS\System32\bcryptPrimitives.dll
0x00007ff8c1f40000 - 0x00007ff8c1f4e000 	C:\Users\Moritz\AppData\Local\Programs\Android Studio\jbr\bin\instrument.dll
0x00007ff8c1cb0000 - 0x00007ff8c1ccf000 	C:\Users\Moritz\AppData\Local\Programs\Android Studio\jbr\bin\java.dll
0x00007ff8c1a00000 - 0x00007ff8c1a18000 	C:\Users\Moritz\AppData\Local\Programs\Android Studio\jbr\bin\zip.dll
0x00007ff8c9610000 - 0x00007ff8c9d0f000 	C:\WINDOWS\System32\SHELL32.dll
0x00007ff8c4f30000 - 0x00007ff8c575d000 	C:\WINDOWS\SYSTEM32\windows.storage.dll
0x00007ff8c7cc0000 - 0x00007ff8c7d93000 	C:\WINDOWS\System32\SHCORE.dll
0x00007ff8c9d20000 - 0x00007ff8c9d7d000 	C:\WINDOWS\System32\shlwapi.dll
0x00007ff8c70c0000 - 0x00007ff8c70ee000 	C:\WINDOWS\SYSTEM32\profapi.dll
0x00007ff8c1d60000 - 0x00007ff8c1d70000 	C:\Users\Moritz\AppData\Local\Programs\Android Studio\jbr\bin\net.dll
0x00007ff8c2200000 - 0x00007ff8c2326000 	C:\WINDOWS\SYSTEM32\WINHTTP.dll
0x00007ff8c6500000 - 0x00007ff8c6568000 	C:\WINDOWS\system32\mswsock.dll
0x00007ff8c19e0000 - 0x00007ff8c19f6000 	C:\Users\Moritz\AppData\Local\Programs\Android Studio\jbr\bin\nio.dll
0x00007ff8c3e90000 - 0x00007ff8c3ea0000 	C:\Users\Moritz\AppData\Local\Programs\Android Studio\jbr\bin\verify.dll
0x00007ff8b5a20000 - 0x00007ff8b5a47000 	C:\Users\Moritz\.gradle\native\c067742578af261105cb4f569cf0c3c89f3d7b1fecec35dd04571415982c5e48\windows-amd64\native-platform.dll
0x00007ff87e080000 - 0x00007ff87e1c4000 	C:\Users\Moritz\.gradle\native\100fb08df4bc3b14c8652ba06237920a3bd2aa13389f12d3474272988ae205f9\windows-amd64\native-platform-file-events.dll
0x00007ff8be190000 - 0x00007ff8be199000 	C:\Users\Moritz\AppData\Local\Programs\Android Studio\jbr\bin\management.dll
0x00007ff8bc970000 - 0x00007ff8bc97b000 	C:\Users\Moritz\AppData\Local\Programs\Android Studio\jbr\bin\management_ext.dll
0x00007ff8c7fd0000 - 0x00007ff8c7fd8000 	C:\WINDOWS\System32\PSAPI.DLL
0x00007ff8c67a0000 - 0x00007ff8c67bc000 	C:\WINDOWS\SYSTEM32\CRYPTSP.dll
0x00007ff8c5f60000 - 0x00007ff8c5f98000 	C:\WINDOWS\system32\rsaenh.dll
0x00007ff8c65a0000 - 0x00007ff8c65cb000 	C:\WINDOWS\SYSTEM32\USERENV.dll
0x00007ff8c69e0000 - 0x00007ff8c6a06000 	C:\WINDOWS\SYSTEM32\bcrypt.dll
0x00007ff8c67c0000 - 0x00007ff8c67cc000 	C:\WINDOWS\SYSTEM32\CRYPTBASE.dll
0x00007ff8c5a70000 - 0x00007ff8c5aa1000 	C:\WINDOWS\SYSTEM32\IPHLPAPI.DLL
0x00007ff8c8c10000 - 0x00007ff8c8c1a000 	C:\WINDOWS\System32\NSI.dll
0x00007ff8be1a0000 - 0x00007ff8be1a9000 	C:\Users\Moritz\AppData\Local\Programs\Android Studio\jbr\bin\extnet.dll
0x00007ff8bbb10000 - 0x00007ff8bbb18000 	C:\WINDOWS\system32\wshunix.dll
0x00007ff8c6120000 - 0x00007ff8c6155000 	C:\WINDOWS\SYSTEM32\ntmarta.dll

dbghelp: loaded successfully - version: 4.0.5 - missing functions: none
symbol engine: initialized successfully - sym options: 0x614 - pdb path: .;C:\Users\Moritz\AppData\Local\Programs\Android Studio\jbr\bin;C:\WINDOWS\SYSTEM32;C:\WINDOWS\WinSxS\amd64_microsoft.windows.common-controls_6595b64144ccf1df_6.0.26100.2161_none_3e0cadb0e33078e1;C:\Users\Moritz\AppData\Local\Programs\Android Studio\jbr\bin\server;C:\Users\Moritz\.gradle\native\c067742578af261105cb4f569cf0c3c89f3d7b1fecec35dd04571415982c5e48\windows-amd64;C:\Users\Moritz\.gradle\native\100fb08df4bc3b14c8652ba06237920a3bd2aa13389f12d3474272988ae205f9\windows-amd64

VM Arguments:
jvm_args: --add-opens=java.base/java.util=ALL-UNNAMED --add-opens=java.base/java.lang=ALL-UNNAMED --add-opens=java.base/java.lang.invoke=ALL-UNNAMED --add-opens=java.prefs/java.util.prefs=ALL-UNNAMED --add-exports=jdk.compiler/com.sun.tools.javac.api=ALL-UNNAMED --add-exports=jdk.compiler/com.sun.tools.javac.util=ALL-UNNAMED --add-opens=java.base/java.nio.charset=ALL-UNNAMED --add-opens=java.base/java.net=ALL-UNNAMED --add-opens=java.base/java.util.concurrent.atomic=ALL-UNNAMED -Xmx2048m -Dfile.encoding=UTF-8 -Duser.country=DE -Duser.language=de -Duser.variant -javaagent:C:\Users\Moritz\.gradle\wrapper\dists\gradle-8.9-bin\90cnw93cvbtalezasaz0blq0a\gradle-8.9\lib\agents\gradle-instrumentation-agent-8.9.jar 
java_command: org.gradle.launcher.daemon.bootstrap.GradleDaemon 8.9
java_class_path (initial): C:\Users\Moritz\.gradle\wrapper\dists\gradle-8.9-bin\90cnw93cvbtalezasaz0blq0a\gradle-8.9\lib\gradle-daemon-main-8.9.jar
Launcher Type: SUN_STANDARD

[Global flags]
     intx CICompilerCount                          = 4                                         {product} {ergonomic}
     uint ConcGCThreads                            = 3                                         {product} {ergonomic}
     uint G1ConcRefinementThreads                  = 10                                        {product} {ergonomic}
   size_t G1HeapRegionSize                         = 1048576                                   {product} {ergonomic}
    uintx GCDrainStackTargetSize                   = 64                                        {product} {ergonomic}
   size_t InitialHeapSize                          = 123731968                                 {product} {ergonomic}
   size_t MarkStackSize                            = 4194304                                   {product} {ergonomic}
   size_t MaxHeapSize                              = 2147483648                                {product} {command line}
   size_t MaxNewSize                               = 1287651328                                {product} {ergonomic}
   size_t MinHeapDeltaBytes                        = 1048576                                   {product} {ergonomic}
   size_t MinHeapSize                              = 8388608                                   {product} {ergonomic}
    uintx NonNMethodCodeHeapSize                   = 5839372                                {pd product} {ergonomic}
    uintx NonProfiledCodeHeapSize                  = 122909434                              {pd product} {ergonomic}
    uintx ProfiledCodeHeapSize                     = 122909434                              {pd product} {ergonomic}
    uintx ReservedCodeCacheSize                    = 251658240                              {pd product} {ergonomic}
     bool SegmentedCodeCache                       = true                                      {product} {ergonomic}
   size_t SoftMaxHeapSize                          = 2147483648                             {manageable} {ergonomic}
     bool UseCompressedOops                        = true                           {product lp64_product} {ergonomic}
     bool UseG1GC                                  = true                                      {product} {ergonomic}
     bool UseLargePagesIndividualAllocation        = false                                  {pd product} {ergonomic}

Logging:
Log output configuration:
 #0: stdout all=warning uptime,level,tags foldmultilines=false
 #1: stderr all=off uptime,level,tags foldmultilines=false

Environment Variables:
PATH=C:\Program Files\Common Files\Oracle\Java\javapath;C:\WINDOWS\system32;C:\WINDOWS;C:\WINDOWS\System32\Wbem;C:\WINDOWS\System32\WindowsPowerShell\v1.0\;C:\WINDOWS\System32\OpenSSH\;C:\Users\Moritz\AppData\Roaming\nvm;C:\Program Files\nodejs;C:\Program Files\Git\cmd;C:\Program Files\nodejs\;C:\Program Files\Neovim\bin;C:\Program Files\GitHub CLI\;C:\ProgramData\chocolatey\bin;C:\Users\Moritz\.pyenv\pyenv-win\bin;C:\Users\Moritz\.pyenv\pyenv-win\shims;C:\Program Files (x86)\Windows Kits\10\Windows Performance Toolkit\;C:\Users\Moritz\AppData\Local\Microsoft\WindowsApps;C:\Users\Moritz\AppData\Roaming\npm;C:\Users\Moritz\AppData\Local\Microsoft\WinGet\Links;C:\Users\Moritz\AppData\Local\Programs\Microsoft VS Code\bin;C:\Users\Moritz\AppData\Local\JetBrains\Toolbox\scripts
USERNAME=Moritz
OS=Windows_NT
PROCESSOR_IDENTIFIER=AMD64 Family 25 Model 80 Stepping 0, AuthenticAMD
TMP=C:\Users\Moritz\AppData\Local\Temp
TEMP=C:\Users\Moritz\AppData\Local\Temp




Periodic native trim disabled

JNI global refs:
JNI global refs: 27, weak refs: 0

JNI global refs memory usage: 835, weak refs: 833

Process memory usage:
Resident Set Size: 325628K (4% of 7712828K total physical memory with 625856K free physical memory)

OOME stack traces (most recent first):
Classloader memory used:
Loader org.gradle.internal.classloader.VisitableURLClassLoader                         : 33315K
Loader bootstrap                                                                       : 22730K
Loader org.gradle.initialization.MixInLegacyTypesClassLoader                           : 6415K
Loader org.gradle.internal.classloader.VisitableURLClassLoader                         : 699K
Loader jdk.internal.loader.ClassLoaders$PlatformClassLoader                            : 532K
Loader jdk.internal.loader.ClassLoaders$AppClassLoader                                 : 230K
Loader jdk.internal.reflect.DelegatingClassLoader                                      : 154K
Loader org.gradle.groovy.scripts.internal.DefaultScriptCompilationHandler$ScriptClassLoader: 72448B
Loader groovy.lang.GroovyClassLoader$InnerLoader                                       : 24608B
Loader org.codehaus.groovy.runtime.callsite.CallSiteClassLoader                        : 18504B

Classes loaded by more than one classloader:
Class org.gradle.api.GradleException                                                  : loaded 3 times (x 79B)
Class org.gradle.internal.classloader.ClassLoaderHierarchy                            : loaded 2 times (x 67B)
Class org.gradle.api.internal.classpath.ManifestUtil                                  : loaded 2 times (x 68B)
Class org.gradle.internal.operations.MultipleBuildOperationFailures                   : loaded 2 times (x 92B)
Class org.gradle.internal.classloader.DefaultClassLoaderFactory                       : loaded 2 times (x 79B)
Class kotlin.collections.AbstractList$Companion                                       : loaded 2 times (x 68B)
Class org.gradle.internal.classloader.ClassLoaderVisitor                              : loaded 2 times (x 73B)
Class org.gradle.api.internal.classpath.EffectiveClassPath                            : loaded 2 times (x 87B)
Class org.gradle.api.internal.DefaultClassPathProvider                                : loaded 2 times (x 73B)
Class [Lorg.gradle.api.internal.ClassPathProvider;                                    : loaded 2 times (x 66B)
Class org.gradle.api.internal.ClassPathProvider                                       : loaded 2 times (x 67B)
Class org.gradle.internal.service.UnknownServiceException                             : loaded 2 times (x 80B)
Class org.gradle.internal.classpath.TransformedClassPath                              : loaded 2 times (x 93B)
Class kotlin.enums.EnumEntriesList                                                    : loaded 2 times (x 220B)
Class _BuildScript_                                                                   : loaded 2 times (x 170B)
Class org.gradle.internal.service.ServiceLocator                                      : loaded 2 times (x 67B)
Class org.gradle.internal.InternalTransformer                                         : loaded 2 times (x 67B)
Class org.gradle.internal.time.DefaultTimer                                           : loaded 2 times (x 77B)
Class org.gradle.internal.classloader.ClasspathUtil$1                                 : loaded 2 times (x 73B)
Class org.gradle.api.internal.classpath.DefaultModuleRegistry$DefaultModule           : loaded 2 times (x 83B)
Class org.gradle.internal.time.DefaultCountdownTimer                                  : loaded 2 times (x 85B)
Class kotlin.Function                                                                 : loaded 2 times (x 67B)
Class org.gradle.api.internal.classpath.Module                                        : loaded 2 times (x 67B)
Class org.gradle.api.internal.classpath.UnknownModuleException                        : loaded 2 times (x 79B)
Class org.gradle.api.internal.DefaultClassPathRegistry                                : loaded 2 times (x 73B)
Class org.gradle.api.internal.ClassPathRegistry                                       : loaded 2 times (x 67B)
Class org.gradle.internal.classpath.DefaultClassPath$ImmutableUniqueList              : loaded 2 times (x 196B)
Class org.gradle.internal.classpath.ClassPath                                         : loaded 2 times (x 67B)
Class org.gradle.api.UncheckedIOException                                             : loaded 2 times (x 79B)
Class kotlin.UninitializedPropertyAccessException                                     : loaded 2 times (x 79B)
Class _BuildScript_$_run_closure1                                                     : loaded 2 times (x 129B)
Class org.gradle.internal.installation.GradleInstallation$1                           : loaded 2 times (x 72B)
Class org.gradle.api.internal.classpath.ModuleRegistry                                : loaded 2 times (x 67B)
Class sync_studio_tooling_etnnisp4jlnhcvjrtiemvf36k                                   : loaded 2 times (x 176B)
Class org.gradle.api.internal.classpath.DefaultModuleRegistry                         : loaded 2 times (x 80B)
Class org.gradle.internal.time.MonotonicClock                                         : loaded 2 times (x 74B)
Class org.gradle.internal.service.ServiceLookupException                              : loaded 2 times (x 79B)
Class org.gradle.internal.classloader.ClassLoaderFactory                              : loaded 2 times (x 67B)
Class org.gradle.internal.service.CachingServiceLocator                               : loaded 2 times (x 79B)
Class org.gradle.internal.time.TimeSource                                             : loaded 2 times (x 67B)
Class kotlin.enums.EnumEntries                                                        : loaded 2 times (x 67B)
Class org.gradle.internal.exceptions.ResolutionProvider                               : loaded 2 times (x 67B)
Class org.gradle.internal.classloader.ClasspathUtil                                   : loaded 2 times (x 68B)
Class org.gradle.internal.time.TimeSource$1                                           : loaded 2 times (x 74B)
Class org.gradle.api.specs.Spec                                                       : loaded 2 times (x 67B)
Class org.gradle.internal.time.Clock                                                  : loaded 2 times (x 67B)
Class kotlin.collections.AbstractList                                                 : loaded 2 times (x 194B)
Class kotlin.collections.AbstractCollection                                           : loaded 2 times (x 114B)
Class org.gradle.internal.classloader.VisitableURLClassLoader$InstrumentingVisitableURLClassLoader: loaded 2 times (x 120B)
Class org.gradle.internal.classloader.VisitableURLClassLoader$Spec                    : loaded 2 times (x 71B)
Class org.gradle.internal.classpath.DefaultClassPath                                  : loaded 2 times (x 87B)
Class org.gradle.internal.classloader.ClassLoaderSpec                                 : loaded 2 times (x 68B)
Class org.gradle.internal.classloader.VisitableURLClassLoader                         : loaded 2 times (x 114B)
Class org.gradle.internal.Cast                                                        : loaded 2 times (x 68B)
Class org.gradle.api.Action                                                           : loaded 2 times (x 67B)
Class org.gradle.internal.agents.InstrumentingClassLoader                             : loaded 2 times (x 67B)
Class org.gradle.internal.classpath.DefaultClassPath$ImmutableUniqueList$Builder      : loaded 2 times (x 72B)
Class org.gradle.internal.classloader.FilteringClassLoader                            : loaded 2 times (x 102B)
Class org.gradle.internal.exceptions.NonGradleCauseExceptionsHolder                   : loaded 2 times (x 67B)
Class kotlin.enums.EnumEntriesKt                                                      : loaded 2 times (x 68B)
Class org.gradle.internal.IoActions                                                   : loaded 2 times (x 68B)
Class org.gradle.internal.classloader.SystemClassLoaderSpec                           : loaded 2 times (x 68B)
Class org.gradle.internal.exceptions.MultiCauseException                              : loaded 2 times (x 67B)
Class org.gradle.internal.time.CountdownTimer                                         : loaded 2 times (x 67B)
Class kotlin.jvm.internal.Intrinsics                                                  : loaded 2 times (x 68B)
Class org.gradle.tooling.model.ProjectModel                                           : loaded 2 times (x 67B)
Class kotlin.KotlinNullPointerException                                               : loaded 2 times (x 80B)
Class org.gradle.internal.exceptions.DefaultMultiCauseException                       : loaded 2 times (x 92B)
Class org.gradle.internal.time.Time                                                   : loaded 2 times (x 68B)
Class org.gradle.internal.time.Timer                                                  : loaded 2 times (x 67B)
Class kotlin.jvm.internal.markers.KMappedMarker                                       : loaded 2 times (x 67B)
Class org.gradle.internal.installation.CurrentGradleInstallationLocator               : loaded 2 times (x 68B)
Class org.gradle.internal.service.DefaultServiceLocator                               : loaded 2 times (x 80B)
Class org.gradle.util.GradleVersion                                                   : loaded 2 times (x 80B)
Class org.gradle.internal.installation.CurrentGradleInstallation                      : loaded 2 times (x 70B)
Class org.gradle.util.internal.GUtil                                                  : loaded 2 times (x 68B)
Class org.gradle.internal.installation.GradleInstallation                             : loaded 2 times (x 72B)

---------------  S Y S T E M  ---------------

OS:
 Windows 11 , 64 bit Build 26100 (10.0.26100.2161)
OS uptime: 4 days 11:32 hours
Hyper-V role detected

CPU: total 12 (initial active 12) (12 cores per cpu, 2 threads per core) family 25 model 80 stepping 0 microcode 0xa50000d, cx8, cmov, fxsr, ht, mmx, 3dnowpref, sse, sse2, sse3, ssse3, sse4a, sse4.1, sse4.2, popcnt, lzcnt, tsc, tscinvbit, avx, avx2, aes, erms, clmul, bmi1, bmi2, adx, sha, fma, vzeroupper, clflush, clflushopt, hv, rdtscp, rdpid, fsrm, f16c, cet_ss
Processor Information for all 12 processors :
  Max Mhz: 2000, Current Mhz: 2000, Mhz Limit: 2000

Memory: 4k page, system-wide physical 7532M (597M free)
TotalPageFile size 20032M (AvailPageFile size 230M)
current process WorkingSet (physical memory assigned to process): 320M, peak: 425M
current process commit charge ("private bytes"): 428M, peak: 766M

vm_info: OpenJDK 64-Bit Server VM (21.0.3+-12282718-b509.11) for windows-amd64 JRE (21.0.3+-12282718-b509.11), built on 2024-08-27T17:34:15Z by "builder" with MS VC++ 16.10 / 16.11 (VS2019)

END.
