#
# There is insufficient memory for the Java Runtime Environment to continue.
# Native memory allocation (mmap) failed to map 1048576 bytes. Error detail: G1 virtual space
# Possible reasons:
#   The system is out of physical RAM or swap space
#   This process is running with CompressedOops enabled, and the Java Heap may be blocking the growth of the native heap
# Possible solutions:
#   Reduce memory load on the system
#   Increase physical memory or swap space
#   Check if swap backing store is full
#   Decrease Java heap size (-Xmx/-Xms)
#   Decrease number of Java threads
#   Decrease Java thread stack sizes (-Xss)
#   Set larger code cache with -XX:ReservedCodeCacheSize=
#   JVM is running with Unscaled Compressed Oops mode in which the Java heap is
#     placed in the first 4GB address space. The Java Heap base address is the
#     maximum limit for the native heap growth. Please use -XX:HeapBaseMinAddress
#     to set the Java Heap base and to place the Java Heap above 4GB virtual address.
# This output file may be truncated or incomplete.
#
#  Out of Memory Error (os_windows.cpp:3815), pid=19560, tid=8872
#
# JRE version: OpenJDK Runtime Environment (21.0.3) (build 21.0.3+-12282718-b509.11)
# Java VM: OpenJDK 64-Bit Server VM (21.0.3+-12282718-b509.11, mixed mode, tiered, compressed oops, compressed class ptrs, g1 gc, windows-amd64)
# No core dump will be written. Minidumps are not enabled by default on client versions of Windows
#

---------------  S U M M A R Y ------------

Command Line: --add-opens=java.base/java.util=ALL-UNNAMED --add-opens=java.base/java.lang=ALL-UNNAMED --add-opens=java.base/java.lang.invoke=ALL-UNNAMED --add-opens=java.prefs/java.util.prefs=ALL-UNNAMED --add-exports=jdk.compiler/com.sun.tools.javac.api=ALL-UNNAMED --add-exports=jdk.compiler/com.sun.tools.javac.util=ALL-UNNAMED --add-opens=java.base/java.nio.charset=ALL-UNNAMED --add-opens=java.base/java.net=ALL-UNNAMED --add-opens=java.base/java.util.concurrent.atomic=ALL-UNNAMED -Xmx2048m -Dfile.encoding=UTF-8 -Duser.country=DE -Duser.language=de -Duser.variant -javaagent:C:\Users\Moritz\.gradle\wrapper\dists\gradle-8.9-bin\90cnw93cvbtalezasaz0blq0a\gradle-8.9\lib\agents\gradle-instrumentation-agent-8.9.jar org.gradle.launcher.daemon.bootstrap.GradleDaemon 8.9

Host: AMD Ryzen 5 7530U with Radeon Graphics         , 12 cores, 7G,  Windows 11 , 64 bit Build 26100 (10.0.26100.2454)
Time: Sat Nov 30 23:14:12 2024 Mitteleuropäische Zeit elapsed time: 9.776296 seconds (0d 0h 0m 9s)

---------------  T H R E A D  ---------------

Current thread (0x0000027ef895ede0):  WorkerThread "GC Thread#8"    [id=8872, stack(0x000000e65f100000,0x000000e65f200000) (1024K)]

Stack: [0x000000e65f100000,0x000000e65f200000]
Native frames: (J=compiled Java code, j=interpreted, Vv=VM code, C=native code)
V  [jvm.dll+0x6cafb9]
V  [jvm.dll+0x858523]
V  [jvm.dll+0x85aa7e]
V  [jvm.dll+0x85b163]
V  [jvm.dll+0x27d356]
V  [jvm.dll+0x6c7865]
V  [jvm.dll+0x6bbd3a]
V  [jvm.dll+0x35199b]
V  [jvm.dll+0x3595d6]
V  [jvm.dll+0x3aa52b]
V  [jvm.dll+0x3aabe4]
V  [jvm.dll+0x3aacad]
V  [jvm.dll+0x32586c]
V  [jvm.dll+0x3255c8]
V  [jvm.dll+0x315e36]
V  [jvm.dll+0x316cca]
V  [jvm.dll+0x3171f8]
V  [jvm.dll+0x316bc7]
V  [jvm.dll+0x35380a]
V  [jvm.dll+0x353b86]
V  [jvm.dll+0x354cca]
V  [jvm.dll+0x3513ae]
V  [jvm.dll+0x35e46c]
V  [jvm.dll+0x360119]
V  [jvm.dll+0x35e94a]
V  [jvm.dll+0x35fd91]
V  [jvm.dll+0x36a4f3]
V  [jvm.dll+0x36a63b]
V  [jvm.dll+0x885984]
V  [jvm.dll+0x800d78]
V  [jvm.dll+0x6c98cd]
C  [ucrtbase.dll+0x14ea0]
C  [KERNEL32.DLL+0x2e8d7]
C  [ntdll.dll+0xdfbcc]


---------------  P R O C E S S  ---------------

Threads class SMR info:
_java_thread_list=0x0000027efdfa59a0, length=66, elements={
0x0000027ed9588740, 0x0000027ef3544370, 0x0000027ef35449e0, 0x0000027ef354f050,
0x0000027ef354f6c0, 0x0000027ef356e4e0, 0x0000027ef358f8a0, 0x0000027ef3592e00,
0x0000027ef35a3ad0, 0x0000027ef366b090, 0x0000027ef366aa00, 0x0000027ef80eff60,
0x0000027ef366bdb0, 0x0000027ef3668fc0, 0x0000027ef366b720, 0x0000027ef366a370,
0x0000027ef3669ce0, 0x0000027ef366c440, 0x0000027ef99c7420, 0x0000027ef99c8140,
0x0000027ef99c6700, 0x0000027ef99c8e60, 0x0000027ef99c87d0, 0x0000027ef99c7ab0,
0x0000027ef99c94f0, 0x0000027ef99ca210, 0x0000027ef99c6d90, 0x0000027ef99cd690,
0x0000027ef99cc2e0, 0x0000027ef99cdd20, 0x0000027ef99ca8a0, 0x0000027ef99caf30,
0x0000027ef99cc970, 0x0000027efd2ac710, 0x0000027efd2af500, 0x0000027efd2acda0,
0x0000027efd2ae150, 0x0000027efd2ad430, 0x0000027efd2adac0, 0x0000027efd2ae7e0,
0x0000027efd2ac080, 0x0000027efd2b0f40, 0x0000027efd2b3010, 0x0000027efd2b22f0,
0x0000027efd2b2980, 0x0000027efd2afb90, 0x0000027efd2b08b0, 0x0000027efd2b0220,
0x0000027efd2b15d0, 0x0000027efd2b1c60, 0x0000027efab8c370, 0x0000027efab8ca00,
0x0000027efab8b650, 0x0000027efab8d720, 0x0000027efab8bce0, 0x0000027efab8ddb0,
0x0000027efab8d090, 0x0000027efab8e440, 0x0000027efab8afc0, 0x0000027efa7bf110,
0x0000027efa7bbc90, 0x0000027efa7bc9b0, 0x0000027efa7bc320, 0x0000027efa7bd040,
0x0000027efa7bdd60, 0x0000027efa7bea80
}

Java Threads: ( => current thread )
  0x0000027ed9588740 JavaThread "main"                              [_thread_blocked, id=11724, stack(0x000000e65cd00000,0x000000e65ce00000) (1024K)]
  0x0000027ef3544370 JavaThread "Reference Handler"          daemon [_thread_blocked, id=17764, stack(0x000000e65d500000,0x000000e65d600000) (1024K)]
  0x0000027ef35449e0 JavaThread "Finalizer"                  daemon [_thread_blocked, id=3992, stack(0x000000e65d600000,0x000000e65d700000) (1024K)]
  0x0000027ef354f050 JavaThread "Signal Dispatcher"          daemon [_thread_blocked, id=4856, stack(0x000000e65d700000,0x000000e65d800000) (1024K)]
  0x0000027ef354f6c0 JavaThread "Attach Listener"            daemon [_thread_blocked, id=32420, stack(0x000000e65d800000,0x000000e65d900000) (1024K)]
  0x0000027ef356e4e0 JavaThread "Service Thread"             daemon [_thread_blocked, id=15012, stack(0x000000e65d900000,0x000000e65da00000) (1024K)]
  0x0000027ef358f8a0 JavaThread "Monitor Deflation Thread"   daemon [_thread_blocked, id=27640, stack(0x000000e65da00000,0x000000e65db00000) (1024K)]
  0x0000027ef3592e00 JavaThread "C2 CompilerThread0"         daemon [_thread_blocked, id=17816, stack(0x000000e65db00000,0x000000e65dc00000) (1024K)]
  0x0000027ef35a3ad0 JavaThread "C1 CompilerThread0"         daemon [_thread_blocked, id=7376, stack(0x000000e65dc00000,0x000000e65dd00000) (1024K)]
  0x0000027ef366b090 JavaThread "Common-Cleaner"             daemon [_thread_blocked, id=15120, stack(0x000000e65dd00000,0x000000e65de00000) (1024K)]
  0x0000027ef366aa00 JavaThread "Notification Thread"        daemon [_thread_blocked, id=22292, stack(0x000000e65de00000,0x000000e65df00000) (1024K)]
  0x0000027ef80eff60 JavaThread "C2 CompilerThread1"         daemon [_thread_blocked, id=15056, stack(0x000000e65df00000,0x000000e65e000000) (1024K)]
  0x0000027ef366bdb0 JavaThread "Daemon health stats"               [_thread_blocked, id=17632, stack(0x000000e65e300000,0x000000e65e400000) (1024K)]
  0x0000027ef3668fc0 JavaThread "Incoming local TCP Connector on port 62896"        [_thread_in_native, id=17048, stack(0x000000e65e500000,0x000000e65e600000) (1024K)]
  0x0000027ef366b720 JavaThread "Daemon periodic checks"            [_thread_blocked, id=22116, stack(0x000000e65e600000,0x000000e65e700000) (1024K)]
  0x0000027ef366a370 JavaThread "Daemon"                            [_thread_blocked, id=31588, stack(0x000000e65e700000,0x000000e65e800000) (1024K)]
  0x0000027ef3669ce0 JavaThread "Handler for socket connection from /127.0.0.1:62896 to /127.0.0.1:62897"        [_thread_in_native, id=21168, stack(0x000000e65e800000,0x000000e65e900000) (1024K)]
  0x0000027ef366c440 JavaThread "Cancel handler"                    [_thread_blocked, id=8480, stack(0x000000e65e900000,0x000000e65ea00000) (1024K)]
  0x0000027ef99c7420 JavaThread "Daemon worker"                     [_thread_blocked, id=6484, stack(0x000000e65ea00000,0x000000e65eb00000) (1024K)]
  0x0000027ef99c8140 JavaThread "Asynchronous log dispatcher for DefaultDaemonConnection: socket connection from /127.0.0.1:62896 to /127.0.0.1:62897"        [_thread_blocked, id=30596, stack(0x000000e65eb00000,0x000000e65ec00000) (1024K)]
  0x0000027ef99c6700 JavaThread "Stdin handler"                     [_thread_blocked, id=32024, stack(0x000000e65ec00000,0x000000e65ed00000) (1024K)]
  0x0000027ef99c8e60 JavaThread "Daemon client event forwarder"        [_thread_blocked, id=22800, stack(0x000000e65ed00000,0x000000e65ee00000) (1024K)]
  0x0000027ef99c87d0 JavaThread "Cache worker for journal cache (C:\Users\Moritz\.gradle\caches\journal-1)"        [_thread_blocked, id=19532, stack(0x000000e65f500000,0x000000e65f600000) (1024K)]
  0x0000027ef99c7ab0 JavaThread "File lock request listener"        [_thread_in_native, id=28580, stack(0x000000e65f600000,0x000000e65f700000) (1024K)]
  0x0000027ef99c94f0 JavaThread "Cache worker for file hash cache (C:\Users\Moritz\.gradle\caches\8.9\fileHashes)"        [_thread_blocked, id=22440, stack(0x000000e65f700000,0x000000e65f800000) (1024K)]
  0x0000027ef99ca210 JavaThread "Cache worker for file hash cache (D:\Repos\calender-app\.gradle\8.9\fileHashes)"        [_thread_blocked, id=24068, stack(0x000000e65f900000,0x000000e65fa00000) (1024K)]
  0x0000027ef99c6d90 JavaThread "Cache worker for Build Output Cleanup Cache (D:\Repos\calender-app\.gradle\buildOutputCleanup)"        [_thread_blocked, id=23020, stack(0x000000e65fa00000,0x000000e65fb00000) (1024K)]
  0x0000027ef99cd690 JavaThread "File watcher server"        daemon [_thread_blocked, id=14664, stack(0x000000e65fb00000,0x000000e65fc00000) (1024K)]
  0x0000027ef99cc2e0 JavaThread "File watcher consumer"      daemon [_thread_blocked, id=14396, stack(0x000000e65fc00000,0x000000e65fd00000) (1024K)]
  0x0000027ef99cdd20 JavaThread "Cache worker for checksums cache (D:\Repos\calender-app\.gradle\8.9\checksums)"        [_thread_blocked, id=29100, stack(0x000000e65fd00000,0x000000e65fe00000) (1024K)]
  0x0000027ef99ca8a0 JavaThread "Cache worker for file content cache (C:\Users\Moritz\.gradle\caches\8.9\fileContent)"        [_thread_blocked, id=3852, stack(0x000000e65fe00000,0x000000e65ff00000) (1024K)]
  0x0000027ef99caf30 JavaThread "Cache worker for cache directory md-rule (C:\Users\Moritz\.gradle\caches\8.9\md-rule)"        [_thread_blocked, id=16604, stack(0x000000e65ff00000,0x000000e660000000) (1024K)]
  0x0000027ef99cc970 JavaThread "Cache worker for cache directory md-supplier (C:\Users\Moritz\.gradle\caches\8.9\md-supplier)"        [_thread_blocked, id=21556, stack(0x000000e660000000,0x000000e660100000) (1024K)]
  0x0000027efd2ac710 JavaThread "Unconstrained build operations"        [_thread_blocked, id=11780, stack(0x000000e660100000,0x000000e660200000) (1024K)]
  0x0000027efd2af500 JavaThread "Unconstrained build operations Thread 2"        [_thread_blocked, id=30872, stack(0x000000e660200000,0x000000e660300000) (1024K)]
  0x0000027efd2acda0 JavaThread "Unconstrained build operations Thread 3"        [_thread_blocked, id=28056, stack(0x000000e660300000,0x000000e660400000) (1024K)]
  0x0000027efd2ae150 JavaThread "Unconstrained build operations Thread 4"        [_thread_blocked, id=27496, stack(0x000000e660400000,0x000000e660500000) (1024K)]
  0x0000027efd2ad430 JavaThread "Unconstrained build operations Thread 5"        [_thread_blocked, id=26792, stack(0x000000e660500000,0x000000e660600000) (1024K)]
  0x0000027efd2adac0 JavaThread "Unconstrained build operations Thread 6"        [_thread_blocked, id=7940, stack(0x000000e660600000,0x000000e660700000) (1024K)]
  0x0000027efd2ae7e0 JavaThread "Unconstrained build operations Thread 7"        [_thread_blocked, id=28904, stack(0x000000e660700000,0x000000e660800000) (1024K)]
  0x0000027efd2ac080 JavaThread "Unconstrained build operations Thread 8"        [_thread_blocked, id=6080, stack(0x000000e660800000,0x000000e660900000) (1024K)]
  0x0000027efd2b0f40 JavaThread "Unconstrained build operations Thread 9"        [_thread_blocked, id=27784, stack(0x000000e660900000,0x000000e660a00000) (1024K)]
  0x0000027efd2b3010 JavaThread "Unconstrained build operations Thread 10"        [_thread_blocked, id=32272, stack(0x000000e660a00000,0x000000e660b00000) (1024K)]
  0x0000027efd2b22f0 JavaThread "Unconstrained build operations Thread 11"        [_thread_blocked, id=29988, stack(0x000000e660b00000,0x000000e660c00000) (1024K)]
  0x0000027efd2b2980 JavaThread "Unconstrained build operations Thread 12"        [_thread_blocked, id=20000, stack(0x000000e660c00000,0x000000e660d00000) (1024K)]
  0x0000027efd2afb90 JavaThread "Unconstrained build operations Thread 13"        [_thread_blocked, id=28244, stack(0x000000e660d00000,0x000000e660e00000) (1024K)]
  0x0000027efd2b08b0 JavaThread "Unconstrained build operations Thread 14"        [_thread_blocked, id=18468, stack(0x000000e660e00000,0x000000e660f00000) (1024K)]
  0x0000027efd2b0220 JavaThread "Unconstrained build operations Thread 15"        [_thread_blocked, id=5704, stack(0x000000e660f00000,0x000000e661000000) (1024K)]
  0x0000027efd2b15d0 JavaThread "Unconstrained build operations Thread 16"        [_thread_blocked, id=18680, stack(0x000000e661000000,0x000000e661100000) (1024K)]
  0x0000027efd2b1c60 JavaThread "Unconstrained build operations Thread 17"        [_thread_blocked, id=25744, stack(0x000000e661100000,0x000000e661200000) (1024K)]
  0x0000027efab8c370 JavaThread "Unconstrained build operations Thread 18"        [_thread_blocked, id=1888, stack(0x000000e661200000,0x000000e661300000) (1024K)]
  0x0000027efab8ca00 JavaThread "Unconstrained build operations Thread 19"        [_thread_blocked, id=31964, stack(0x000000e661300000,0x000000e661400000) (1024K)]
  0x0000027efab8b650 JavaThread "Unconstrained build operations Thread 20"        [_thread_blocked, id=30568, stack(0x000000e661400000,0x000000e661500000) (1024K)]
  0x0000027efab8d720 JavaThread "Unconstrained build operations Thread 21"        [_thread_blocked, id=20760, stack(0x000000e661500000,0x000000e661600000) (1024K)]
  0x0000027efab8bce0 JavaThread "Unconstrained build operations Thread 22"        [_thread_blocked, id=30696, stack(0x000000e661600000,0x000000e661700000) (1024K)]
  0x0000027efab8ddb0 JavaThread "Unconstrained build operations Thread 23"        [_thread_blocked, id=24028, stack(0x000000e661700000,0x000000e661800000) (1024K)]
  0x0000027efab8d090 JavaThread "Unconstrained build operations Thread 24"        [_thread_blocked, id=18624, stack(0x000000e661800000,0x000000e661900000) (1024K)]
  0x0000027efab8e440 JavaThread "Unconstrained build operations Thread 25"        [_thread_blocked, id=21000, stack(0x000000e661900000,0x000000e661a00000) (1024K)]
  0x0000027efab8afc0 JavaThread "Unconstrained build operations Thread 26"        [_thread_blocked, id=992, stack(0x000000e661a00000,0x000000e661b00000) (1024K)]
  0x0000027efa7bf110 JavaThread "Unconstrained build operations Thread 27"        [_thread_blocked, id=21424, stack(0x000000e661b00000,0x000000e661c00000) (1024K)]
  0x0000027efa7bbc90 JavaThread "Unconstrained build operations Thread 28"        [_thread_blocked, id=29220, stack(0x000000e661c00000,0x000000e661d00000) (1024K)]
  0x0000027efa7bc9b0 JavaThread "Unconstrained build operations Thread 29"        [_thread_blocked, id=24828, stack(0x000000e661d00000,0x000000e661e00000) (1024K)]
  0x0000027efa7bc320 JavaThread "Unconstrained build operations Thread 30"        [_thread_blocked, id=23396, stack(0x000000e661e00000,0x000000e661f00000) (1024K)]
  0x0000027efa7bd040 JavaThread "Unconstrained build operations Thread 31"        [_thread_blocked, id=16648, stack(0x000000e661f00000,0x000000e662000000) (1024K)]
  0x0000027efa7bdd60 JavaThread "Unconstrained build operations Thread 32"        [_thread_blocked, id=13020, stack(0x000000e662000000,0x000000e662100000) (1024K)]
  0x0000027efa7bea80 JavaThread "Unconstrained build operations Thread 33"        [_thread_blocked, id=24964, stack(0x000000e662100000,0x000000e662200000) (1024K)]
Total: 66

Other Threads:
  0x0000027ef2afe8f0 VMThread "VM Thread"                           [id=12632, stack(0x000000e65d400000,0x000000e65d500000) (1024K)]
  0x0000027ef2a97080 WatcherThread "VM Periodic Task Thread"        [id=19632, stack(0x000000e65d300000,0x000000e65d400000) (1024K)]
  0x0000027ed964dfb0 WorkerThread "GC Thread#0"                     [id=9720, stack(0x000000e65ce00000,0x000000e65cf00000) (1024K)]
  0x0000027ef8459f20 WorkerThread "GC Thread#1"                     [id=23488, stack(0x000000e65e000000,0x000000e65e100000) (1024K)]
  0x0000027ef84a5d60 WorkerThread "GC Thread#2"                     [id=29360, stack(0x000000e65e100000,0x000000e65e200000) (1024K)]
  0x0000027ef8521910 WorkerThread "GC Thread#3"                     [id=24232, stack(0x000000e65e200000,0x000000e65e300000) (1024K)]
  0x0000027ef895dbc0 WorkerThread "GC Thread#4"                     [id=24692, stack(0x000000e65e400000,0x000000e65e500000) (1024K)]
  0x0000027ef895df60 WorkerThread "GC Thread#5"                     [id=21140, stack(0x000000e65ee00000,0x000000e65ef00000) (1024K)]
  0x0000027ef895e6a0 WorkerThread "GC Thread#6"                     [id=32460, stack(0x000000e65ef00000,0x000000e65f000000) (1024K)]
  0x0000027ef895ea40 WorkerThread "GC Thread#7"                     [id=26420, stack(0x000000e65f000000,0x000000e65f100000) (1024K)]
=>0x0000027ef895ede0 WorkerThread "GC Thread#8"                     [id=8872, stack(0x000000e65f100000,0x000000e65f200000) (1024K)]
  0x0000027ef895d480 WorkerThread "GC Thread#9"                     [id=31676, stack(0x000000e65f200000,0x000000e65f300000) (1024K)]
  0x0000027edb034980 ConcurrentGCThread "G1 Main Marker"            [id=15852, stack(0x000000e65cf00000,0x000000e65d000000) (1024K)]
  0x0000027edb037170 WorkerThread "G1 Conc#0"                       [id=2764, stack(0x000000e65d000000,0x000000e65d100000) (1024K)]
  0x0000027ef9ae84c0 WorkerThread "G1 Conc#1"                       [id=8436, stack(0x000000e65f300000,0x000000e65f400000) (1024K)]
  0x0000027ef9ae7640 WorkerThread "G1 Conc#2"                       [id=23148, stack(0x000000e65f400000,0x000000e65f500000) (1024K)]
  0x0000027ef296e120 ConcurrentGCThread "G1 Refine#0"               [id=15472, stack(0x000000e65d100000,0x000000e65d200000) (1024K)]
  0x0000027ef296e550 ConcurrentGCThread "G1 Service"                [id=12584, stack(0x000000e65d200000,0x000000e65d300000) (1024K)]
Total: 18

Threads with active compile tasks:
Total: 0

VM state: at safepoint (normal execution)

VM Mutex/Monitor currently owned by a thread:  ([mutex/lock_event])
[0x00007ffa5085f9c8] FreeList_lock - owner thread: 0x0000027ef895ede0
[0x00007ffa508620c8] Threads_lock - owner thread: 0x0000027ef2afe8f0
[0x00007ffa508621c8] Heap_lock - owner thread: 0x0000027ef99c7420

Heap address: 0x0000000080000000, size: 2048 MB, Compressed Oops mode: 32-bit

CDS archive(s) not mapped
Compressed class space mapped at: 0x0000000100000000-0x0000000140000000, reserved size: 1073741824
Narrow klass base: 0x0000000000000000, Narrow klass shift: 3, Narrow klass range: 0x140000000

GC Precious Log:
 CardTable entry size: 512
 Card Set container configuration: InlinePtr #cards 5 size 8 Array Of Cards #cards 12 size 40 Howl #buckets 4 coarsen threshold 1843 Howl Bitmap #cards 512 size 80 coarsen threshold 460 Card regions per heap region 1 cards per card region 2048
 CPUs: 12 total, 12 available
 Memory: 7532M
 Large Page Support: Disabled
 NUMA Support: Disabled
 Compressed Oops: Enabled (32-bit)
 Heap Region Size: 1M
 Heap Min Capacity: 8M
 Heap Initial Capacity: 118M
 Heap Max Capacity: 2G
 Pre-touch: Disabled
 Parallel Workers: 10
 Concurrent Workers: 3
 Concurrent Refinement Workers: 10
 Periodic GC: Disabled

Heap:
 garbage-first heap   total 137216K, used 127896K [0x0000000080000000, 0x0000000100000000)
  region size 1024K, 71 young (72704K), 8 survivors (8192K)
 Metaspace       used 70018K, committed 71744K, reserved 1114112K
  class space    used 9612K, committed 10496K, reserved 1048576K

Heap Regions: E=young(eden), S=young(survivor), O=old, HS=humongous(starts), HC=humongous(continues), CS=collection set, F=free, TAMS=top-at-mark-start, PB=parsable bottom
|   0|0x0000000080000000, 0x0000000080100000, 0x0000000080100000|100%|HS|  |TAMS 0x0000000080000000| PB 0x0000000080000000| Complete 
|   1|0x0000000080100000, 0x0000000080200000, 0x0000000080200000|100%|HC|  |TAMS 0x0000000080100000| PB 0x0000000080100000| Complete 
|   2|0x0000000080200000, 0x0000000080300000, 0x0000000080300000|100%|HC|  |TAMS 0x0000000080200000| PB 0x0000000080200000| Complete 
|   3|0x0000000080300000, 0x0000000080400000, 0x0000000080400000|100%|HC|  |TAMS 0x0000000080300000| PB 0x0000000080300000| Complete 
|   4|0x0000000080400000, 0x0000000080500000, 0x0000000080500000|100%| O|  |TAMS 0x0000000080400000| PB 0x0000000080400000| Untracked 
|   5|0x0000000080500000, 0x0000000080600000, 0x0000000080600000|100%| O|  |TAMS 0x0000000080500000| PB 0x0000000080500000| Untracked 
|   6|0x0000000080600000, 0x0000000080700000, 0x0000000080700000|100%| O|  |TAMS 0x0000000080600000| PB 0x0000000080600000| Untracked 
|   7|0x0000000080700000, 0x0000000080800000, 0x0000000080800000|100%| O|  |TAMS 0x0000000080700000| PB 0x0000000080700000| Untracked 
|   8|0x0000000080800000, 0x0000000080900000, 0x0000000080900000|100%| O|  |TAMS 0x0000000080800000| PB 0x0000000080800000| Untracked 
|   9|0x0000000080900000, 0x0000000080a00000, 0x0000000080a00000|100%| O|  |TAMS 0x0000000080900000| PB 0x0000000080900000| Untracked 
|  10|0x0000000080a00000, 0x0000000080b00000, 0x0000000080b00000|100%| O|  |TAMS 0x0000000080a00000| PB 0x0000000080a00000| Untracked 
|  11|0x0000000080b00000, 0x0000000080c00000, 0x0000000080c00000|100%|HS|  |TAMS 0x0000000080b00000| PB 0x0000000080b00000| Complete 
|  12|0x0000000080c00000, 0x0000000080d00000, 0x0000000080d00000|100%| O|  |TAMS 0x0000000080c00000| PB 0x0000000080c00000| Untracked 
|  13|0x0000000080d00000, 0x0000000080e00000, 0x0000000080e00000|100%| O|  |TAMS 0x0000000080d00000| PB 0x0000000080d00000| Untracked 
|  14|0x0000000080e00000, 0x0000000080f00000, 0x0000000080f00000|100%| O|  |TAMS 0x0000000080e00000| PB 0x0000000080e00000| Untracked 
|  15|0x0000000080f00000, 0x0000000081000000, 0x0000000081000000|100%| O|  |TAMS 0x0000000080f00000| PB 0x0000000080f00000| Untracked 
|  16|0x0000000081000000, 0x0000000081100000, 0x0000000081100000|100%| O|  |TAMS 0x0000000081000000| PB 0x0000000081000000| Untracked 
|  17|0x0000000081100000, 0x0000000081200000, 0x0000000081200000|100%| O|  |TAMS 0x0000000081100000| PB 0x0000000081100000| Untracked 
|  18|0x0000000081200000, 0x0000000081300000, 0x0000000081300000|100%| O|  |TAMS 0x0000000081200000| PB 0x0000000081200000| Untracked 
|  19|0x0000000081300000, 0x0000000081400000, 0x0000000081400000|100%| O|  |TAMS 0x0000000081300000| PB 0x0000000081300000| Untracked 
|  20|0x0000000081400000, 0x0000000081500000, 0x0000000081500000|100%| O|  |TAMS 0x0000000081400000| PB 0x0000000081400000| Untracked 
|  21|0x0000000081500000, 0x0000000081600000, 0x0000000081600000|100%| O|  |TAMS 0x0000000081500000| PB 0x0000000081500000| Untracked 
|  22|0x0000000081600000, 0x0000000081700000, 0x0000000081700000|100%| O|  |TAMS 0x0000000081600000| PB 0x0000000081600000| Untracked 
|  23|0x0000000081700000, 0x0000000081800000, 0x0000000081800000|100%| O|Cm|TAMS 0x0000000081700000| PB 0x0000000081700000| Complete 
|  24|0x0000000081800000, 0x0000000081900000, 0x0000000081900000|100%| O|  |TAMS 0x0000000081800000| PB 0x0000000081800000| Untracked 
|  25|0x0000000081900000, 0x0000000081a00000, 0x0000000081a00000|100%| O|  |TAMS 0x0000000081900000| PB 0x0000000081900000| Untracked 
|  26|0x0000000081a00000, 0x0000000081b00000, 0x0000000081b00000|100%| O|  |TAMS 0x0000000081a00000| PB 0x0000000081a00000| Untracked 
|  27|0x0000000081b00000, 0x0000000081c00000, 0x0000000081c00000|100%| O|  |TAMS 0x0000000081b00000| PB 0x0000000081b00000| Untracked 
|  28|0x0000000081c00000, 0x0000000081c59550, 0x0000000081d00000| 34%| O|  |TAMS 0x0000000081c00000| PB 0x0000000081c00000| Untracked 
|  29|0x0000000081d00000, 0x0000000081e00000, 0x0000000081e00000|100%|HS|  |TAMS 0x0000000081d00000| PB 0x0000000081d00000| Complete 
|  30|0x0000000081e00000, 0x0000000081f00000, 0x0000000081f00000|100%|HS|  |TAMS 0x0000000081e00000| PB 0x0000000081e00000| Complete 
|  31|0x0000000081f00000, 0x0000000082000000, 0x0000000082000000|100%|HS|  |TAMS 0x0000000081f00000| PB 0x0000000081f00000| Complete 
|  32|0x0000000082000000, 0x0000000082100000, 0x0000000082100000|100%|HC|  |TAMS 0x0000000082000000| PB 0x0000000082000000| Complete 
|  33|0x0000000082100000, 0x0000000082200000, 0x0000000082200000|100%|HS|  |TAMS 0x0000000082100000| PB 0x0000000082100000| Complete 
|  34|0x0000000082200000, 0x0000000082300000, 0x0000000082300000|100%|HC|  |TAMS 0x0000000082200000| PB 0x0000000082200000| Complete 
|  35|0x0000000082300000, 0x0000000082400000, 0x0000000082400000|100%|HS|  |TAMS 0x0000000082300000| PB 0x0000000082300000| Complete 
|  36|0x0000000082400000, 0x0000000082500000, 0x0000000082500000|100%| O|  |TAMS 0x0000000082400000| PB 0x0000000082400000| Untracked 
|  37|0x0000000082500000, 0x0000000082600000, 0x0000000082600000|100%| O|  |TAMS 0x0000000082500000| PB 0x0000000082500000| Untracked 
|  38|0x0000000082600000, 0x0000000082700000, 0x0000000082700000|100%| O|  |TAMS 0x0000000082600000| PB 0x0000000082600000| Untracked 
|  39|0x0000000082700000, 0x0000000082800000, 0x0000000082800000|100%| O|  |TAMS 0x0000000082700000| PB 0x0000000082700000| Untracked 
|  40|0x0000000082800000, 0x0000000082900000, 0x0000000082900000|100%| O|  |TAMS 0x0000000082800000| PB 0x0000000082800000| Untracked 
|  41|0x0000000082900000, 0x0000000082a00000, 0x0000000082a00000|100%| O|  |TAMS 0x0000000082900000| PB 0x0000000082900000| Untracked 
|  42|0x0000000082a00000, 0x0000000082b00000, 0x0000000082b00000|100%|HS|  |TAMS 0x0000000082a00000| PB 0x0000000082a00000| Complete 
|  43|0x0000000082b00000, 0x0000000082b8ce80, 0x0000000082c00000| 55%| E|CS|TAMS 0x0000000082b00000| PB 0x0000000082b00000| Complete 
|  44|0x0000000082c00000, 0x0000000082d00000, 0x0000000082d00000|100%| E|CS|TAMS 0x0000000082c00000| PB 0x0000000082c00000| Complete 
|  45|0x0000000082d00000, 0x0000000082e00000, 0x0000000082e00000|100%| E|CS|TAMS 0x0000000082d00000| PB 0x0000000082d00000| Complete 
|  46|0x0000000082e00000, 0x0000000082f00000, 0x0000000082f00000|100%| E|CS|TAMS 0x0000000082e00000| PB 0x0000000082e00000| Complete 
|  47|0x0000000082f00000, 0x0000000083000000, 0x0000000083000000|100%|HS|  |TAMS 0x0000000082f00000| PB 0x0000000082f00000| Complete 
|  48|0x0000000083000000, 0x0000000083100000, 0x0000000083100000|100%|HS|  |TAMS 0x0000000083000000| PB 0x0000000083000000| Complete 
|  49|0x0000000083100000, 0x0000000083200000, 0x0000000083200000|100%| E|CS|TAMS 0x0000000083100000| PB 0x0000000083100000| Complete 
|  50|0x0000000083200000, 0x0000000083300000, 0x0000000083300000|100%|HS|  |TAMS 0x0000000083200000| PB 0x0000000083200000| Complete 
|  51|0x0000000083300000, 0x0000000083400000, 0x0000000083400000|100%|HC|  |TAMS 0x0000000083300000| PB 0x0000000083300000| Complete 
|  52|0x0000000083400000, 0x0000000083500000, 0x0000000083500000|100%|HC|  |TAMS 0x0000000083400000| PB 0x0000000083400000| Complete 
|  53|0x0000000083500000, 0x0000000083600000, 0x0000000083600000|100%|HS|  |TAMS 0x0000000083500000| PB 0x0000000083500000| Complete 
|  54|0x0000000083600000, 0x0000000083700000, 0x0000000083700000|100%| E|CS|TAMS 0x0000000083600000| PB 0x0000000083600000| Complete 
|  55|0x0000000083700000, 0x0000000083800000, 0x0000000083800000|100%| E|CS|TAMS 0x0000000083700000| PB 0x0000000083700000| Complete 
|  56|0x0000000083800000, 0x0000000083900000, 0x0000000083900000|100%| E|CS|TAMS 0x0000000083800000| PB 0x0000000083800000| Complete 
|  57|0x0000000083900000, 0x0000000083a00000, 0x0000000083a00000|100%| E|CS|TAMS 0x0000000083900000| PB 0x0000000083900000| Complete 
|  58|0x0000000083a00000, 0x0000000083b00000, 0x0000000083b00000|100%| E|CS|TAMS 0x0000000083a00000| PB 0x0000000083a00000| Complete 
|  59|0x0000000083b00000, 0x0000000083c00000, 0x0000000083c00000|100%| E|CS|TAMS 0x0000000083b00000| PB 0x0000000083b00000| Complete 
|  60|0x0000000083c00000, 0x0000000083d00000, 0x0000000083d00000|100%| E|CS|TAMS 0x0000000083c00000| PB 0x0000000083c00000| Complete 
|  61|0x0000000083d00000, 0x0000000083e00000, 0x0000000083e00000|100%| E|CS|TAMS 0x0000000083d00000| PB 0x0000000083d00000| Complete 
|  62|0x0000000083e00000, 0x0000000083f00000, 0x0000000083f00000|100%| E|CS|TAMS 0x0000000083e00000| PB 0x0000000083e00000| Complete 
|  63|0x0000000083f00000, 0x0000000084000000, 0x0000000084000000|100%| E|CS|TAMS 0x0000000083f00000| PB 0x0000000083f00000| Complete 
|  64|0x0000000084000000, 0x0000000084100000, 0x0000000084100000|100%| E|CS|TAMS 0x0000000084000000| PB 0x0000000084000000| Complete 
|  65|0x0000000084100000, 0x0000000084200000, 0x0000000084200000|100%| E|CS|TAMS 0x0000000084100000| PB 0x0000000084100000| Complete 
|  66|0x0000000084200000, 0x0000000084300000, 0x0000000084300000|100%| E|CS|TAMS 0x0000000084200000| PB 0x0000000084200000| Complete 
|  67|0x0000000084300000, 0x0000000084400000, 0x0000000084400000|100%| E|CS|TAMS 0x0000000084300000| PB 0x0000000084300000| Complete 
|  68|0x0000000084400000, 0x0000000084500000, 0x0000000084500000|100%| E|CS|TAMS 0x0000000084400000| PB 0x0000000084400000| Complete 
|  69|0x0000000084500000, 0x0000000084600000, 0x0000000084600000|100%| E|CS|TAMS 0x0000000084500000| PB 0x0000000084500000| Complete 
|  70|0x0000000084600000, 0x0000000084700000, 0x0000000084700000|100%| E|CS|TAMS 0x0000000084600000| PB 0x0000000084600000| Complete 
|  71|0x0000000084700000, 0x0000000084800000, 0x0000000084800000|100%| E|CS|TAMS 0x0000000084700000| PB 0x0000000084700000| Complete 
|  72|0x0000000084800000, 0x0000000084900000, 0x0000000084900000|100%| E|CS|TAMS 0x0000000084800000| PB 0x0000000084800000| Complete 
|  73|0x0000000084900000, 0x0000000084a00000, 0x0000000084a00000|100%| E|CS|TAMS 0x0000000084900000| PB 0x0000000084900000| Complete 
|  74|0x0000000084a00000, 0x0000000084b00000, 0x0000000084b00000|100%| E|CS|TAMS 0x0000000084a00000| PB 0x0000000084a00000| Complete 
|  75|0x0000000084b00000, 0x0000000084c00000, 0x0000000084c00000|100%| E|CS|TAMS 0x0000000084b00000| PB 0x0000000084b00000| Complete 
|  76|0x0000000084c00000, 0x0000000084d00000, 0x0000000084d00000|100%| E|CS|TAMS 0x0000000084c00000| PB 0x0000000084c00000| Complete 
|  77|0x0000000084d00000, 0x0000000084e00000, 0x0000000084e00000|100%| E|CS|TAMS 0x0000000084d00000| PB 0x0000000084d00000| Complete 
|  78|0x0000000084e00000, 0x0000000084f00000, 0x0000000084f00000|100%| E|CS|TAMS 0x0000000084e00000| PB 0x0000000084e00000| Complete 
|  79|0x0000000084f00000, 0x0000000085000000, 0x0000000085000000|100%| E|CS|TAMS 0x0000000084f00000| PB 0x0000000084f00000| Complete 
|  80|0x0000000085000000, 0x0000000085100000, 0x0000000085100000|100%| E|CS|TAMS 0x0000000085000000| PB 0x0000000085000000| Complete 
|  81|0x0000000085100000, 0x0000000085200000, 0x0000000085200000|100%| E|CS|TAMS 0x0000000085100000| PB 0x0000000085100000| Complete 
|  82|0x0000000085200000, 0x0000000085300000, 0x0000000085300000|100%| E|CS|TAMS 0x0000000085200000| PB 0x0000000085200000| Complete 
|  83|0x0000000085300000, 0x0000000085400000, 0x0000000085400000|100%| E|CS|TAMS 0x0000000085300000| PB 0x0000000085300000| Complete 
|  84|0x0000000085400000, 0x0000000085500000, 0x0000000085500000|100%| E|CS|TAMS 0x0000000085400000| PB 0x0000000085400000| Complete 
|  85|0x0000000085500000, 0x0000000085600000, 0x0000000085600000|100%| E|CS|TAMS 0x0000000085500000| PB 0x0000000085500000| Complete 
|  86|0x0000000085600000, 0x0000000085700000, 0x0000000085700000|100%| E|CS|TAMS 0x0000000085600000| PB 0x0000000085600000| Complete 
|  87|0x0000000085700000, 0x0000000085800000, 0x0000000085800000|100%| E|CS|TAMS 0x0000000085700000| PB 0x0000000085700000| Complete 
|  88|0x0000000085800000, 0x0000000085900000, 0x0000000085900000|100%| E|CS|TAMS 0x0000000085800000| PB 0x0000000085800000| Complete 
|  89|0x0000000085900000, 0x0000000085a00000, 0x0000000085a00000|100%| E|CS|TAMS 0x0000000085900000| PB 0x0000000085900000| Complete 
|  90|0x0000000085a00000, 0x0000000085b00000, 0x0000000085b00000|100%| E|CS|TAMS 0x0000000085a00000| PB 0x0000000085a00000| Complete 
|  91|0x0000000085b00000, 0x0000000085c00000, 0x0000000085c00000|100%| E|CS|TAMS 0x0000000085b00000| PB 0x0000000085b00000| Complete 
|  92|0x0000000085c00000, 0x0000000085d00000, 0x0000000085d00000|100%| E|CS|TAMS 0x0000000085c00000| PB 0x0000000085c00000| Complete 
|  93|0x0000000085d00000, 0x0000000085e00000, 0x0000000085e00000|100%| E|CS|TAMS 0x0000000085d00000| PB 0x0000000085d00000| Complete 
|  94|0x0000000085e00000, 0x0000000085f00000, 0x0000000085f00000|100%| E|CS|TAMS 0x0000000085e00000| PB 0x0000000085e00000| Complete 
|  95|0x0000000085f00000, 0x0000000086000000, 0x0000000086000000|100%| E|CS|TAMS 0x0000000085f00000| PB 0x0000000085f00000| Complete 
|  96|0x0000000086000000, 0x0000000086100000, 0x0000000086100000|100%| E|CS|TAMS 0x0000000086000000| PB 0x0000000086000000| Complete 
|  97|0x0000000086100000, 0x0000000086200000, 0x0000000086200000|100%| E|CS|TAMS 0x0000000086100000| PB 0x0000000086100000| Complete 
|  98|0x0000000086200000, 0x0000000086300000, 0x0000000086300000|100%| E|CS|TAMS 0x0000000086200000| PB 0x0000000086200000| Complete 
|  99|0x0000000086300000, 0x0000000086400000, 0x0000000086400000|100%| E|CS|TAMS 0x0000000086300000| PB 0x0000000086300000| Complete 
| 100|0x0000000086400000, 0x0000000086500000, 0x0000000086500000|100%| E|CS|TAMS 0x0000000086400000| PB 0x0000000086400000| Complete 
| 101|0x0000000086500000, 0x0000000086600000, 0x0000000086600000|100%| E|CS|TAMS 0x0000000086500000| PB 0x0000000086500000| Complete 
| 102|0x0000000086600000, 0x0000000086700000, 0x0000000086700000|100%| E|CS|TAMS 0x0000000086600000| PB 0x0000000086600000| Complete 
| 103|0x0000000086700000, 0x0000000086800000, 0x0000000086800000|100%| E|CS|TAMS 0x0000000086700000| PB 0x0000000086700000| Complete 
| 104|0x0000000086800000, 0x0000000086900000, 0x0000000086900000|100%| E|CS|TAMS 0x0000000086800000| PB 0x0000000086800000| Complete 
| 105|0x0000000086900000, 0x0000000086a00000, 0x0000000086a00000|100%| E|CS|TAMS 0x0000000086900000| PB 0x0000000086900000| Complete 
| 106|0x0000000086a00000, 0x0000000086b00000, 0x0000000086b00000|100%| E|CS|TAMS 0x0000000086a00000| PB 0x0000000086a00000| Complete 
| 107|0x0000000086b00000, 0x0000000086c00000, 0x0000000086c00000|100%| E|CS|TAMS 0x0000000086b00000| PB 0x0000000086b00000| Complete 
| 108|0x0000000086c00000, 0x0000000086d00000, 0x0000000086d00000|100%| E|CS|TAMS 0x0000000086c00000| PB 0x0000000086c00000| Complete 
| 109|0x0000000086d00000, 0x0000000086e00000, 0x0000000086e00000|100%| E|CS|TAMS 0x0000000086d00000| PB 0x0000000086d00000| Complete 
| 110|0x0000000086e00000, 0x0000000086f00000, 0x0000000086f00000|100%| E|CS|TAMS 0x0000000086e00000| PB 0x0000000086e00000| Complete 
| 111|0x0000000086f00000, 0x0000000087000000, 0x0000000087000000|100%| E|CS|TAMS 0x0000000086f00000| PB 0x0000000086f00000| Complete 
| 112|0x0000000087000000, 0x0000000087100000, 0x0000000087100000|100%| E|CS|TAMS 0x0000000087000000| PB 0x0000000087000000| Complete 
| 113|0x0000000087100000, 0x0000000087200000, 0x0000000087200000|100%| E|CS|TAMS 0x0000000087100000| PB 0x0000000087100000| Complete 
| 114|0x0000000087200000, 0x0000000087300000, 0x0000000087300000|100%| E|CS|TAMS 0x0000000087200000| PB 0x0000000087200000| Complete 
| 115|0x0000000087300000, 0x0000000087400000, 0x0000000087400000|100%| E|CS|TAMS 0x0000000087300000| PB 0x0000000087300000| Complete 
| 116|0x0000000087400000, 0x0000000087500000, 0x0000000087500000|100%| S|  |TAMS 0x0000000087400000| PB 0x0000000087400000| Complete 
| 117|0x0000000087500000, 0x0000000087600000, 0x0000000087600000|100%| E|CS|TAMS 0x0000000087500000| PB 0x0000000087500000| Complete 
| 118|0x0000000087600000, 0x0000000087700000, 0x0000000087700000|100%| S|  |TAMS 0x0000000087600000| PB 0x0000000087600000| Complete 
| 119|0x0000000087700000, 0x0000000087800000, 0x0000000087800000|100%| S|  |TAMS 0x0000000087700000| PB 0x0000000087700000| Complete 
| 120|0x0000000087800000, 0x0000000087900000, 0x0000000087900000|100%| S|  |TAMS 0x0000000087800000| PB 0x0000000087800000| Complete 
| 121|0x0000000087900000, 0x0000000087a00000, 0x0000000087a00000|100%| S|  |TAMS 0x0000000087900000| PB 0x0000000087900000| Complete 
| 122|0x0000000087a00000, 0x0000000087b00000, 0x0000000087b00000|100%| S|  |TAMS 0x0000000087a00000| PB 0x0000000087a00000| Complete 
| 123|0x0000000087b00000, 0x0000000087c00000, 0x0000000087c00000|100%| S|  |TAMS 0x0000000087b00000| PB 0x0000000087b00000| Complete 
| 124|0x0000000087c00000, 0x0000000087d00000, 0x0000000087d00000|100%| S|  |TAMS 0x0000000087c00000| PB 0x0000000087c00000| Complete 
|2039|0x00000000ff700000, 0x00000000ff800000, 0x00000000ff800000|100%| O|Cm|TAMS 0x00000000ff700000| PB 0x00000000ff700000| Complete 
|2040|0x00000000ff800000, 0x00000000ff900000, 0x00000000ff900000|100%| O|  |TAMS 0x00000000ff800000| PB 0x00000000ff800000| Untracked 
|2041|0x00000000ff900000, 0x00000000ffa00000, 0x00000000ffa00000|100%| O|  |TAMS 0x00000000ff900000| PB 0x00000000ff900000| Untracked 
|2042|0x00000000ffa00000, 0x00000000ffb00000, 0x00000000ffb00000|100%| O|  |TAMS 0x00000000ffa00000| PB 0x00000000ffa00000| Untracked 
|2043|0x00000000ffb00000, 0x00000000ffc00000, 0x00000000ffc00000|100%| O|  |TAMS 0x00000000ffb00000| PB 0x00000000ffb00000| Untracked 
|2044|0x00000000ffc00000, 0x00000000ffd00000, 0x00000000ffd00000|100%| O|  |TAMS 0x00000000ffc00000| PB 0x00000000ffc00000| Untracked 
|2045|0x00000000ffd00000, 0x00000000ffe00000, 0x00000000ffe00000|100%| O|  |TAMS 0x00000000ffd00000| PB 0x00000000ffd00000| Untracked 
|2046|0x00000000ffe00000, 0x00000000fff00000, 0x00000000fff00000|100%| O|  |TAMS 0x00000000ffe00000| PB 0x00000000ffe00000| Untracked 
|2047|0x00000000fff00000, 0x0000000100000000, 0x0000000100000000|100%| O|  |TAMS 0x00000000fff00000| PB 0x00000000fff00000| Untracked 

Card table byte_map: [0x0000027eee250000,0x0000027eee650000] _byte_map_base: 0x0000027eede50000

Marking Bits: (CMBitMap*) 0x0000027ed964e6b0
 Bits: [0x0000027eee650000, 0x0000027ef0650000)

Polling page: 0x0000027edb090000

Metaspace:

Usage:
  Non-class:     58.99 MB used.
      Class:      9.39 MB used.
       Both:     68.38 MB used.

Virtual space:
  Non-class space:       64.00 MB reserved,      59.81 MB ( 93%) committed,  1 nodes.
      Class space:        1.00 GB reserved,      10.25 MB (  1%) committed,  1 nodes.
             Both:        1.06 GB reserved,      70.06 MB (  6%) committed. 

Chunk freelists:
   Non-Class:  3.39 MB
       Class:  5.59 MB
        Both:  8.98 MB

MaxMetaspaceSize: unlimited
CompressedClassSpaceSize: 1.00 GB
Initial GC threshold: 21.00 MB
Current GC threshold: 110.44 MB
CDS: off
 - commit_granule_bytes: 65536.
 - commit_granule_words: 8192.
 - virtual_space_node_default_size: 8388608.
 - enlarge_chunks_in_place: 1.
 - use_allocation_guard: 0.


Internal statistics:

num_allocs_failed_limit: 12.
num_arena_births: 3154.
num_arena_deaths: 0.
num_vsnodes_births: 2.
num_vsnodes_deaths: 0.
num_space_committed: 1121.
num_space_uncommitted: 0.
num_chunks_returned_to_freelist: 12.
num_chunks_taken_from_freelist: 5978.
num_chunk_merges: 12.
num_chunk_splits: 3886.
num_chunks_enlarged: 2448.
num_inconsistent_stats: 0.

CodeHeap 'non-profiled nmethods': size=120000Kb used=4277Kb max_used=4277Kb free=115722Kb
 bounds [0x0000027ee5ca0000, 0x0000027ee60d0000, 0x0000027eed1d0000]
CodeHeap 'profiled nmethods': size=120000Kb used=13691Kb max_used=13917Kb free=106308Kb
 bounds [0x0000027ede1d0000, 0x0000027edef70000, 0x0000027ee5700000]
CodeHeap 'non-nmethods': size=5760Kb used=1994Kb max_used=2033Kb free=3765Kb
 bounds [0x0000027ee5700000, 0x0000027ee5970000, 0x0000027ee5ca0000]
 total_blobs=8178 nmethods=7417 adapters=664
 compilation: enabled
              stopped_count=0, restarted_count=0
 full_count=0

Compilation events (20 events):
Event: 7.694 Thread 0x0000027ef35a3ad0 8314   !   3       java.util.zip.Inflater::needsDictionary (19 bytes)
Event: 7.694 Thread 0x0000027ef35a3ad0 nmethod 8314 0x0000027ede826390 code [0x0000027ede826540, 0x0000027ede826740]
Event: 7.694 Thread 0x0000027ef35a3ad0 8311       3       org.gradle.internal.classloader.TransformReplacer::access$200 (5 bytes)
Event: 7.695 Thread 0x0000027ef35a3ad0 nmethod 8311 0x0000027ede8a5f90 code [0x0000027ede8a6160, 0x0000027ede8a63c8]
Event: 7.695 Thread 0x0000027ef35a3ad0 8312       3       org.gradle.internal.classloader.TransformReplacer::access$100 (5 bytes)
Event: 7.695 Thread 0x0000027ef3592e00 8315       4       java.util.zip.ZipUtils::get16 (21 bytes)
Event: 7.695 Thread 0x0000027ef35a3ad0 nmethod 8312 0x0000027ede8a5610 code [0x0000027ede8a5820, 0x0000027ede8a5d18]
Event: 7.695 Thread 0x0000027ef35a3ad0 8313       3       org.gradle.internal.classloader.TransformReplacer::classNameToPath (20 bytes)
Event: 7.695 Thread 0x0000027ef35a3ad0 nmethod 8313 0x0000027ede329d90 code [0x0000027ede329fa0, 0x0000027ede32a440]
Event: 7.695 Thread 0x0000027ef3592e00 nmethod 8315 0x0000027ee60cc110 code [0x0000027ee60cc2a0, 0x0000027ee60cc380]
Event: 7.695 Thread 0x0000027ef35a3ad0 8316       1       java.util.zip.Inflater::hasPendingOutput (5 bytes)
Event: 7.695 Thread 0x0000027ef35a3ad0 nmethod 8316 0x0000027ee60cc490 code [0x0000027ee60cc620, 0x0000027ee60cc6f0]
Event: 7.702 Thread 0x0000027ef35a3ad0 8317   !   3       java.util.zip.InflaterInputStream::read (129 bytes)
Event: 7.703 Thread 0x0000027ef35a3ad0 nmethod 8317 0x0000027ede258510 code [0x0000027ede2587e0, 0x0000027ede259528]
Event: 7.705 Thread 0x0000027ef3592e00 8318       4       java.util.jar.Manifest::getTrustedAttributes (57 bytes)
Event: 7.711 Thread 0x0000027ef3592e00 nmethod 8318 0x0000027ee60cc790 code [0x0000027ee60cc980, 0x0000027ee60ccde8]
Event: 7.749 Thread 0x0000027ef3592e00 8319   !   4       java.util.zip.Inflater::needsInput (55 bytes)
Event: 7.750 Thread 0x0000027ef3592e00 nmethod 8319 0x0000027ee60cd210 code [0x0000027ee60cd3a0, 0x0000027ee60cd600]
Event: 7.755 Thread 0x0000027ef35a3ad0 8320       3       com.google.common.collect.MapMakerInternalMap$StrongKeyWeakValueEntry::getValue (10 bytes)
Event: 7.755 Thread 0x0000027ef35a3ad0 nmethod 8320 0x0000027ede329910 code [0x0000027ede329ac0, 0x0000027ede329c90]

GC Heap History (20 events):
Event: 3.105 GC heap after
{Heap after GC invocations=6 (full 0):
 garbage-first heap   total 89088K, used 27092K [0x0000000080000000, 0x0000000100000000)
  region size 1024K, 6 young (6144K), 6 survivors (6144K)
 Metaspace       used 35212K, committed 35968K, reserved 1114112K
  class space    used 4756K, committed 5120K, reserved 1048576K
}
Event: 3.140 GC heap before
{Heap before GC invocations=6 (full 0):
 garbage-first heap   total 89088K, used 29140K [0x0000000080000000, 0x0000000100000000)
  region size 1024K, 9 young (9216K), 6 survivors (6144K)
 Metaspace       used 35478K, committed 36288K, reserved 1114112K
  class space    used 4809K, committed 5184K, reserved 1048576K
}
Event: 3.142 GC heap after
{Heap after GC invocations=7 (full 0):
 garbage-first heap   total 89088K, used 27311K [0x0000000080000000, 0x0000000100000000)
  region size 1024K, 3 young (3072K), 3 survivors (3072K)
 Metaspace       used 35478K, committed 36288K, reserved 1114112K
  class space    used 4809K, committed 5184K, reserved 1048576K
}
Event: 3.702 GC heap before
{Heap before GC invocations=8 (full 0):
 garbage-first heap   total 89088K, used 72367K [0x0000000080000000, 0x0000000100000000)
  region size 1024K, 47 young (48128K), 3 survivors (3072K)
 Metaspace       used 43665K, committed 44864K, reserved 1114112K
  class space    used 5905K, committed 6528K, reserved 1048576K
}
Event: 3.705 GC heap after
{Heap after GC invocations=9 (full 0):
 garbage-first heap   total 107520K, used 30947K [0x0000000080000000, 0x0000000100000000)
  region size 1024K, 6 young (6144K), 6 survivors (6144K)
 Metaspace       used 43665K, committed 44864K, reserved 1114112K
  class space    used 5905K, committed 6528K, reserved 1048576K
}
Event: 4.124 GC heap before
{Heap before GC invocations=9 (full 0):
 garbage-first heap   total 107520K, used 88291K [0x0000000080000000, 0x0000000100000000)
  region size 1024K, 63 young (64512K), 6 survivors (6144K)
 Metaspace       used 47270K, committed 48512K, reserved 1114112K
  class space    used 6386K, committed 6976K, reserved 1048576K
}
Event: 4.129 GC heap after
{Heap after GC invocations=10 (full 0):
 garbage-first heap   total 107520K, used 34221K [0x0000000080000000, 0x0000000100000000)
  region size 1024K, 8 young (8192K), 8 survivors (8192K)
 Metaspace       used 47270K, committed 48512K, reserved 1114112K
  class space    used 6386K, committed 6976K, reserved 1048576K
}
Event: 4.829 GC heap before
{Heap before GC invocations=10 (full 0):
 garbage-first heap   total 107520K, used 92589K [0x0000000080000000, 0x0000000100000000)
  region size 1024K, 63 young (64512K), 8 survivors (8192K)
 Metaspace       used 55239K, committed 56640K, reserved 1114112K
  class space    used 7502K, committed 8192K, reserved 1048576K
}
Event: 4.834 GC heap after
{Heap after GC invocations=11 (full 0):
 garbage-first heap   total 107520K, used 36535K [0x0000000080000000, 0x0000000100000000)
  region size 1024K, 6 young (6144K), 6 survivors (6144K)
 Metaspace       used 55239K, committed 56640K, reserved 1114112K
  class space    used 7502K, committed 8192K, reserved 1048576K
}
Event: 5.171 GC heap before
{Heap before GC invocations=11 (full 0):
 garbage-first heap   total 107520K, used 62135K [0x0000000080000000, 0x0000000100000000)
  region size 1024K, 32 young (32768K), 6 survivors (6144K)
 Metaspace       used 59134K, committed 60608K, reserved 1114112K
  class space    used 8077K, committed 8832K, reserved 1048576K
}
Event: 5.174 GC heap after
{Heap after GC invocations=12 (full 0):
 garbage-first heap   total 107520K, used 38008K [0x0000000080000000, 0x0000000100000000)
  region size 1024K, 5 young (5120K), 5 survivors (5120K)
 Metaspace       used 59134K, committed 60608K, reserved 1114112K
  class space    used 8077K, committed 8832K, reserved 1048576K
}
Event: 6.140 GC heap before
{Heap before GC invocations=13 (full 0):
 garbage-first heap   total 107520K, used 94328K [0x0000000080000000, 0x0000000100000000)
  region size 1024K, 60 young (61440K), 5 survivors (5120K)
 Metaspace       used 64948K, committed 66496K, reserved 1114112K
  class space    used 8966K, committed 9728K, reserved 1048576K
}
Event: 6.146 GC heap after
{Heap after GC invocations=14 (full 0):
 garbage-first heap   total 107520K, used 43008K [0x0000000080000000, 0x0000000100000000)
  region size 1024K, 8 young (8192K), 8 survivors (8192K)
 Metaspace       used 64948K, committed 66496K, reserved 1114112K
  class space    used 8966K, committed 9728K, reserved 1048576K
}
Event: 6.461 GC heap before
{Heap before GC invocations=14 (full 0):
 garbage-first heap   total 107520K, used 92160K [0x0000000080000000, 0x0000000100000000)
  region size 1024K, 57 young (58368K), 8 survivors (8192K)
 Metaspace       used 65918K, committed 67520K, reserved 1114112K
  class space    used 9096K, committed 9856K, reserved 1048576K
}
Event: 6.469 GC heap after
{Heap after GC invocations=15 (full 0):
 garbage-first heap   total 107520K, used 46471K [0x0000000080000000, 0x0000000100000000)
  region size 1024K, 5 young (5120K), 5 survivors (5120K)
 Metaspace       used 65918K, committed 67520K, reserved 1114112K
  class space    used 9096K, committed 9856K, reserved 1048576K
}
Event: 6.648 GC heap before
{Heap before GC invocations=15 (full 0):
 garbage-first heap   total 107520K, used 93575K [0x0000000080000000, 0x0000000100000000)
  region size 1024K, 52 young (53248K), 5 survivors (5120K)
 Metaspace       used 66171K, committed 67776K, reserved 1114112K
  class space    used 9096K, committed 9856K, reserved 1048576K
}
Event: 6.652 GC heap after
{Heap after GC invocations=16 (full 0):
 garbage-first heap   total 107520K, used 48017K [0x0000000080000000, 0x0000000100000000)
  region size 1024K, 4 young (4096K), 4 survivors (4096K)
 Metaspace       used 66171K, committed 67776K, reserved 1114112K
  class space    used 9096K, committed 9856K, reserved 1048576K
}
Event: 6.858 GC heap before
{Heap before GC invocations=16 (full 0):
 garbage-first heap   total 107520K, used 94097K [0x0000000080000000, 0x0000000100000000)
  region size 1024K, 50 young (51200K), 4 survivors (4096K)
 Metaspace       used 66277K, committed 67840K, reserved 1114112K
  class space    used 9096K, committed 9856K, reserved 1048576K
}
Event: 6.863 GC heap after
{Heap after GC invocations=17 (full 0):
 garbage-first heap   total 129024K, used 49048K [0x0000000080000000, 0x0000000100000000)
  region size 1024K, 5 young (5120K), 5 survivors (5120K)
 Metaspace       used 66277K, committed 67840K, reserved 1114112K
  class space    used 9096K, committed 9856K, reserved 1048576K
}
Event: 7.757 GC heap before
{Heap before GC invocations=18 (full 0):
 garbage-first heap   total 129024K, used 126872K [0x0000000080000000, 0x0000000100000000)
  region size 1024K, 68 young (69632K), 5 survivors (5120K)
 Metaspace       used 70018K, committed 71744K, reserved 1114112K
  class space    used 9612K, committed 10496K, reserved 1048576K
}

Dll operation events (3 events):
Event: 0.008 Loaded shared library C:\Users\Moritz\AppData\Local\Programs\Android Studio\jbr\bin\java.dll
Event: 0.013 Loaded shared library C:\Users\Moritz\AppData\Local\Programs\Android Studio\jbr\bin\zip.dll
Event: 0.404 Loaded shared library C:\Users\Moritz\AppData\Local\Programs\Android Studio\jbr\bin\verify.dll

Deoptimization events (20 events):
Event: 7.580 Thread 0x0000027ef99c7420 DEOPT PACKING pc=0x0000027ee60a4954 sp=0x000000e65eaf7150
Event: 7.580 Thread 0x0000027ef99c7420 DEOPT UNPACKING pc=0x0000027ee57546a2 sp=0x000000e65eaf70e8 mode 2
Event: 7.581 Thread 0x0000027ef99c7420 Uncommon trap: trap_request=0xffffffc6 fr.pc=0x0000027ee60a4954 relative=0x00000000000003d4
Event: 7.581 Thread 0x0000027ef99c7420 Uncommon trap: reason=bimorphic_or_optimized_type_check action=maybe_recompile pc=0x0000027ee60a4954 method=com.google.common.cache.LocalCache$Segment.getEntry(Ljava/lang/Object;I)Lcom/google/common/cache/ReferenceEntry; @ 24 c2
Event: 7.581 Thread 0x0000027ef99c7420 DEOPT PACKING pc=0x0000027ee60a4954 sp=0x000000e65eaf7150
Event: 7.581 Thread 0x0000027ef99c7420 DEOPT UNPACKING pc=0x0000027ee57546a2 sp=0x000000e65eaf70e8 mode 2
Event: 7.582 Thread 0x0000027ef99c7420 Uncommon trap: trap_request=0xffffffc6 fr.pc=0x0000027ee60a4954 relative=0x00000000000003d4
Event: 7.582 Thread 0x0000027ef99c7420 Uncommon trap: reason=bimorphic_or_optimized_type_check action=maybe_recompile pc=0x0000027ee60a4954 method=com.google.common.cache.LocalCache$Segment.getEntry(Ljava/lang/Object;I)Lcom/google/common/cache/ReferenceEntry; @ 24 c2
Event: 7.582 Thread 0x0000027ef99c7420 DEOPT PACKING pc=0x0000027ee60a4954 sp=0x000000e65eaf7150
Event: 7.582 Thread 0x0000027ef99c7420 DEOPT UNPACKING pc=0x0000027ee57546a2 sp=0x000000e65eaf70e8 mode 2
Event: 7.584 Thread 0x0000027ef99c7420 DEOPT PACKING pc=0x0000027ede29a0a1 sp=0x000000e65eaf7240
Event: 7.584 Thread 0x0000027ef99c7420 DEOPT UNPACKING pc=0x0000027ee5754e42 sp=0x000000e65eaf6730 mode 0
Event: 7.680 Thread 0x0000027ef99c7420 Uncommon trap: trap_request=0xffffffd6 fr.pc=0x0000027ee5fc9a6c relative=0x00000000000003ac
Event: 7.680 Thread 0x0000027ef99c7420 Uncommon trap: reason=array_check action=maybe_recompile pc=0x0000027ee5fc9a6c method=java.util.LinkedHashMap.keysToArray([Ljava/lang/Object;Z)[Ljava/lang/Object; @ 67 c2
Event: 7.680 Thread 0x0000027ef99c7420 DEOPT PACKING pc=0x0000027ee5fc9a6c sp=0x000000e65eaf6550
Event: 7.680 Thread 0x0000027ef99c7420 DEOPT UNPACKING pc=0x0000027ee57546a2 sp=0x000000e65eaf64f0 mode 2
Event: 7.689 Thread 0x0000027ef99c7420 Uncommon trap: trap_request=0xffffff45 fr.pc=0x0000027ee5dbda14 relative=0x0000000000001d34
Event: 7.689 Thread 0x0000027ef99c7420 Uncommon trap: reason=unstable_if action=reinterpret pc=0x0000027ee5dbda14 method=java.util.zip.InflaterInputStream.read([BII)I @ 94 c2
Event: 7.689 Thread 0x0000027ef99c7420 DEOPT PACKING pc=0x0000027ee5dbda14 sp=0x000000e65eaf5480
Event: 7.689 Thread 0x0000027ef99c7420 DEOPT UNPACKING pc=0x0000027ee57546a2 sp=0x000000e65eaf54e0 mode 2

Classes loaded (20 events):
Event: 7.118 Loading class java/lang/ProcessBuilder
Event: 7.118 Loading class java/lang/ProcessBuilder done
Event: 7.336 Loading class java/lang/ThreadDeath
Event: 7.336 Loading class java/lang/ThreadDeath done
Event: 7.336 Loading class sun/misc/SharedSecrets
Event: 7.336 Loading class sun/misc/SharedSecrets done
Event: 7.339 Loading class sun/invoke/util/ValueConversions$1
Event: 7.339 Loading class sun/invoke/util/ValueConversions$1 done
Event: 7.339 Loading class java/lang/invoke/BoundMethodHandle$Species_LI
Event: 7.339 Loading class java/lang/invoke/BoundMethodHandle$Species_LI done
Event: 7.565 Loading class java/lang/invoke/BoundMethodHandle$Species_LJ
Event: 7.565 Loading class java/lang/invoke/BoundMethodHandle$Species_LJ done
Event: 7.566 Loading class java/lang/invoke/BoundMethodHandle$Species_LLLJ
Event: 7.566 Loading class java/lang/invoke/BoundMethodHandle$Species_LLLJ done
Event: 7.703 Loading class java/io/StringReader
Event: 7.703 Loading class java/io/StringReader done
Event: 7.743 Loading class java/util/concurrent/atomic/AtomicIntegerArray
Event: 7.743 Loading class java/util/concurrent/atomic/AtomicIntegerArray done
Event: 7.745 Loading class java/util/Currency
Event: 7.745 Loading class java/util/Currency done

Classes unloaded (0 events):
No events

Classes redefined (0 events):
No events

Internal exceptions (20 events):
Event: 6.967 Thread 0x0000027ef99c7420 Exception <a 'java/lang/NoSuchMethodError'{0x0000000086b69360}: 'void java.lang.invoke.DirectMethodHandle$Holder.invokeInterface(java.lang.Object, java.lang.Object, java.lang.Object, java.lang.Object)'> (0x0000000086b69360) 
thrown [s\src\hotspot\share\interpreter\linkResolver.cpp, line 784]
Event: 6.970 Thread 0x0000027ef99c7420 Exception <a 'java/lang/NoSuchMethodError'{0x0000000086b82808}: 'long java.lang.invoke.DirectMethodHandle$Holder.invokeVirtual(java.lang.Object, java.lang.Object)'> (0x0000000086b82808) 
thrown [s\src\hotspot\share\interpreter\linkResolver.cpp, line 784]
Event: 6.974 Thread 0x0000027ef99c8e60 Exception <a 'java/lang/NoSuchMethodError'{0x0000000086bd3b88}: static Lorg/gradle/internal/build/event/types/DefaultOperationFinishedProgressEvent;.<clinit>()V> (0x0000000086bd3b88) 
thrown [s\src\hotspot\share\prims\jni.cpp, line 1126]
Event: 6.976 Thread 0x0000027ef99c8e60 Exception <a 'java/lang/NoSuchMethodError'{0x0000000086bfc020}: static Lorg/gradle/internal/build/event/types/DefaultProjectConfigurationSuccessResult;.<clinit>()V> (0x0000000086bfc020) 
thrown [s\src\hotspot\share\prims\jni.cpp, line 1126]
Event: 6.976 Thread 0x0000027ef99c8e60 Exception <a 'java/lang/NoSuchMethodError'{0x0000000086bfd5b0}: static Lorg/gradle/internal/build/event/types/AbstractProjectConfigurationResult;.<clinit>()V> (0x0000000086bfd5b0) 
thrown [s\src\hotspot\share\prims\jni.cpp, line 1126]
Event: 6.976 Thread 0x0000027ef99c8e60 Exception <a 'java/lang/NoSuchMethodError'{0x0000000086bfeb60}: static Lorg/gradle/internal/build/event/types/AbstractOperationResult;.<clinit>()V> (0x0000000086bfeb60) 
thrown [s\src\hotspot\share\prims\jni.cpp, line 1126]
Event: 6.976 Thread 0x0000027ef99c8e60 Exception <a 'java/lang/NoSuchMethodError'{0x0000000086bffd38}: static Lorg/gradle/internal/build/event/types/AbstractResult;.<clinit>()V> (0x0000000086bffd38) 
thrown [s\src\hotspot\share\prims\jni.cpp, line 1126]
Event: 6.978 Thread 0x0000027ef99c8e60 Exception <a 'java/lang/NoSuchMethodError'{0x0000000086a17a28}: static Lorg/gradle/internal/build/event/types/DefaultPluginApplicationResult;.<clinit>()V> (0x0000000086a17a28) 
thrown [s\src\hotspot\share\prims\jni.cpp, line 1126]
Event: 6.979 Thread 0x0000027ef99c8e60 Exception <a 'java/lang/NoSuchMethodError'{0x0000000086a23af8}: static Lorg/gradle/internal/build/event/types/DefaultBinaryPluginIdentifier;.<clinit>()V> (0x0000000086a23af8) 
thrown [s\src\hotspot\share\prims\jni.cpp, line 1126]
Event: 6.981 Thread 0x0000027ef99c8e60 Exception <a 'java/lang/NoSuchMethodError'{0x0000000086a3c020}: static Lorg/gradle/internal/build/event/types/DefaultScriptPluginIdentifier;.<clinit>()V> (0x0000000086a3c020) 
thrown [s\src\hotspot\share\prims\jni.cpp, line 1126]
Event: 7.031 Thread 0x0000027ef99c7420 Implicit null exception at 0x0000027ee5fead5d to 0x0000027ee5feb270
Event: 7.031 Thread 0x0000027ef99c7420 Implicit null exception at 0x0000027ee5febadf to 0x0000027ee5febfe0
Event: 7.112 Thread 0x0000027ef99c7420 Exception <a 'java/lang/NoSuchMethodError'{0x00000000863a3680}: 'void java.lang.invoke.Invokers$Holder.invoke_MT(java.lang.Object, java.lang.Object, java.lang.Object, java.lang.Object)'> (0x00000000863a3680) 
thrown [s\src\hotspot\share\interpreter\linkResolver.cpp, line 784]
Event: 7.120 Thread 0x0000027ef99c7420 Exception <a 'java/lang/NoSuchMethodError'{0x000000008621c178}: 'java.lang.Object java.lang.invoke.DirectMethodHandle$Holder.invokeSpecial(java.lang.Object, java.lang.Object, java.lang.Object, int, java.lang.Object, java.lang.Object)'> (0x000000008621c178) 
thrown [s\src\hotspot\share\interpreter\linkResolver.cpp, line 784]
Event: 7.336 Thread 0x0000027ef99c7420 Exception <a 'java/lang/ClassNotFoundException'{0x0000000085a814b0}: sun/misc/SharedSecrets> (0x0000000085a814b0) 
thrown [s\src\hotspot\share\classfile\systemDictionary.cpp, line 312]
Event: 7.336 Thread 0x0000027ef99c7420 Exception <a 'java/lang/ClassNotFoundException'{0x0000000085a82ac8}: org/gradle/api/internal/plugins/DefaultObjectConfigurationActionBeanInfo> (0x0000000085a82ac8) 
thrown [s\src\hotspot\share\classfile\systemDictionary.cpp, line 312]
Event: 7.337 Thread 0x0000027ef99c7420 Exception <a 'java/lang/ClassNotFoundException'{0x0000000085a96610}: org/gradle/api/internal/plugins/DefaultObjectConfigurationActionCustomizer> (0x0000000085a96610) 
thrown [s\src\hotspot\share\classfile\systemDictionary.cpp, line 312]
Event: 7.338 Thread 0x0000027ef99c7420 Implicit null exception at 0x0000027ee5e018e5 to 0x0000027ee5e01b70
Event: 7.339 Thread 0x0000027ef99c7420 Exception <a 'java/lang/NoSuchMethodError'{0x0000000085aa3b18}: 'int java.lang.invoke.DirectMethodHandle$Holder.invokeSpecial(java.lang.Object, java.lang.Object, java.lang.Object, int)'> (0x0000000085aa3b18) 
thrown [s\src\hotspot\share\interpreter\linkResolver.cpp, line 784]
Event: 7.340 Thread 0x0000027ef99c7420 Exception <a 'java/lang/NoSuchMethodError'{0x0000000085ab4978}: 'java.lang.Object java.lang.invoke.DirectMethodHandle$Holder.invokeStatic(java.lang.Object, java.lang.Object, java.lang.Object, java.lang.Object, int)'> (0x0000000085ab4978) 
thrown [s\src\hotspot\share\interpreter\linkResolver.cpp, line 784]

ZGC Phase Switch (0 events):
No events

VM Operations (20 events):
Event: 6.432 Executing VM operation: ICBufferFull done
Event: 6.461 Executing VM operation: G1CollectForAllocation (G1 Evacuation Pause)
Event: 6.469 Executing VM operation: G1CollectForAllocation (G1 Evacuation Pause) done
Event: 6.645 Executing VM operation: ICBufferFull
Event: 6.645 Executing VM operation: ICBufferFull done
Event: 6.645 Executing VM operation: ICBufferFull
Event: 6.645 Executing VM operation: ICBufferFull done
Event: 6.648 Executing VM operation: G1CollectForAllocation (G1 Evacuation Pause)
Event: 6.653 Executing VM operation: G1CollectForAllocation (G1 Evacuation Pause) done
Event: 6.857 Executing VM operation: G1CollectForAllocation (G1 Evacuation Pause)
Event: 6.864 Executing VM operation: G1CollectForAllocation (G1 Evacuation Pause) done
Event: 6.901 Executing VM operation: G1PauseRemark
Event: 6.908 Executing VM operation: G1PauseRemark done
Event: 6.926 Executing VM operation: G1PauseCleanup
Event: 6.929 Executing VM operation: G1PauseCleanup done
Event: 7.147 Executing VM operation: ICBufferFull
Event: 7.147 Executing VM operation: ICBufferFull done
Event: 7.153 Executing VM operation: HandshakeAllThreads (Deoptimize)
Event: 7.153 Executing VM operation: HandshakeAllThreads (Deoptimize) done
Event: 7.757 Executing VM operation: G1CollectForAllocation (G1 Evacuation Pause)

Events (20 events):
Event: 6.906 Thread 0x0000027ef2afe8f0 flushing nmethod 0x0000027ee5d93290
Event: 6.906 Thread 0x0000027ef2afe8f0 flushing nmethod 0x0000027ee5da9890
Event: 6.906 Thread 0x0000027ef2afe8f0 flushing nmethod 0x0000027ee5d6c610
Event: 6.906 Thread 0x0000027ef2afe8f0 flushing nmethod 0x0000027ee5d91490
Event: 6.906 Thread 0x0000027ef2afe8f0 flushing nmethod 0x0000027ee5d68690
Event: 6.906 Thread 0x0000027ef2afe8f0 flushing nmethod 0x0000027ee5d01810
Event: 6.906 Thread 0x0000027ef2afe8f0 flushing nmethod 0x0000027ee5d79b90
Event: 6.906 Thread 0x0000027ef2afe8f0 flushing nmethod 0x0000027ee5d4e190
Event: 6.906 Thread 0x0000027ef2afe8f0 flushing nmethod 0x0000027ee5cf6a90
Event: 6.906 Thread 0x0000027ef2afe8f0 flushing nmethod 0x0000027ee5d1c610
Event: 6.906 Thread 0x0000027ef2afe8f0 flushing nmethod 0x0000027ee5d57190
Event: 6.906 Thread 0x0000027ef2afe8f0 flushing nmethod 0x0000027ee5d2e110
Event: 6.906 Thread 0x0000027ef2afe8f0 flushing nmethod 0x0000027ee5d2d910
Event: 6.906 Thread 0x0000027ef2afe8f0 flushing nmethod 0x0000027ee5d12c10
Event: 6.906 Thread 0x0000027ef2afe8f0 flushing nmethod 0x0000027ee5d19410
Event: 6.906 Thread 0x0000027ef2afe8f0 flushing nmethod 0x0000027ee5d0fa90
Event: 6.906 Thread 0x0000027ef2afe8f0 flushing nmethod 0x0000027ee5cd7390
Event: 6.906 Thread 0x0000027ef2afe8f0 flushing nmethod 0x0000027ee5cd0210
Event: 6.906 Thread 0x0000027ef2afe8f0 flushing nmethod 0x0000027ee5ca0010
Event: 7.447 Thread 0x0000027efaeb0fb0 Thread exited: 0x0000027efaeb0fb0


Dynamic libraries:
0x00007ff742af0000 - 0x00007ff742afa000 	C:\Users\Moritz\AppData\Local\Programs\Android Studio\jbr\bin\java.exe
0x00007ffaab840000 - 0x00007ffaabaa3000 	C:\WINDOWS\SYSTEM32\ntdll.dll
0x00007ffaaa660000 - 0x00007ffaaa728000 	C:\WINDOWS\System32\KERNEL32.DLL
0x00007ffaa8d50000 - 0x00007ffaa9102000 	C:\WINDOWS\System32\KERNELBASE.dll
0x00007ffaa91d0000 - 0x00007ffaa931b000 	C:\WINDOWS\System32\ucrtbase.dll
0x00007ffa8af20000 - 0x00007ffa8af38000 	C:\Users\Moritz\AppData\Local\Programs\Android Studio\jbr\bin\jli.dll
0x00007ffaa5b80000 - 0x00007ffaa5b9b000 	C:\Users\Moritz\AppData\Local\Programs\Android Studio\jbr\bin\VCRUNTIME140.dll
0x00007ffaa9750000 - 0x00007ffaa9918000 	C:\WINDOWS\System32\USER32.dll
0x00007ffaa9540000 - 0x00007ffaa9567000 	C:\WINDOWS\System32\win32u.dll
0x00007ffa98960000 - 0x00007ffa98bf0000 	C:\WINDOWS\WinSxS\amd64_microsoft.windows.common-controls_6595b64144ccf1df_6.0.26100.2454_none_3e0b68a2e331ad60\COMCTL32.dll
0x00007ffaa9710000 - 0x00007ffaa973a000 	C:\WINDOWS\System32\GDI32.dll
0x00007ffaaa3c0000 - 0x00007ffaaa469000 	C:\WINDOWS\System32\msvcrt.dll
0x00007ffaa9570000 - 0x00007ffaa969b000 	C:\WINDOWS\System32\gdi32full.dll
0x00007ffaa8c10000 - 0x00007ffaa8cb3000 	C:\WINDOWS\System32\msvcp_win.dll
0x00007ffaa96a0000 - 0x00007ffaa96cf000 	C:\WINDOWS\System32\IMM32.DLL
0x00007ffaa5c50000 - 0x00007ffaa5c5c000 	C:\Users\Moritz\AppData\Local\Programs\Android Studio\jbr\bin\vcruntime140_1.dll
0x00007ffa6e890000 - 0x00007ffa6e91d000 	C:\Users\Moritz\AppData\Local\Programs\Android Studio\jbr\bin\msvcp140.dll
0x00007ffa4fcc0000 - 0x00007ffa5093d000 	C:\Users\Moritz\AppData\Local\Programs\Android Studio\jbr\bin\server\jvm.dll
0x00007ffaa9b50000 - 0x00007ffaa9c04000 	C:\WINDOWS\System32\ADVAPI32.dll
0x00007ffaa9cf0000 - 0x00007ffaa9d96000 	C:\WINDOWS\System32\sechost.dll
0x00007ffaaa7c0000 - 0x00007ffaaa8d6000 	C:\WINDOWS\System32\RPCRT4.dll
0x00007ffaaa480000 - 0x00007ffaaa4f4000 	C:\WINDOWS\System32\WS2_32.dll
0x00007ffaa78a0000 - 0x00007ffaa78ee000 	C:\WINDOWS\SYSTEM32\POWRPROF.dll
0x00007ffa9d440000 - 0x00007ffa9d44b000 	C:\WINDOWS\SYSTEM32\VERSION.dll
0x00007ffaa59f0000 - 0x00007ffaa5a26000 	C:\WINDOWS\SYSTEM32\WINMM.dll
0x00007ffaa7880000 - 0x00007ffaa7894000 	C:\WINDOWS\SYSTEM32\UMPDC.dll
0x00007ffaa7b60000 - 0x00007ffaa7b7a000 	C:\WINDOWS\SYSTEM32\kernel.appcore.dll
0x00007ffaa5b70000 - 0x00007ffaa5b7a000 	C:\Users\Moritz\AppData\Local\Programs\Android Studio\jbr\bin\jimage.dll
0x00007ffaa6530000 - 0x00007ffaa6771000 	C:\WINDOWS\SYSTEM32\DBGHELP.DLL
0x00007ffaaa030000 - 0x00007ffaaa3ae000 	C:\WINDOWS\System32\combase.dll
0x00007ffaab680000 - 0x00007ffaab756000 	C:\WINDOWS\System32\OLEAUT32.dll
0x00007ffaa59b0000 - 0x00007ffaa59e9000 	C:\WINDOWS\SYSTEM32\dbgcore.DLL
0x00007ffaa9320000 - 0x00007ffaa93b9000 	C:\WINDOWS\System32\bcryptPrimitives.dll
0x00007ffa9a990000 - 0x00007ffa9a99e000 	C:\Users\Moritz\AppData\Local\Programs\Android Studio\jbr\bin\instrument.dll
0x00007ffaa5aa0000 - 0x00007ffaa5abf000 	C:\Users\Moritz\AppData\Local\Programs\Android Studio\jbr\bin\java.dll
0x00007ffaa17a0000 - 0x00007ffaa17b8000 	C:\Users\Moritz\AppData\Local\Programs\Android Studio\jbr\bin\zip.dll
0x00007ffaaaf70000 - 0x00007ffaab670000 	C:\WINDOWS\System32\SHELL32.dll
0x00007ffaa6910000 - 0x00007ffaa7141000 	C:\WINDOWS\SYSTEM32\windows.storage.dll
0x00007ffaa9c10000 - 0x00007ffaa9cea000 	C:\WINDOWS\System32\SHCORE.dll
0x00007ffaaa990000 - 0x00007ffaaa9ed000 	C:\WINDOWS\System32\shlwapi.dll
0x00007ffaa8b20000 - 0x00007ffaa8b4e000 	C:\WINDOWS\SYSTEM32\profapi.dll
0x00007ffaa5b60000 - 0x00007ffaa5b70000 	C:\Users\Moritz\AppData\Local\Programs\Android Studio\jbr\bin\net.dll
0x00007ffaa3f90000 - 0x00007ffaa40b6000 	C:\WINDOWS\SYSTEM32\WINHTTP.dll
0x00007ffaa8060000 - 0x00007ffaa80c8000 	C:\WINDOWS\system32\mswsock.dll
0x00007ffaa1600000 - 0x00007ffaa1616000 	C:\Users\Moritz\AppData\Local\Programs\Android Studio\jbr\bin\nio.dll
0x00007ffaa0170000 - 0x00007ffaa0180000 	C:\Users\Moritz\AppData\Local\Programs\Android Studio\jbr\bin\verify.dll
0x00007ffa885f0000 - 0x00007ffa88617000 	C:\Users\Moritz\.gradle\native\c067742578af261105cb4f569cf0c3c89f3d7b1fecec35dd04571415982c5e48\windows-amd64\native-platform.dll
0x00007ffa86b60000 - 0x00007ffa86ca4000 	C:\Users\Moritz\.gradle\native\100fb08df4bc3b14c8652ba06237920a3bd2aa13389f12d3474272988ae205f9\windows-amd64\native-platform-file-events.dll
0x00007ffaa29b0000 - 0x00007ffaa29b9000 	C:\Users\Moritz\AppData\Local\Programs\Android Studio\jbr\bin\management.dll
0x00007ffaa15f0000 - 0x00007ffaa15fb000 	C:\Users\Moritz\AppData\Local\Programs\Android Studio\jbr\bin\management_ext.dll
0x00007ffaab7f0000 - 0x00007ffaab7f8000 	C:\WINDOWS\System32\PSAPI.DLL
0x00007ffaa8300000 - 0x00007ffaa831c000 	C:\WINDOWS\SYSTEM32\CRYPTSP.dll
0x00007ffaa7ac0000 - 0x00007ffaa7af8000 	C:\WINDOWS\system32\rsaenh.dll
0x00007ffaa8100000 - 0x00007ffaa812b000 	C:\WINDOWS\SYSTEM32\USERENV.dll
0x00007ffaa8540000 - 0x00007ffaa8566000 	C:\WINDOWS\SYSTEM32\bcrypt.dll
0x00007ffaa8320000 - 0x00007ffaa832c000 	C:\WINDOWS\SYSTEM32\CRYPTBASE.dll
0x00007ffaa74e0000 - 0x00007ffaa7512000 	C:\WINDOWS\SYSTEM32\IPHLPAPI.DLL
0x00007ffaaa730000 - 0x00007ffaaa73a000 	C:\WINDOWS\System32\NSI.dll
0x00007ffaa3eb0000 - 0x00007ffaa3eb9000 	C:\Users\Moritz\AppData\Local\Programs\Android Studio\jbr\bin\extnet.dll
0x00007ffa69e80000 - 0x00007ffa69e88000 	C:\WINDOWS\system32\wshunix.dll

dbghelp: loaded successfully - version: 4.0.5 - missing functions: none
symbol engine: initialized successfully - sym options: 0x614 - pdb path: .;C:\Users\Moritz\AppData\Local\Programs\Android Studio\jbr\bin;C:\WINDOWS\SYSTEM32;C:\WINDOWS\WinSxS\amd64_microsoft.windows.common-controls_6595b64144ccf1df_6.0.26100.2454_none_3e0b68a2e331ad60;C:\Users\Moritz\AppData\Local\Programs\Android Studio\jbr\bin\server;C:\Users\Moritz\.gradle\native\c067742578af261105cb4f569cf0c3c89f3d7b1fecec35dd04571415982c5e48\windows-amd64;C:\Users\Moritz\.gradle\native\100fb08df4bc3b14c8652ba06237920a3bd2aa13389f12d3474272988ae205f9\windows-amd64

VM Arguments:
jvm_args: --add-opens=java.base/java.util=ALL-UNNAMED --add-opens=java.base/java.lang=ALL-UNNAMED --add-opens=java.base/java.lang.invoke=ALL-UNNAMED --add-opens=java.prefs/java.util.prefs=ALL-UNNAMED --add-exports=jdk.compiler/com.sun.tools.javac.api=ALL-UNNAMED --add-exports=jdk.compiler/com.sun.tools.javac.util=ALL-UNNAMED --add-opens=java.base/java.nio.charset=ALL-UNNAMED --add-opens=java.base/java.net=ALL-UNNAMED --add-opens=java.base/java.util.concurrent.atomic=ALL-UNNAMED -Xmx2048m -Dfile.encoding=UTF-8 -Duser.country=DE -Duser.language=de -Duser.variant -javaagent:C:\Users\Moritz\.gradle\wrapper\dists\gradle-8.9-bin\90cnw93cvbtalezasaz0blq0a\gradle-8.9\lib\agents\gradle-instrumentation-agent-8.9.jar 
java_command: org.gradle.launcher.daemon.bootstrap.GradleDaemon 8.9
java_class_path (initial): C:\Users\Moritz\.gradle\wrapper\dists\gradle-8.9-bin\90cnw93cvbtalezasaz0blq0a\gradle-8.9\lib\gradle-daemon-main-8.9.jar
Launcher Type: SUN_STANDARD

[Global flags]
     intx CICompilerCount                          = 4                                         {product} {ergonomic}
     uint ConcGCThreads                            = 3                                         {product} {ergonomic}
     uint G1ConcRefinementThreads                  = 10                                        {product} {ergonomic}
   size_t G1HeapRegionSize                         = 1048576                                   {product} {ergonomic}
    uintx GCDrainStackTargetSize                   = 64                                        {product} {ergonomic}
   size_t InitialHeapSize                          = 123731968                                 {product} {ergonomic}
   size_t MarkStackSize                            = 4194304                                   {product} {ergonomic}
   size_t MaxHeapSize                              = 2147483648                                {product} {command line}
   size_t MaxNewSize                               = 1287651328                                {product} {ergonomic}
   size_t MinHeapDeltaBytes                        = 1048576                                   {product} {ergonomic}
   size_t MinHeapSize                              = 8388608                                   {product} {ergonomic}
    uintx NonNMethodCodeHeapSize                   = 5839372                                {pd product} {ergonomic}
    uintx NonProfiledCodeHeapSize                  = 122909434                              {pd product} {ergonomic}
    uintx ProfiledCodeHeapSize                     = 122909434                              {pd product} {ergonomic}
    uintx ReservedCodeCacheSize                    = 251658240                              {pd product} {ergonomic}
     bool SegmentedCodeCache                       = true                                      {product} {ergonomic}
   size_t SoftMaxHeapSize                          = 2147483648                             {manageable} {ergonomic}
     bool UseCompressedOops                        = true                           {product lp64_product} {ergonomic}
     bool UseG1GC                                  = true                                      {product} {ergonomic}
     bool UseLargePagesIndividualAllocation        = false                                  {pd product} {ergonomic}

Logging:
Log output configuration:
 #0: stdout all=warning uptime,level,tags foldmultilines=false
 #1: stderr all=off uptime,level,tags foldmultilines=false

Environment Variables:
PATH=C:\Program Files\Common Files\Oracle\Java\javapath;C:\WINDOWS\system32;C:\WINDOWS;C:\WINDOWS\System32\Wbem;C:\WINDOWS\System32\WindowsPowerShell\v1.0\;C:\WINDOWS\System32\OpenSSH\;C:\Users\Moritz\AppData\Roaming\nvm;C:\Program Files\nodejs;C:\msys64\ucrt64\bin;C:\Program Files\Git\cmd;C:\Program Files\nodejs\;C:\Program Files\Neovim\bin;C:\Program Files\GitHub CLI\;C:\ProgramData\chocolatey\bin;C:\Users\Moritz\.pyenv\pyenv-win\bin;C:\Users\Moritz\.pyenv\pyenv-win\shims;C:\Program Files (x86)\Windows Kits\10\Windows Performance Toolkit\;C:\msys64\usr\bin;C:\Program Files\nodejs\;C:\Users\Moritz\.pyenv\pyenv-win\bin;C:\Users\Moritz\.pyenv\pyenv-win\shims;C:\Users\Moritz\AppData\Local\Microsoft\WindowsApps;C:\Users\Moritz\AppData\Roaming\nvm;C:\Program Files\nodejs;C:\Users\Moritz\AppData\Roaming\npm;C:\Users\Moritz\AppData\Local\Microsoft\WinGet\Links;C:\Users\Moritz\AppData\Local\Programs\Microsoft VS Code\bin;C:\Users\Moritz\AppData\Local\JetBrains\Toolbox\scripts;
USERNAME=Moritz
OS=Windows_NT
PROCESSOR_IDENTIFIER=AMD64 Family 25 Model 80 Stepping 0, AuthenticAMD
TMP=C:\Users\Moritz\AppData\Local\Temp
TEMP=C:\Users\Moritz\AppData\Local\Temp




Periodic native trim disabled

JNI global refs:
JNI global refs: 28, weak refs: 0

JNI global refs memory usage: 835, weak refs: 833

Process memory usage:
Resident Set Size: 379880K (4% of 7712828K total physical memory with 739440K free physical memory)

OOME stack traces (most recent first):
Classloader memory used:
Loader org.gradle.internal.classloader.VisitableURLClassLoader                         : 33701K
Loader bootstrap                                                                       : 23033K
Loader org.gradle.initialization.MixInLegacyTypesClassLoader                           : 9485K
Loader org.gradle.internal.classloader.VisitableURLClassLoader$InstrumentingVisitableURLClassLoader: 2752K
Loader jdk.internal.loader.ClassLoaders$PlatformClassLoader                            : 532K
Loader jdk.internal.loader.ClassLoaders$AppClassLoader                                 : 230K
Loader org.gradle.internal.classloader.VisitableURLClassLoader                         : 158K
Loader jdk.internal.reflect.DelegatingClassLoader                                      : 123K

Classes loaded by more than one classloader:
Class Program                                                                         : loaded 4 times (x 71B)
Class org.gradle.internal.classloader.FilteringClassLoader                            : loaded 2 times (x 102B)
Class [Lcom.google.common.base.AbstractIterator$State;                                : loaded 2 times (x 66B)
Class com.google.common.base.CharMatcher$IsEither                                     : loaded 2 times (x 108B)
Class org.gradle.internal.classloader.ClassLoaderHierarchy                            : loaded 2 times (x 67B)
Class com.google.common.collect.ImmutableList$1                                       : loaded 2 times (x 94B)
Class org.gradle.api.internal.classpath.ManifestUtil                                  : loaded 2 times (x 68B)
Class com.google.common.collect.RegularImmutableMap                                   : loaded 2 times (x 118B)
Class com.google.common.collect.ImmutableMap$MapViewOfValuesAsSingletonSets           : loaded 2 times (x 122B)
Class com.google.common.collect.UnmodifiableListIterator                              : loaded 2 times (x 92B)
Class com.google.common.base.Platform$JdkPatternCompiler                              : loaded 2 times (x 72B)
Class org.gradle.internal.classloader.DefaultClassLoaderFactory                       : loaded 2 times (x 79B)
Class com.google.common.base.CharMatcher$None                                         : loaded 2 times (x 109B)
Class org.gradle.internal.classloader.ClassLoaderVisitor                              : loaded 2 times (x 73B)
Class [Lcom.google.common.collect.ImmutableMapEntry;                                  : loaded 2 times (x 66B)
Class org.gradle.api.internal.classpath.EffectiveClassPath                            : loaded 2 times (x 87B)
Class com.google.common.collect.ImmutableEnumMap                                      : loaded 2 times (x 122B)
Class com.google.common.collect.ListMultimap                                          : loaded 2 times (x 67B)
Class com.google.common.base.Splitter                                                 : loaded 2 times (x 69B)
Class org.gradle.api.internal.DefaultClassPathProvider                                : loaded 2 times (x 73B)
Class [Lorg.gradle.api.internal.ClassPathProvider;                                    : loaded 2 times (x 66B)
Class org.gradle.api.internal.ClassPathProvider                                       : loaded 2 times (x 67B)
Class com.google.common.base.AbstractIterator$State                                   : loaded 2 times (x 76B)
Class org.gradle.internal.service.UnknownServiceException                             : loaded 2 times (x 80B)
Class com.google.common.collect.MapDifference                                         : loaded 2 times (x 67B)
Class com.google.common.base.Splitter$1                                               : loaded 2 times (x 74B)
Class org.gradle.internal.classpath.TransformedClassPath                              : loaded 2 times (x 93B)
Class com.google.common.collect.Iterators$ArrayItr                                    : loaded 2 times (x 94B)
Class com.google.common.collect.ImmutableCollection$Builder                           : loaded 2 times (x 73B)
Class com.google.common.collect.Platform                                              : loaded 2 times (x 68B)
Class com.google.common.collect.UnmodifiableIterator                                  : loaded 2 times (x 77B)
Class org.gradle.internal.service.ServiceLocator                                      : loaded 2 times (x 67B)
Class com.google.common.collect.AbstractMapEntry                                      : loaded 2 times (x 78B)
Class com.google.common.collect.AbstractMultimap                                      : loaded 2 times (x 120B)
Class com.google.common.collect.RegularImmutableAsList                                : loaded 2 times (x 213B)
Class com.google.common.collect.Iterators                                             : loaded 2 times (x 68B)
Class com.google.common.base.CharMatcher$RangesMatcher                                : loaded 2 times (x 109B)
Class com.google.common.collect.Lists$StringAsImmutableList                           : loaded 2 times (x 204B)
Class org.gradle.kotlin.dsl.VersionCatalogAccessorsKt                                 : loaded 2 times (x 68B)
Class com.google.common.base.CharMatcher$JavaLetterOrDigit                            : loaded 2 times (x 108B)
Class org.gradle.internal.InternalTransformer                                         : loaded 2 times (x 67B)
Class com.google.common.base.CharMatcher$And                                          : loaded 2 times (x 109B)
Class org.gradle.internal.classloader.ClasspathUtil$1                                 : loaded 2 times (x 73B)
Class com.google.common.collect.IndexedImmutableSet                                   : loaded 2 times (x 147B)
Class com.google.common.collect.ImmutableMap$1                                        : loaded 2 times (x 78B)
Class com.google.common.collect.BiMap                                                 : loaded 2 times (x 67B)
Class org.gradle.api.internal.classpath.DefaultModuleRegistry$DefaultModule           : loaded 2 times (x 83B)
Class com.google.common.collect.AbstractIterator                                      : loaded 2 times (x 79B)
Class com.google.common.math.MathPreconditions                                        : loaded 2 times (x 68B)
Class com.google.common.collect.Multiset                                              : loaded 2 times (x 67B)
Class com.google.common.collect.ArrayListMultimapGwtSerializationDependencies         : loaded 2 times (x 169B)
Class com.google.common.collect.ObjectArrays                                          : loaded 2 times (x 68B)
Class com.google.common.collect.AbstractIndexedListIterator                           : loaded 2 times (x 93B)
Class com.google.common.collect.ImmutableMapEntrySet                                  : loaded 2 times (x 148B)
Class org.gradle.api.internal.classpath.Module                                        : loaded 2 times (x 67B)
Class org.gradle.api.internal.classpath.UnknownModuleException                        : loaded 2 times (x 79B)
Class com.google.common.collect.ImmutableMap$Builder                                  : loaded 2 times (x 79B)
Class com.google.common.base.NullnessCasts                                            : loaded 2 times (x 68B)
Class org.gradle.api.internal.DefaultClassPathRegistry                                : loaded 2 times (x 73B)
Class com.google.common.collect.Multimap                                              : loaded 2 times (x 67B)
Class org.gradle.api.internal.ClassPathRegistry                                       : loaded 2 times (x 67B)
Class org.gradle.internal.classpath.DefaultClassPath$ImmutableUniqueList              : loaded 2 times (x 196B)
Class com.google.common.collect.SingletonImmutableList                                : loaded 2 times (x 204B)
Class com.google.common.collect.RegularImmutableMap$KeySet                            : loaded 2 times (x 147B)
Class Settings_gradle$1                                                               : loaded 2 times (x 71B)
Class org.gradle.internal.classpath.ClassPath                                         : loaded 2 times (x 67B)
Class org.gradle.api.UncheckedIOException                                             : loaded 2 times (x 79B)
Class com.google.common.collect.ImmutableList$ReverseImmutableList                    : loaded 2 times (x 205B)
Class com.google.common.base.JdkPattern                                               : loaded 2 times (x 72B)
Class com.google.common.collect.Iterators$1                                           : loaded 2 times (x 78B)
Class com.google.common.collect.SingletonImmutableSet                                 : loaded 2 times (x 143B)
Class com.google.common.collect.ImmutableMap$IteratorBasedImmutableMap                : loaded 2 times (x 122B)
Class com.google.common.collect.Iterators$4                                           : loaded 2 times (x 79B)
Class com.google.common.collect.ImmutableBiMap                                        : loaded 2 times (x 140B)
Class com.google.common.collect.AbstractListMultimap                                  : loaded 2 times (x 169B)
Class org.gradle.internal.installation.GradleInstallation$1                           : loaded 2 times (x 72B)
Class org.gradle.api.internal.classpath.ModuleRegistry                                : loaded 2 times (x 67B)
Class com.google.common.collect.Iterators$5                                           : loaded 2 times (x 79B)
Class com.google.common.collect.ImmutableSet$JdkBackedSetBuilderImpl                  : loaded 2 times (x 73B)
Class com.google.common.base.Splitter$SplittingIterator                               : loaded 2 times (x 81B)
Class com.google.common.base.CharMatcher$ForPredicate                                 : loaded 2 times (x 109B)
Class com.google.common.collect.ImmutableCollection                                   : loaded 2 times (x 122B)
Class com.google.common.base.CharMatcher$AnyOf                                        : loaded 2 times (x 109B)
Class org.gradle.api.internal.classpath.DefaultModuleRegistry                         : loaded 2 times (x 80B)
Class com.google.common.collect.ImmutableSet$CachingAsList                            : loaded 2 times (x 144B)
Class com.google.common.base.Converter                                                : loaded 2 times (x 87B)
Class com.google.common.collect.Lists                                                 : loaded 2 times (x 68B)
Class com.google.common.base.CharMatcher$Any                                          : loaded 2 times (x 109B)
Class com.google.common.collect.Iterators$9                                           : loaded 2 times (x 78B)
Class com.google.common.collect.AbstractMapBasedMultimap                              : loaded 2 times (x 136B)
Class com.google.common.collect.ImmutableAsList                                       : loaded 2 times (x 206B)
Class com.google.common.collect.Maps$EntryTransformer                                 : loaded 2 times (x 67B)
Class org.gradle.internal.service.ServiceLookupException                              : loaded 2 times (x 79B)
Class com.google.common.base.CharMatcher$JavaLetter                                   : loaded 2 times (x 108B)
Class org.gradle.internal.classloader.ClassLoaderFactory                              : loaded 2 times (x 67B)
Class com.google.common.base.CharMatcher$IsNot                                        : loaded 2 times (x 108B)
Class com.google.common.base.CommonPattern                                            : loaded 2 times (x 71B)
Class org.gradle.internal.service.CachingServiceLocator                               : loaded 2 times (x 79B)
Class com.google.common.math.IntMath                                                  : loaded 2 times (x 68B)
Class com.google.common.collect.Iterators$10                                          : loaded 2 times (x 78B)
Class com.google.common.collect.ImmutableMapEntry                                     : loaded 2 times (x 82B)
Class com.google.common.base.CharMatcher$JavaDigit                                    : loaded 2 times (x 108B)
Class com.google.common.collect.ImmutableMapEntry$NonTerminalImmutableMapEntry        : loaded 2 times (x 82B)
Class com.google.common.base.Function                                                 : loaded 2 times (x 67B)
Class com.google.common.collect.RegularImmutableList                                  : loaded 2 times (x 209B)
Class com.google.common.collect.ImmutableBiMapFauxverideShim                          : loaded 2 times (x 117B)
Class org.gradle.internal.classloader.ClasspathUtil                                   : loaded 2 times (x 68B)
Class com.google.common.collect.Maps                                                  : loaded 2 times (x 68B)
Class com.google.common.base.CharMatcher$JavaUpperCase                                : loaded 2 times (x 108B)
Class org.gradle.api.specs.Spec                                                       : loaded 2 times (x 67B)
Class [Lcom.google.common.collect.ImmutableEntry;                                     : loaded 2 times (x 66B)
Class com.google.common.base.Platform                                                 : loaded 2 times (x 68B)
Class Build_gradle$1                                                                  : loaded 2 times (x 75B)
Class com.google.common.collect.Maps$8                                                : loaded 2 times (x 79B)
Class com.google.common.base.CharMatcher$Invisible                                    : loaded 2 times (x 109B)
Class org.gradle.internal.classloader.VisitableURLClassLoader$InstrumentingVisitableURLClassLoader: loaded 2 times (x 120B)
Class com.google.common.math.IntMath$1                                                : loaded 2 times (x 68B)
Class org.gradle.internal.classloader.VisitableURLClassLoader$Spec                    : loaded 2 times (x 71B)
Class org.gradle.internal.classpath.DefaultClassPath                                  : loaded 2 times (x 87B)
Class com.google.common.base.AbstractIterator                                         : loaded 2 times (x 77B)
Class com.google.common.collect.RegularImmutableMap$Values                            : loaded 2 times (x 204B)
Class com.google.common.collect.ImmutableSet                                          : loaded 2 times (x 142B)
Class com.google.common.base.CharMatcher$BitSetMatcher                                : loaded 2 times (x 109B)
Class com.google.common.base.CharMatcher$Ascii                                        : loaded 2 times (x 109B)
Class org.gradle.internal.classloader.ClassLoaderSpec                                 : loaded 2 times (x 68B)
Class com.google.common.base.CharMatcher$Or                                           : loaded 2 times (x 109B)
Class Settings_gradle$1$1                                                             : loaded 2 times (x 71B)
Class org.gradle.internal.classloader.VisitableURLClassLoader                         : loaded 2 times (x 114B)
Class Settings_gradle                                                                 : loaded 2 times (x 125B)
Class org.gradle.internal.Cast                                                        : loaded 2 times (x 68B)
Class org.gradle.api.Action                                                           : loaded 2 times (x 67B)
Class com.google.common.base.Strings                                                  : loaded 2 times (x 68B)
Class com.google.common.base.CharMatcher$FastMatcher                                  : loaded 2 times (x 108B)
Class org.gradle.internal.agents.InstrumentingClassLoader                             : loaded 2 times (x 67B)
Class com.google.common.collect.ImmutableMap                                          : loaded 2 times (x 117B)
Class com.google.common.base.Predicate                                                : loaded 2 times (x 67B)
Class org.gradle.internal.classpath.DefaultClassPath$ImmutableUniqueList$Builder      : loaded 2 times (x 72B)
Class com.google.common.base.CharMatcher$NegatedFastMatcher                           : loaded 2 times (x 110B)
Class [Lcom.google.common.collect.AbstractMapEntry;                                   : loaded 2 times (x 66B)
Class com.google.common.collect.ImmutableEntry                                        : loaded 2 times (x 79B)
Class com.google.common.collect.ArrayListMultimap                                     : loaded 2 times (x 169B)
Class com.google.common.base.AbstractIterator$1                                       : loaded 2 times (x 68B)
Class com.google.common.base.CharMatcher$Digit                                        : loaded 2 times (x 109B)
Class org.gradle.api.GradleException                                                  : loaded 2 times (x 79B)
Class com.google.common.collect.CollectPreconditions                                  : loaded 2 times (x 68B)
Class com.google.common.base.CharMatcher$JavaIsoControl                               : loaded 2 times (x 109B)
Class com.google.common.collect.SortedMapDifference                                   : loaded 2 times (x 67B)
Class com.google.common.base.CharMatcher$JavaLowerCase                                : loaded 2 times (x 108B)
Class com.google.common.base.Splitter$1$1                                             : loaded 2 times (x 83B)
Class com.google.common.base.CharMatcher$Whitespace                                   : loaded 2 times (x 109B)
Class org.gradle.internal.IoActions                                                   : loaded 2 times (x 68B)
Class com.google.common.collect.ImmutableSet$RegularSetBuilderImpl                    : loaded 2 times (x 74B)
Class com.google.common.base.CharMatcher$SingleWidth                                  : loaded 2 times (x 109B)
Class org.gradle.internal.classloader.SystemClassLoaderSpec                           : loaded 2 times (x 68B)
Class com.google.common.collect.RegularImmutableMap$BucketOverflowException           : loaded 2 times (x 79B)
Class com.google.common.base.CharMatcher$Negated                                      : loaded 2 times (x 110B)
Class com.google.common.base.CharMatcher$Is                                           : loaded 2 times (x 108B)
Class com.google.common.collect.Hashing                                               : loaded 2 times (x 68B)
Class com.google.common.base.PatternCompiler                                          : loaded 2 times (x 67B)
Class com.google.common.base.Preconditions                                            : loaded 2 times (x 68B)
Class com.google.common.collect.PeekingIterator                                       : loaded 2 times (x 67B)
Class com.google.common.base.CharMatcher                                              : loaded 2 times (x 108B)
Class com.google.common.base.CharMatcher$1                                            : loaded 2 times (x 110B)
Class com.google.common.base.CharMatcher$NamedFastMatcher                             : loaded 2 times (x 109B)
Class com.google.common.collect.ImmutableMapEntrySet$RegularEntrySet                  : loaded 2 times (x 148B)
Class com.google.common.collect.Maps$BiMapConverter                                   : loaded 2 times (x 87B)
Class com.google.common.collect.ImmutableSet$Builder                                  : loaded 2 times (x 82B)
Class com.google.common.base.CharMatcher$InRange                                      : loaded 2 times (x 108B)
Class Build_gradle                                                                    : loaded 2 times (x 69B)
Class org.gradle.internal.installation.CurrentGradleInstallationLocator               : loaded 2 times (x 68B)
Class com.google.common.collect.ImmutableSet$EmptySetBuilderImpl                      : loaded 2 times (x 73B)
Class com.google.common.collect.ImmutableList                                         : loaded 2 times (x 203B)
Class org.gradle.internal.service.DefaultServiceLocator                               : loaded 2 times (x 80B)
Class com.google.common.collect.ImmutableSet$SetBuilderImpl                           : loaded 2 times (x 73B)
Class org.gradle.internal.installation.CurrentGradleInstallation                      : loaded 2 times (x 70B)
Class com.google.common.collect.ImmutableList$SubList                                 : loaded 2 times (x 205B)
Class org.gradle.util.internal.GUtil                                                  : loaded 2 times (x 68B)
Class com.google.common.collect.Iterators$MergingIterator                             : loaded 2 times (x 78B)
Class com.google.common.collect.RegularImmutableSet                                   : loaded 2 times (x 145B)
Class org.gradle.internal.installation.GradleInstallation                             : loaded 2 times (x 72B)
Class com.google.common.collect.Iterables                                             : loaded 2 times (x 68B)
Class com.google.common.base.Splitter$Strategy                                        : loaded 2 times (x 67B)

---------------  S Y S T E M  ---------------

OS:
 Windows 11 , 64 bit Build 26100 (10.0.26100.2454)
OS uptime: 5 days 8:23 hours
Hyper-V role detected

CPU: total 12 (initial active 12) (12 cores per cpu, 2 threads per core) family 25 model 80 stepping 0 microcode 0xa50000d, cx8, cmov, fxsr, ht, mmx, 3dnowpref, sse, sse2, sse3, ssse3, sse4a, sse4.1, sse4.2, popcnt, lzcnt, tsc, tscinvbit, avx, avx2, aes, erms, clmul, bmi1, bmi2, adx, sha, fma, vzeroupper, clflush, clflushopt, hv, rdtscp, rdpid, fsrm, f16c, cet_ss
Processor Information for all 12 processors :
  Max Mhz: 2000, Current Mhz: 2000, Mhz Limit: 2000

Memory: 4k page, system-wide physical 7532M (722M free)
TotalPageFile size 20032M (AvailPageFile size 2M)
current process WorkingSet (physical memory assigned to process): 370M, peak: 370M
current process commit charge ("private bytes"): 414M, peak: 416M

vm_info: OpenJDK 64-Bit Server VM (21.0.3+-12282718-b509.11) for windows-amd64 JRE (21.0.3+-12282718-b509.11), built on 2024-08-27T17:34:15Z by "builder" with MS VC++ 16.10 / 16.11 (VS2019)

END.
